<?xml version="1.0" encoding="utf-8"?>
<CoverageSession xmlns:xsd="http://www.w3.org/2001/XMLSchema" xmlns:xsi="http://www.w3.org/2001/XMLSchema-instance">
  <Summary numSequencePoints="524" visitedSequencePoints="445" numBranchPoints="187" visitedBranchPoints="144" sequenceCoverage="84.92" branchCoverage="77.01" maxCyclomaticComplexity="6" minCyclomaticComplexity="0" visitedClasses="9" numClasses="9" visitedMethods="79" numMethods="93" />
  <Modules>
    <Module skippedDueTo="Filter" hash="77-4F-9A-4C-09-29-60-46-23-FD-83-E9-79-2B-F5-77-B5-7F-46-94">
      <ModulePath>C:\WINDOWS\Microsoft.Net\assembly\GAC_32\mscorlib\v4.0_4.0.0.0__b77a5c561934e089\mscorlib.dll</ModulePath>
      <ModuleTime>2017-12-14T01:32:22.8510226Z</ModuleTime>
      <ModuleName>mscorlib</ModuleName>
      <Classes />
    </Module>
    <Module skippedDueTo="Filter" hash="55-83-E3-32-4B-18-B2-FF-55-E5-88-99-4B-6E-CF-ED-00-A1-18-65">
      <ModulePath>C:\Users\jsiedersberger\Documents\GitHub\Monopoly2.0\Monopoly\Test\bin\Debug\Test.exe</ModulePath>
      <ModuleTime>2018-04-10T13:56:57.7328685Z</ModuleTime>
      <ModuleName>Test</ModuleName>
      <Classes />
    </Module>
    <Module skippedDueTo="Filter" hash="6E-3E-EE-7E-B3-91-AE-F0-A6-19-79-5B-18-E9-B4-D0-B9-42-CB-38">
      <ModulePath>C:\Users\jsiedersberger\Documents\GitHub\Monopoly2.0\Monopoly\Test\bin\Debug\nunitlite.dll</ModulePath>
      <ModuleTime>2017-06-05T19:49:20Z</ModuleTime>
      <ModuleName>nunitlite</ModuleName>
      <Classes />
    </Module>
    <Module skippedDueTo="Filter" hash="DE-6F-4F-B5-38-CC-77-7B-8C-2C-DD-D4-82-02-87-E2-91-2C-AE-6A">
      <ModulePath>C:\Users\jsiedersberger\Documents\GitHub\Monopoly2.0\Monopoly\Test\bin\Debug\nunit.framework.dll</ModulePath>
      <ModuleTime>2017-06-05T19:49:20Z</ModuleTime>
      <ModuleName>nunit.framework</ModuleName>
      <Classes />
    </Module>
    <Module skippedDueTo="Filter" hash="CB-7B-C7-A0-09-0F-BA-F4-8A-02-A9-E9-2A-7B-43-34-93-46-0F-58">
      <ModulePath>C:\WINDOWS\Microsoft.Net\assembly\GAC_MSIL\System\v4.0_4.0.0.0__b77a5c561934e089\System.dll</ModulePath>
      <ModuleTime>2017-09-29T13:43:06.7717063Z</ModuleTime>
      <ModuleName>System</ModuleName>
      <Classes />
    </Module>
    <Module skippedDueTo="Filter" hash="4A-F4-16-E3-B7-42-DD-D3-EE-AC-F2-25-BE-F3-D2-88-B2-F6-A0-2F">
      <ModulePath>C:\WINDOWS\Microsoft.Net\assembly\GAC_MSIL\System.Core\v4.0_4.0.0.0__b77a5c561934e089\System.Core.dll</ModulePath>
      <ModuleTime>2017-12-14T01:32:22.8197739Z</ModuleTime>
      <ModuleName>System.Core</ModuleName>
      <Classes />
    </Module>
    <Module hash="AC-1A-5A-F9-F2-09-A7-86-EC-15-11-1F-CA-D7-DB-E6-50-EB-A5-28">
      <Summary numSequencePoints="524" visitedSequencePoints="445" numBranchPoints="187" visitedBranchPoints="144" sequenceCoverage="84.92" branchCoverage="77.01" maxCyclomaticComplexity="6" minCyclomaticComplexity="0" visitedClasses="9" numClasses="9" visitedMethods="79" numMethods="93" />
      <ModulePath>C:\Users\jsiedersberger\Documents\GitHub\Monopoly2.0\Monopoly\Test\bin\Debug\Monopoly.dll</ModulePath>
      <ModuleTime>2018-04-10T13:42:22.828368Z</ModuleTime>
      <ModuleName>Monopoly</ModuleName>
      <Files>
        <File uid="1" fullPath="C:\Users\jsiedersberger\Documents\GitHub\Monopoly2.0\Monopoly\Monopoly\BankruptException.cs" />
        <File uid="2" fullPath="C:\Users\jsiedersberger\Documents\GitHub\Monopoly2.0\Monopoly\Monopoly\FieldCreator.cs" />
        <File uid="4" fullPath="C:\Users\jsiedersberger\Documents\GitHub\Monopoly2.0\Monopoly\Monopoly\Game.cs" />
        <File uid="6" fullPath="C:\Users\jsiedersberger\Documents\GitHub\Monopoly2.0\Monopoly\Monopoly\NotEnoughMoneyException.cs" />
        <File uid="7" fullPath="C:\Users\jsiedersberger\Documents\GitHub\Monopoly2.0\Monopoly\Monopoly\Player.cs" />
        <File uid="8" fullPath="C:\Users\jsiedersberger\Documents\GitHub\Monopoly2.0\Monopoly\Monopoly\StartField.cs" />
        <File uid="9" fullPath="C:\Users\jsiedersberger\Documents\GitHub\Monopoly2.0\Monopoly\Monopoly\StreetField.cs" />
      </Files>
      <Classes>
        <Class>
          <Summary numSequencePoints="0" visitedSequencePoints="0" numBranchPoints="0" visitedBranchPoints="0" sequenceCoverage="0" branchCoverage="0" maxCyclomaticComplexity="0" minCyclomaticComplexity="0" visitedClasses="0" numClasses="0" visitedMethods="0" numMethods="0" />
          <FullName>&lt;Module&gt;</FullName>
          <Methods />
        </Class>
        <Class>
          <Summary numSequencePoints="9" visitedSequencePoints="3" numBranchPoints="3" visitedBranchPoints="1" sequenceCoverage="33.33" branchCoverage="33.33" maxCyclomaticComplexity="1" minCyclomaticComplexity="1" visitedClasses="1" numClasses="1" visitedMethods="1" numMethods="3" />
          <FullName>Monopoly.BankruptException</FullName>
          <Methods>
            <Method visited="true" cyclomaticComplexity="1" nPathComplexity="0" sequenceCoverage="100" branchCoverage="100" isConstructor="true" isStatic="false" isGetter="false" isSetter="false">
              <Summary numSequencePoints="3" visitedSequencePoints="3" numBranchPoints="1" visitedBranchPoints="1" sequenceCoverage="100" branchCoverage="100" maxCyclomaticComplexity="1" minCyclomaticComplexity="1" visitedClasses="0" numClasses="0" visitedMethods="1" numMethods="1" />
              <MetadataToken>100663297</MetadataToken>
              <Name>System.Void Monopoly.BankruptException::.ctor()</Name>
              <FileRef uid="1" />
              <SequencePoints>
                <SequencePoint vc="1" uspid="1" ordinal="0" offset="0" sl="11" sc="5" el="11" ec="31" bec="0" bev="0" fileid="1" />
                <SequencePoint vc="1" uspid="2" ordinal="1" offset="7" sl="12" sc="5" el="12" ec="6" bec="0" bev="0" fileid="1" />
                <SequencePoint vc="1" uspid="3" ordinal="2" offset="8" sl="13" sc="5" el="13" ec="6" bec="0" bev="0" fileid="1" />
              </SequencePoints>
              <BranchPoints />
              <MethodPoint xsi:type="SequencePoint" vc="1" uspid="1" ordinal="0" offset="0" sl="11" sc="5" el="11" ec="31" bec="0" bev="0" fileid="1" />
            </Method>
            <Method visited="false" cyclomaticComplexity="1" nPathComplexity="0" sequenceCoverage="0" branchCoverage="0" isConstructor="true" isStatic="false" isGetter="false" isSetter="false">
              <Summary numSequencePoints="3" visitedSequencePoints="0" numBranchPoints="1" visitedBranchPoints="0" sequenceCoverage="0" branchCoverage="0" maxCyclomaticComplexity="1" minCyclomaticComplexity="1" visitedClasses="0" numClasses="0" visitedMethods="0" numMethods="1" />
              <MetadataToken>100663298</MetadataToken>
              <Name>System.Void Monopoly.BankruptException::.ctor(System.String)</Name>
              <FileRef uid="1" />
              <SequencePoints>
                <SequencePoint vc="0" uspid="4" ordinal="0" offset="0" sl="16" sc="11" el="16" ec="24" bec="0" bev="0" fileid="1" />
                <SequencePoint vc="0" uspid="5" ordinal="1" offset="8" sl="17" sc="5" el="17" ec="6" bec="0" bev="0" fileid="1" />
                <SequencePoint vc="0" uspid="6" ordinal="2" offset="9" sl="18" sc="5" el="18" ec="6" bec="0" bev="0" fileid="1" />
              </SequencePoints>
              <BranchPoints />
              <MethodPoint xsi:type="SequencePoint" vc="0" uspid="4" ordinal="0" offset="0" sl="16" sc="11" el="16" ec="24" bec="0" bev="0" fileid="1" />
            </Method>
            <Method visited="false" cyclomaticComplexity="1" nPathComplexity="0" sequenceCoverage="0" branchCoverage="0" isConstructor="true" isStatic="false" isGetter="false" isSetter="false">
              <Summary numSequencePoints="3" visitedSequencePoints="0" numBranchPoints="1" visitedBranchPoints="0" sequenceCoverage="0" branchCoverage="0" maxCyclomaticComplexity="1" minCyclomaticComplexity="1" visitedClasses="0" numClasses="0" visitedMethods="0" numMethods="1" />
              <MetadataToken>100663299</MetadataToken>
              <Name>System.Void Monopoly.BankruptException::.ctor(System.String,System.Exception)</Name>
              <FileRef uid="1" />
              <SequencePoints>
                <SequencePoint vc="0" uspid="7" ordinal="0" offset="0" sl="21" sc="11" el="21" ec="31" bec="0" bev="0" fileid="1" />
                <SequencePoint vc="0" uspid="8" ordinal="1" offset="9" sl="22" sc="5" el="22" ec="6" bec="0" bev="0" fileid="1" />
                <SequencePoint vc="0" uspid="9" ordinal="2" offset="10" sl="23" sc="5" el="23" ec="6" bec="0" bev="0" fileid="1" />
              </SequencePoints>
              <BranchPoints />
              <MethodPoint xsi:type="SequencePoint" vc="0" uspid="7" ordinal="0" offset="0" sl="21" sc="11" el="21" ec="31" bec="0" bev="0" fileid="1" />
            </Method>
          </Methods>
        </Class>
        <Class>
          <Summary numSequencePoints="36" visitedSequencePoints="36" numBranchPoints="1" visitedBranchPoints="1" sequenceCoverage="100" branchCoverage="100" maxCyclomaticComplexity="1" minCyclomaticComplexity="1" visitedClasses="1" numClasses="1" visitedMethods="1" numMethods="1" />
          <FullName>Monopoly.FieldNames</FullName>
          <Methods>
            <Method visited="true" cyclomaticComplexity="1" nPathComplexity="0" sequenceCoverage="100" branchCoverage="100" isConstructor="true" isStatic="true" isGetter="false" isSetter="false">
              <Summary numSequencePoints="36" visitedSequencePoints="36" numBranchPoints="1" visitedBranchPoints="1" sequenceCoverage="100" branchCoverage="100" maxCyclomaticComplexity="1" minCyclomaticComplexity="1" visitedClasses="0" numClasses="0" visitedMethods="1" numMethods="1" />
              <MetadataToken>100663300</MetadataToken>
              <Name>System.Void Monopoly.FieldNames::.cctor()</Name>
              <FileRef uid="2" />
              <SequencePoints>
                <SequencePoint vc="1" uspid="10" ordinal="0" offset="0" sl="14" sc="5" el="14" ec="56" bec="0" bev="0" fileid="2" />
                <SequencePoint vc="1" uspid="11" ordinal="1" offset="10" sl="15" sc="5" el="15" ec="63" bec="0" bev="0" fileid="2" />
                <SequencePoint vc="1" uspid="12" ordinal="2" offset="20" sl="16" sc="5" el="16" ec="68" bec="0" bev="0" fileid="2" />
                <SequencePoint vc="1" uspid="13" ordinal="3" offset="30" sl="17" sc="5" el="17" ec="53" bec="0" bev="0" fileid="2" />
                <SequencePoint vc="1" uspid="14" ordinal="4" offset="40" sl="18" sc="5" el="18" ec="63" bec="0" bev="0" fileid="2" />
                <SequencePoint vc="1" uspid="15" ordinal="5" offset="50" sl="19" sc="5" el="19" ec="49" bec="0" bev="0" fileid="2" />
                <SequencePoint vc="1" uspid="16" ordinal="6" offset="60" sl="20" sc="5" el="20" ec="51" bec="0" bev="0" fileid="2" />
                <SequencePoint vc="1" uspid="17" ordinal="7" offset="70" sl="21" sc="5" el="21" ec="66" bec="0" bev="0" fileid="2" />
                <SequencePoint vc="1" uspid="18" ordinal="8" offset="80" sl="22" sc="5" el="22" ec="51" bec="0" bev="0" fileid="2" />
                <SequencePoint vc="1" uspid="19" ordinal="9" offset="90" sl="23" sc="5" el="23" ec="67" bec="0" bev="0" fileid="2" />
                <SequencePoint vc="1" uspid="20" ordinal="10" offset="100" sl="24" sc="5" el="24" ec="53" bec="0" bev="0" fileid="2" />
                <SequencePoint vc="1" uspid="21" ordinal="11" offset="110" sl="25" sc="5" el="25" ec="44" bec="0" bev="0" fileid="2" />
                <SequencePoint vc="1" uspid="22" ordinal="12" offset="120" sl="26" sc="5" el="26" ec="55" bec="0" bev="0" fileid="2" />
                <SequencePoint vc="1" uspid="23" ordinal="13" offset="130" sl="27" sc="5" el="27" ec="63" bec="0" bev="0" fileid="2" />
                <SequencePoint vc="1" uspid="24" ordinal="14" offset="140" sl="28" sc="5" el="28" ec="63" bec="0" bev="0" fileid="2" />
                <SequencePoint vc="1" uspid="25" ordinal="15" offset="150" sl="29" sc="5" el="29" ec="62" bec="0" bev="0" fileid="2" />
                <SequencePoint vc="1" uspid="26" ordinal="16" offset="160" sl="30" sc="5" el="30" ec="52" bec="0" bev="0" fileid="2" />
                <SequencePoint vc="1" uspid="27" ordinal="17" offset="170" sl="31" sc="5" el="31" ec="57" bec="0" bev="0" fileid="2" />
                <SequencePoint vc="1" uspid="28" ordinal="18" offset="180" sl="32" sc="5" el="32" ec="57" bec="0" bev="0" fileid="2" />
                <SequencePoint vc="1" uspid="29" ordinal="19" offset="190" sl="33" sc="5" el="33" ec="53" bec="0" bev="0" fileid="2" />
                <SequencePoint vc="1" uspid="30" ordinal="20" offset="200" sl="34" sc="5" el="34" ec="49" bec="0" bev="0" fileid="2" />
                <SequencePoint vc="1" uspid="31" ordinal="21" offset="210" sl="35" sc="5" el="35" ec="46" bec="0" bev="0" fileid="2" />
                <SequencePoint vc="1" uspid="32" ordinal="22" offset="220" sl="37" sc="5" el="37" ec="60" bec="0" bev="0" fileid="2" />
                <SequencePoint vc="1" uspid="33" ordinal="23" offset="230" sl="38" sc="5" el="38" ec="67" bec="0" bev="0" fileid="2" />
                <SequencePoint vc="1" uspid="34" ordinal="24" offset="240" sl="39" sc="5" el="39" ec="65" bec="0" bev="0" fileid="2" />
                <SequencePoint vc="1" uspid="35" ordinal="25" offset="250" sl="40" sc="5" el="40" ec="65" bec="0" bev="0" fileid="2" />
                <SequencePoint vc="1" uspid="36" ordinal="26" offset="260" sl="42" sc="5" el="42" ec="53" bec="0" bev="0" fileid="2" />
                <SequencePoint vc="1" uspid="37" ordinal="27" offset="270" sl="43" sc="5" el="43" ec="59" bec="0" bev="0" fileid="2" />
                <SequencePoint vc="1" uspid="38" ordinal="28" offset="280" sl="45" sc="5" el="45" ec="61" bec="0" bev="0" fileid="2" />
                <SequencePoint vc="1" uspid="39" ordinal="29" offset="290" sl="46" sc="5" el="46" ec="44" bec="0" bev="0" fileid="2" />
                <SequencePoint vc="1" uspid="40" ordinal="30" offset="300" sl="47" sc="5" el="47" ec="50" bec="0" bev="0" fileid="2" />
                <SequencePoint vc="1" uspid="41" ordinal="31" offset="310" sl="48" sc="5" el="48" ec="55" bec="0" bev="0" fileid="2" />
                <SequencePoint vc="1" uspid="42" ordinal="32" offset="320" sl="49" sc="5" el="49" ec="40" bec="0" bev="0" fileid="2" />
                <SequencePoint vc="1" uspid="43" ordinal="33" offset="330" sl="51" sc="5" el="51" ec="49" bec="0" bev="0" fileid="2" />
                <SequencePoint vc="1" uspid="44" ordinal="34" offset="340" sl="52" sc="5" el="52" ec="51" bec="0" bev="0" fileid="2" />
                <SequencePoint vc="1" uspid="45" ordinal="35" offset="350" sl="54" sc="5" el="54" ec="42" bec="0" bev="0" fileid="2" />
              </SequencePoints>
              <BranchPoints />
              <MethodPoint xsi:type="SequencePoint" vc="1" uspid="10" ordinal="0" offset="0" sl="14" sc="5" el="14" ec="56" bec="0" bev="0" fileid="2" />
            </Method>
          </Methods>
        </Class>
        <Class>
          <Summary numSequencePoints="18" visitedSequencePoints="18" numBranchPoints="6" visitedBranchPoints="6" sequenceCoverage="100" branchCoverage="100" maxCyclomaticComplexity="1" minCyclomaticComplexity="1" visitedClasses="1" numClasses="1" visitedMethods="6" numMethods="6" />
          <FullName>Monopoly.FieldCreator</FullName>
          <Methods>
            <Method visited="true" cyclomaticComplexity="1" nPathComplexity="0" sequenceCoverage="100" branchCoverage="100" isConstructor="false" isStatic="true" isGetter="false" isSetter="false">
              <Summary numSequencePoints="3" visitedSequencePoints="3" numBranchPoints="1" visitedBranchPoints="1" sequenceCoverage="100" branchCoverage="100" maxCyclomaticComplexity="1" minCyclomaticComplexity="1" visitedClasses="0" numClasses="0" visitedMethods="1" numMethods="1" />
              <MetadataToken>100663301</MetadataToken>
              <Name>Monopoly.IField[] Monopoly.FieldCreator::Create(Monopoly.Game)</Name>
              <FileRef uid="2" />
              <SequencePoints>
                <SequencePoint vc="16" uspid="46" ordinal="0" offset="0" sl="78" sc="5" el="78" ec="6" bec="0" bev="0" fileid="2" />
                <SequencePoint vc="16" uspid="47" ordinal="1" offset="1" sl="79" sc="7" el="87" ec="9" bec="0" bev="0" fileid="2" />
                <SequencePoint vc="16" uspid="48" ordinal="2" offset="55" sl="88" sc="5" el="88" ec="6" bec="0" bev="0" fileid="2" />
              </SequencePoints>
              <BranchPoints />
              <MethodPoint xsi:type="SequencePoint" vc="16" uspid="46" ordinal="0" offset="0" sl="78" sc="5" el="78" ec="6" bec="0" bev="0" fileid="2" />
            </Method>
            <Method visited="true" cyclomaticComplexity="1" nPathComplexity="0" sequenceCoverage="100" branchCoverage="100" isConstructor="false" isStatic="true" isGetter="false" isSetter="false">
              <Summary numSequencePoints="3" visitedSequencePoints="3" numBranchPoints="1" visitedBranchPoints="1" sequenceCoverage="100" branchCoverage="100" maxCyclomaticComplexity="1" minCyclomaticComplexity="1" visitedClasses="0" numClasses="0" visitedMethods="1" numMethods="1" />
              <MetadataToken>100663302</MetadataToken>
              <Name>Monopoly.StartField Monopoly.FieldCreator::CreateStartField(Monopoly.Game)</Name>
              <FileRef uid="2" />
              <SequencePoints>
                <SequencePoint vc="16" uspid="49" ordinal="0" offset="0" sl="91" sc="5" el="91" ec="6" bec="0" bev="0" fileid="2" />
                <SequencePoint vc="16" uspid="50" ordinal="1" offset="1" sl="92" sc="7" el="92" ec="52" bec="0" bev="0" fileid="2" />
                <SequencePoint vc="16" uspid="51" ordinal="2" offset="15" sl="93" sc="5" el="93" ec="6" bec="0" bev="0" fileid="2" />
              </SequencePoints>
              <BranchPoints />
              <MethodPoint xsi:type="SequencePoint" vc="16" uspid="49" ordinal="0" offset="0" sl="91" sc="5" el="91" ec="6" bec="0" bev="0" fileid="2" />
            </Method>
            <Method visited="true" cyclomaticComplexity="1" nPathComplexity="0" sequenceCoverage="100" branchCoverage="100" isConstructor="false" isStatic="true" isGetter="false" isSetter="false">
              <Summary numSequencePoints="3" visitedSequencePoints="3" numBranchPoints="1" visitedBranchPoints="1" sequenceCoverage="100" branchCoverage="100" maxCyclomaticComplexity="1" minCyclomaticComplexity="1" visitedClasses="0" numClasses="0" visitedMethods="1" numMethods="1" />
              <MetadataToken>100663303</MetadataToken>
              <Name>Monopoly.IRentableField Monopoly.FieldCreator::CreateOldKentRoad(Monopoly.Game)</Name>
              <FileRef uid="2" />
              <SequencePoints>
                <SequencePoint vc="16" uspid="52" ordinal="0" offset="0" sl="96" sc="5" el="96" ec="6" bec="0" bev="0" fileid="2" />
                <SequencePoint vc="16" uspid="53" ordinal="1" offset="1" sl="97" sc="7" el="103" ec="10" bec="0" bev="0" fileid="2" />
                <SequencePoint vc="16" uspid="54" ordinal="2" offset="70" sl="104" sc="5" el="104" ec="6" bec="0" bev="0" fileid="2" />
              </SequencePoints>
              <BranchPoints />
              <MethodPoint xsi:type="SequencePoint" vc="16" uspid="52" ordinal="0" offset="0" sl="96" sc="5" el="96" ec="6" bec="0" bev="0" fileid="2" />
            </Method>
            <Method visited="true" cyclomaticComplexity="1" nPathComplexity="0" sequenceCoverage="100" branchCoverage="100" isConstructor="false" isStatic="true" isGetter="false" isSetter="false">
              <Summary numSequencePoints="3" visitedSequencePoints="3" numBranchPoints="1" visitedBranchPoints="1" sequenceCoverage="100" branchCoverage="100" maxCyclomaticComplexity="1" minCyclomaticComplexity="1" visitedClasses="0" numClasses="0" visitedMethods="1" numMethods="1" />
              <MetadataToken>100663304</MetadataToken>
              <Name>Monopoly.StreetField Monopoly.FieldCreator::CreateWhiteChapelRoad(Monopoly.Game)</Name>
              <FileRef uid="2" />
              <SequencePoints>
                <SequencePoint vc="16" uspid="55" ordinal="0" offset="0" sl="107" sc="5" el="107" ec="6" bec="0" bev="0" fileid="2" />
                <SequencePoint vc="16" uspid="56" ordinal="1" offset="1" sl="108" sc="7" el="114" ec="10" bec="0" bev="0" fileid="2" />
                <SequencePoint vc="16" uspid="57" ordinal="2" offset="70" sl="115" sc="5" el="115" ec="6" bec="0" bev="0" fileid="2" />
              </SequencePoints>
              <BranchPoints />
              <MethodPoint xsi:type="SequencePoint" vc="16" uspid="55" ordinal="0" offset="0" sl="107" sc="5" el="107" ec="6" bec="0" bev="0" fileid="2" />
            </Method>
            <Method visited="true" cyclomaticComplexity="1" nPathComplexity="0" sequenceCoverage="100" branchCoverage="100" isConstructor="false" isStatic="true" isGetter="false" isSetter="false">
              <Summary numSequencePoints="3" visitedSequencePoints="3" numBranchPoints="1" visitedBranchPoints="1" sequenceCoverage="100" branchCoverage="100" maxCyclomaticComplexity="1" minCyclomaticComplexity="1" visitedClasses="0" numClasses="0" visitedMethods="1" numMethods="1" />
              <MetadataToken>100663305</MetadataToken>
              <Name>Monopoly.StreetField Monopoly.FieldCreator::CreateParkLane(Monopoly.Game)</Name>
              <FileRef uid="2" />
              <SequencePoints>
                <SequencePoint vc="16" uspid="58" ordinal="0" offset="0" sl="118" sc="5" el="118" ec="6" bec="0" bev="0" fileid="2" />
                <SequencePoint vc="16" uspid="59" ordinal="1" offset="1" sl="119" sc="7" el="125" ec="10" bec="0" bev="0" fileid="2" />
                <SequencePoint vc="16" uspid="60" ordinal="2" offset="79" sl="126" sc="5" el="126" ec="6" bec="0" bev="0" fileid="2" />
              </SequencePoints>
              <BranchPoints />
              <MethodPoint xsi:type="SequencePoint" vc="16" uspid="58" ordinal="0" offset="0" sl="118" sc="5" el="118" ec="6" bec="0" bev="0" fileid="2" />
            </Method>
            <Method visited="true" cyclomaticComplexity="1" nPathComplexity="0" sequenceCoverage="100" branchCoverage="100" isConstructor="false" isStatic="true" isGetter="false" isSetter="false">
              <Summary numSequencePoints="3" visitedSequencePoints="3" numBranchPoints="1" visitedBranchPoints="1" sequenceCoverage="100" branchCoverage="100" maxCyclomaticComplexity="1" minCyclomaticComplexity="1" visitedClasses="0" numClasses="0" visitedMethods="1" numMethods="1" />
              <MetadataToken>100663306</MetadataToken>
              <Name>Monopoly.StreetField Monopoly.FieldCreator::CreateMayfair(Monopoly.Game)</Name>
              <FileRef uid="2" />
              <SequencePoints>
                <SequencePoint vc="16" uspid="61" ordinal="0" offset="0" sl="129" sc="5" el="129" ec="6" bec="0" bev="0" fileid="2" />
                <SequencePoint vc="16" uspid="62" ordinal="1" offset="1" sl="130" sc="7" el="136" ec="10" bec="0" bev="0" fileid="2" />
                <SequencePoint vc="16" uspid="63" ordinal="2" offset="79" sl="137" sc="5" el="137" ec="6" bec="0" bev="0" fileid="2" />
              </SequencePoints>
              <BranchPoints />
              <MethodPoint xsi:type="SequencePoint" vc="16" uspid="61" ordinal="0" offset="0" sl="129" sc="5" el="129" ec="6" bec="0" bev="0" fileid="2" />
            </Method>
            <Method visited="false" cyclomaticComplexity="1" nPathComplexity="0" sequenceCoverage="0" branchCoverage="0" isConstructor="true" isStatic="false" isGetter="false" isSetter="false">
              <Summary numSequencePoints="0" visitedSequencePoints="0" numBranchPoints="0" visitedBranchPoints="0" sequenceCoverage="0" branchCoverage="0" maxCyclomaticComplexity="1" minCyclomaticComplexity="1" visitedClasses="0" numClasses="0" visitedMethods="0" numMethods="0" />
              <MetadataToken>100663307</MetadataToken>
              <Name>System.Void Monopoly.FieldCreator::.ctor()</Name>
              <SequencePoints />
              <BranchPoints />
              <MethodPoint vc="0" uspid="64" ordinal="0" offset="0" />
            </Method>
          </Methods>
        </Class>
        <Class>
          <Summary numSequencePoints="272" visitedSequencePoints="218" numBranchPoints="73" visitedBranchPoints="46" sequenceCoverage="80.15" branchCoverage="63.01" maxCyclomaticComplexity="6" minCyclomaticComplexity="1" visitedClasses="1" numClasses="1" visitedMethods="27" numMethods="33" />
          <FullName>Monopoly.Game</FullName>
          <Methods>
            <Method visited="true" cyclomaticComplexity="1" nPathComplexity="0" sequenceCoverage="100" branchCoverage="100" isConstructor="false" isStatic="false" isGetter="true" isSetter="false">
              <Summary numSequencePoints="1" visitedSequencePoints="1" numBranchPoints="1" visitedBranchPoints="1" sequenceCoverage="100" branchCoverage="100" maxCyclomaticComplexity="1" minCyclomaticComplexity="1" visitedClasses="0" numClasses="0" visitedMethods="1" numMethods="1" />
              <MetadataToken>100663308</MetadataToken>
              <Name>Monopoly.Player Monopoly.Game::get_CurrentPlayer()</Name>
              <FileRef uid="4" />
              <SequencePoints>
                <SequencePoint vc="8" uspid="65" ordinal="0" offset="0" sl="19" sc="35" el="19" ec="39" bec="0" bev="0" fileid="4" />
              </SequencePoints>
              <BranchPoints />
              <MethodPoint xsi:type="SequencePoint" vc="8" uspid="65" ordinal="0" offset="0" sl="19" sc="35" el="19" ec="39" bec="0" bev="0" fileid="4" />
            </Method>
            <Method visited="true" cyclomaticComplexity="1" nPathComplexity="0" sequenceCoverage="100" branchCoverage="100" isConstructor="false" isStatic="false" isGetter="false" isSetter="true">
              <Summary numSequencePoints="1" visitedSequencePoints="1" numBranchPoints="1" visitedBranchPoints="1" sequenceCoverage="100" branchCoverage="100" maxCyclomaticComplexity="1" minCyclomaticComplexity="1" visitedClasses="0" numClasses="0" visitedMethods="1" numMethods="1" />
              <MetadataToken>100663309</MetadataToken>
              <Name>System.Void Monopoly.Game::set_CurrentPlayer(Monopoly.Player)</Name>
              <FileRef uid="4" />
              <SequencePoints>
                <SequencePoint vc="20" uspid="66" ordinal="0" offset="0" sl="19" sc="40" el="19" ec="52" bec="0" bev="0" fileid="4" />
              </SequencePoints>
              <BranchPoints />
              <MethodPoint xsi:type="SequencePoint" vc="20" uspid="66" ordinal="0" offset="0" sl="19" sc="40" el="19" ec="52" bec="0" bev="0" fileid="4" />
            </Method>
            <Method visited="true" cyclomaticComplexity="1" nPathComplexity="0" sequenceCoverage="100" branchCoverage="100" isConstructor="false" isStatic="false" isGetter="true" isSetter="false">
              <Summary numSequencePoints="3" visitedSequencePoints="3" numBranchPoints="1" visitedBranchPoints="1" sequenceCoverage="100" branchCoverage="100" maxCyclomaticComplexity="1" minCyclomaticComplexity="1" visitedClasses="0" numClasses="0" visitedMethods="1" numMethods="1" />
              <MetadataToken>100663310</MetadataToken>
              <Name>System.Collections.Generic.IReadOnlyDictionary`2&lt;Monopoly.Player,System.Int32&gt; Monopoly.Game::get_PlayerPos()</Name>
              <FileRef uid="4" />
              <SequencePoints>
                <SequencePoint vc="3" uspid="67" ordinal="0" offset="0" sl="23" sc="11" el="23" ec="12" bec="0" bev="0" fileid="4" />
                <SequencePoint vc="3" uspid="68" ordinal="1" offset="1" sl="23" sc="13" el="23" ec="37" bec="0" bev="0" fileid="4" />
                <SequencePoint vc="3" uspid="69" ordinal="2" offset="10" sl="23" sc="38" el="23" ec="39" bec="0" bev="0" fileid="4" />
              </SequencePoints>
              <BranchPoints />
              <MethodPoint xsi:type="SequencePoint" vc="3" uspid="67" ordinal="0" offset="0" sl="23" sc="11" el="23" ec="12" bec="0" bev="0" fileid="4" />
            </Method>
            <Method visited="true" cyclomaticComplexity="1" nPathComplexity="0" sequenceCoverage="100" branchCoverage="100" isConstructor="false" isStatic="false" isGetter="true" isSetter="false">
              <Summary numSequencePoints="3" visitedSequencePoints="3" numBranchPoints="1" visitedBranchPoints="1" sequenceCoverage="100" branchCoverage="100" maxCyclomaticComplexity="1" minCyclomaticComplexity="1" visitedClasses="0" numClasses="0" visitedMethods="1" numMethods="1" />
              <MetadataToken>100663311</MetadataToken>
              <Name>System.Collections.Generic.IReadOnlyList`1&lt;Monopoly.Player&gt; Monopoly.Game::get_Players()</Name>
              <FileRef uid="4" />
              <SequencePoints>
                <SequencePoint vc="91" uspid="70" ordinal="0" offset="0" sl="28" sc="11" el="28" ec="12" bec="0" bev="0" fileid="4" />
                <SequencePoint vc="91" uspid="71" ordinal="1" offset="1" sl="28" sc="13" el="28" ec="29" bec="0" bev="0" fileid="4" />
                <SequencePoint vc="91" uspid="72" ordinal="2" offset="10" sl="28" sc="30" el="28" ec="31" bec="0" bev="0" fileid="4" />
              </SequencePoints>
              <BranchPoints />
              <MethodPoint xsi:type="SequencePoint" vc="91" uspid="70" ordinal="0" offset="0" sl="28" sc="11" el="28" ec="12" bec="0" bev="0" fileid="4" />
            </Method>
            <Method visited="true" cyclomaticComplexity="1" nPathComplexity="0" sequenceCoverage="100" branchCoverage="100" isConstructor="false" isStatic="false" isGetter="true" isSetter="false">
              <Summary numSequencePoints="3" visitedSequencePoints="3" numBranchPoints="1" visitedBranchPoints="1" sequenceCoverage="100" branchCoverage="100" maxCyclomaticComplexity="1" minCyclomaticComplexity="1" visitedClasses="0" numClasses="0" visitedMethods="1" numMethods="1" />
              <MetadataToken>100663312</MetadataToken>
              <Name>System.Collections.Generic.IReadOnlyList`1&lt;Monopoly.IField&gt; Monopoly.Game::get_Fields()</Name>
              <FileRef uid="4" />
              <SequencePoints>
                <SequencePoint vc="31" uspid="73" ordinal="0" offset="0" sl="33" sc="11" el="33" ec="12" bec="0" bev="0" fileid="4" />
                <SequencePoint vc="31" uspid="74" ordinal="1" offset="1" sl="33" sc="13" el="33" ec="28" bec="0" bev="0" fileid="4" />
                <SequencePoint vc="31" uspid="75" ordinal="2" offset="10" sl="33" sc="29" el="33" ec="30" bec="0" bev="0" fileid="4" />
              </SequencePoints>
              <BranchPoints />
              <MethodPoint xsi:type="SequencePoint" vc="31" uspid="73" ordinal="0" offset="0" sl="33" sc="11" el="33" ec="12" bec="0" bev="0" fileid="4" />
            </Method>
            <Method visited="false" cyclomaticComplexity="1" nPathComplexity="0" sequenceCoverage="0" branchCoverage="0" isConstructor="false" isStatic="false" isGetter="true" isSetter="false">
              <Summary numSequencePoints="3" visitedSequencePoints="0" numBranchPoints="1" visitedBranchPoints="0" sequenceCoverage="0" branchCoverage="0" maxCyclomaticComplexity="1" minCyclomaticComplexity="1" visitedClasses="0" numClasses="0" visitedMethods="0" numMethods="1" />
              <MetadataToken>100663313</MetadataToken>
              <Name>System.Collections.Generic.IReadOnlyList`1&lt;Monopoly.IField&gt; Monopoly.Game::get_RentableFields()</Name>
              <FileRef uid="4" />
              <SequencePoints>
                <SequencePoint vc="0" uspid="76" ordinal="0" offset="0" sl="38" sc="11" el="38" ec="12" bec="0" bev="0" fileid="4" />
                <SequencePoint vc="0" uspid="77" ordinal="1" offset="1" sl="38" sc="13" el="38" ec="45" bec="0" bev="0" fileid="4" />
                <SequencePoint vc="0" uspid="78" ordinal="2" offset="15" sl="38" sc="46" el="38" ec="47" bec="0" bev="0" fileid="4" />
              </SequencePoints>
              <BranchPoints />
              <MethodPoint xsi:type="SequencePoint" vc="0" uspid="76" ordinal="0" offset="0" sl="38" sc="11" el="38" ec="12" bec="0" bev="0" fileid="4" />
            </Method>
            <Method visited="true" cyclomaticComplexity="1" nPathComplexity="0" sequenceCoverage="100" branchCoverage="100" isConstructor="false" isStatic="false" isGetter="true" isSetter="false">
              <Summary numSequencePoints="3" visitedSequencePoints="3" numBranchPoints="1" visitedBranchPoints="1" sequenceCoverage="100" branchCoverage="100" maxCyclomaticComplexity="1" minCyclomaticComplexity="1" visitedClasses="0" numClasses="0" visitedMethods="1" numMethods="1" />
              <MetadataToken>100663334</MetadataToken>
              <Name>System.Collections.Generic.IReadOnlyList`1&lt;Monopoly.IRentableField&gt; Monopoly.Game::get_AuctionFields()</Name>
              <FileRef uid="4" />
              <SequencePoints>
                <SequencePoint vc="1" uspid="79" ordinal="0" offset="0" sl="251" sc="11" el="251" ec="12" bec="0" bev="0" fileid="4" />
                <SequencePoint vc="1" uspid="80" ordinal="1" offset="1" sl="251" sc="13" el="251" ec="29" bec="0" bev="0" fileid="4" />
                <SequencePoint vc="1" uspid="81" ordinal="2" offset="10" sl="251" sc="30" el="251" ec="31" bec="0" bev="0" fileid="4" />
              </SequencePoints>
              <BranchPoints />
              <MethodPoint xsi:type="SequencePoint" vc="1" uspid="79" ordinal="0" offset="0" sl="251" sc="11" el="251" ec="12" bec="0" bev="0" fileid="4" />
            </Method>
            <Method visited="false" cyclomaticComplexity="1" nPathComplexity="0" sequenceCoverage="0" branchCoverage="0" isConstructor="false" isStatic="false" isGetter="false" isSetter="false">
              <Summary numSequencePoints="3" visitedSequencePoints="0" numBranchPoints="1" visitedBranchPoints="0" sequenceCoverage="0" branchCoverage="0" maxCyclomaticComplexity="1" minCyclomaticComplexity="1" visitedClasses="0" numClasses="0" visitedMethods="0" numMethods="1" />
              <MetadataToken>100663314</MetadataToken>
              <Name>System.Collections.Generic.IReadOnlyList`1&lt;System.Int32&gt; Monopoly.Game::GetLastThrow(Monopoly.Player)</Name>
              <FileRef uid="4" />
              <SequencePoints>
                <SequencePoint vc="0" uspid="82" ordinal="0" offset="0" sl="42" sc="5" el="42" ec="6" bec="0" bev="0" fileid="4" />
                <SequencePoint vc="0" uspid="83" ordinal="1" offset="1" sl="43" sc="7" el="43" ec="85" bec="0" bev="0" fileid="4" />
                <SequencePoint vc="0" uspid="84" ordinal="2" offset="45" sl="44" sc="5" el="44" ec="6" bec="0" bev="0" fileid="4" />
              </SequencePoints>
              <BranchPoints />
              <MethodPoint xsi:type="SequencePoint" vc="0" uspid="82" ordinal="0" offset="0" sl="42" sc="5" el="42" ec="6" bec="0" bev="0" fileid="4" />
            </Method>
            <Method visited="true" cyclomaticComplexity="6" nPathComplexity="0" sequenceCoverage="100" branchCoverage="100" isConstructor="true" isStatic="false" isGetter="false" isSetter="false">
              <Summary numSequencePoints="31" visitedSequencePoints="31" numBranchPoints="1" visitedBranchPoints="1" sequenceCoverage="100" branchCoverage="100" maxCyclomaticComplexity="6" minCyclomaticComplexity="6" visitedClasses="0" numClasses="0" visitedMethods="1" numMethods="1" />
              <MetadataToken>100663315</MetadataToken>
              <Name>System.Void Monopoly.Game::.ctor(Monopoly.Player[])</Name>
              <FileRef uid="4" />
              <SequencePoints>
                <SequencePoint vc="16" uspid="85" ordinal="0" offset="0" sl="13" sc="5" el="13" ec="86" bec="0" bev="0" fileid="4" />
                <SequencePoint vc="16" uspid="86" ordinal="1" offset="11" sl="14" sc="5" el="14" ec="97" bec="0" bev="0" fileid="4" />
                <SequencePoint vc="16" uspid="87" ordinal="2" offset="22" sl="15" sc="5" el="15" ec="62" bec="0" bev="0" fileid="4" />
                <SequencePoint vc="16" uspid="88" ordinal="3" offset="33" sl="248" sc="5" el="248" ec="72" bec="0" bev="0" fileid="4" />
                <SequencePoint vc="16" uspid="89" ordinal="4" offset="44" sl="46" sc="5" el="46" ec="34" bec="0" bev="0" fileid="4" />
                <SequencePoint vc="16" uspid="90" ordinal="5" offset="51" sl="47" sc="5" el="47" ec="6" bec="0" bev="0" fileid="4" />
                <SequencePoint vc="16" uspid="91" ordinal="6" offset="52" sl="48" sc="7" el="48" ec="35" bec="0" bev="0" fileid="4" />
                <SequencePoint vc="16" uspid="92" ordinal="7" offset="64" sl="49" sc="7" el="49" ec="43" bec="0" bev="0" fileid="4" />
                <SequencePoint vc="16" uspid="93" ordinal="8" offset="76" sl="50" sc="7" el="50" ec="65" bec="0" bev="0" fileid="4" />
                <SequencePoint vc="16" uspid="94" ordinal="9" offset="124" sl="51" sc="7" el="51" ec="14" bec="0" bev="0" fileid="4" />
                <SequencePoint vc="16" uspid="95" ordinal="10" offset="125" sl="51" sc="33" el="51" ec="41" bec="0" bev="0" fileid="4" />
                <SequencePoint vc="32" uspid="96" ordinal="11" offset="139" sl="51" sc="16" el="51" ec="29" bec="0" bev="0" fileid="4" />
                <SequencePoint vc="32" uspid="97" ordinal="12" offset="147" sl="52" sc="9" el="52" ec="38" bec="0" bev="0" fileid="4" />
                <SequencePoint vc="48" uspid="98" ordinal="13" offset="160" sl="51" sc="30" el="51" ec="32" bec="0" bev="0" fileid="4" />
                <SequencePoint vc="16" uspid="99" ordinal="14" offset="186" sl="53" sc="7" el="53" ec="14" bec="0" bev="0" fileid="4" />
                <SequencePoint vc="16" uspid="100" ordinal="15" offset="187" sl="53" sc="33" el="53" ec="41" bec="0" bev="0" fileid="4" />
                <SequencePoint vc="32" uspid="101" ordinal="16" offset="201" sl="53" sc="16" el="53" ec="29" bec="0" bev="0" fileid="4" />
                <SequencePoint vc="32" uspid="102" ordinal="17" offset="209" sl="54" sc="9" el="54" ec="41" bec="0" bev="0" fileid="4" />
                <SequencePoint vc="48" uspid="103" ordinal="18" offset="223" sl="53" sc="30" el="53" ec="32" bec="0" bev="0" fileid="4" />
                <SequencePoint vc="16" uspid="104" ordinal="19" offset="249" sl="55" sc="7" el="55" ec="14" bec="0" bev="0" fileid="4" />
                <SequencePoint vc="16" uspid="105" ordinal="20" offset="250" sl="55" sc="33" el="55" ec="41" bec="0" bev="0" fileid="4" />
                <SequencePoint vc="32" uspid="106" ordinal="21" offset="265" sl="55" sc="16" el="55" ec="29" bec="0" bev="0" fileid="4" />
                <SequencePoint vc="32" uspid="107" ordinal="22" offset="274" sl="56" sc="9" el="56" ec="52" bec="0" bev="0" fileid="4" />
                <SequencePoint vc="48" uspid="108" ordinal="23" offset="293" sl="55" sc="30" el="55" ec="32" bec="0" bev="0" fileid="4" />
                <SequencePoint vc="16" uspid="109" ordinal="24" offset="319" sl="57" sc="7" el="57" ec="14" bec="0" bev="0" fileid="4" />
                <SequencePoint vc="16" uspid="110" ordinal="25" offset="320" sl="57" sc="33" el="57" ec="41" bec="0" bev="0" fileid="4" />
                <SequencePoint vc="32" uspid="111" ordinal="26" offset="335" sl="57" sc="16" el="57" ec="29" bec="0" bev="0" fileid="4" />
                <SequencePoint vc="32" uspid="112" ordinal="27" offset="344" sl="58" sc="9" el="58" ec="30" bec="0" bev="0" fileid="4" />
                <SequencePoint vc="48" uspid="113" ordinal="28" offset="353" sl="57" sc="30" el="57" ec="32" bec="0" bev="0" fileid="4" />
                <SequencePoint vc="16" uspid="114" ordinal="29" offset="379" sl="59" sc="7" el="59" ec="44" bec="0" bev="0" fileid="4" />
                <SequencePoint vc="16" uspid="115" ordinal="30" offset="397" sl="60" sc="5" el="60" ec="6" bec="0" bev="0" fileid="4" />
              </SequencePoints>
              <BranchPoints />
              <MethodPoint xsi:type="SequencePoint" vc="16" uspid="85" ordinal="0" offset="0" sl="13" sc="5" el="13" ec="86" bec="0" bev="0" fileid="4" />
            </Method>
            <Method visited="true" cyclomaticComplexity="1" nPathComplexity="0" sequenceCoverage="100" branchCoverage="100" isConstructor="false" isStatic="false" isGetter="false" isSetter="false">
              <Summary numSequencePoints="5" visitedSequencePoints="5" numBranchPoints="1" visitedBranchPoints="1" sequenceCoverage="100" branchCoverage="100" maxCyclomaticComplexity="1" minCyclomaticComplexity="1" visitedClasses="0" numClasses="0" visitedMethods="1" numMethods="1" />
              <MetadataToken>100663316</MetadataToken>
              <Name>System.Void Monopoly.Game::NextPlayer()</Name>
              <FileRef uid="4" />
              <SequencePoints>
                <SequencePoint vc="4" uspid="126" ordinal="0" offset="0" sl="63" sc="5" el="63" ec="6" bec="0" bev="0" fileid="4" />
                <SequencePoint vc="4" uspid="127" ordinal="1" offset="1" sl="64" sc="7" el="64" ec="46" bec="0" bev="0" fileid="4" />
                <SequencePoint vc="4" uspid="128" ordinal="2" offset="13" sl="66" sc="7" el="66" ec="30" bec="0" bev="0" fileid="4" />
                <SequencePoint vc="4" uspid="129" ordinal="3" offset="21" sl="68" sc="7" el="68" ec="36" bec="0" bev="0" fileid="4" />
                <SequencePoint vc="4" uspid="130" ordinal="4" offset="34" sl="69" sc="5" el="69" ec="6" bec="0" bev="0" fileid="4" />
              </SequencePoints>
              <BranchPoints />
              <MethodPoint xsi:type="SequencePoint" vc="4" uspid="126" ordinal="0" offset="0" sl="63" sc="5" el="63" ec="6" bec="0" bev="0" fileid="4" />
            </Method>
            <Method visited="true" cyclomaticComplexity="1" nPathComplexity="0" sequenceCoverage="100" branchCoverage="100" isConstructor="false" isStatic="false" isGetter="false" isSetter="false">
              <Summary numSequencePoints="6" visitedSequencePoints="6" numBranchPoints="1" visitedBranchPoints="1" sequenceCoverage="100" branchCoverage="100" maxCyclomaticComplexity="1" minCyclomaticComplexity="1" visitedClasses="0" numClasses="0" visitedMethods="1" numMethods="1" />
              <MetadataToken>100663317</MetadataToken>
              <Name>System.Void Monopoly.Game::GoForward(Monopoly.Player)</Name>
              <FileRef uid="4" />
              <SequencePoints>
                <SequencePoint vc="1" uspid="131" ordinal="0" offset="0" sl="72" sc="5" el="72" ec="6" bec="0" bev="0" fileid="4" />
                <SequencePoint vc="1" uspid="132" ordinal="1" offset="1" sl="73" sc="7" el="73" ec="39" bec="0" bev="0" fileid="4" />
                <SequencePoint vc="1" uspid="133" ordinal="2" offset="9" sl="74" sc="7" el="74" ec="36" bec="0" bev="0" fileid="4" />
                <SequencePoint vc="1" uspid="134" ordinal="3" offset="18" sl="76" sc="7" el="76" ec="71" bec="0" bev="0" fileid="4" />
                <SequencePoint vc="1" uspid="135" ordinal="4" offset="50" sl="78" sc="7" el="78" ec="64" bec="0" bev="0" fileid="4" />
                <SequencePoint vc="1" uspid="136" ordinal="5" offset="81" sl="79" sc="5" el="79" ec="6" bec="0" bev="0" fileid="4" />
              </SequencePoints>
              <BranchPoints />
              <MethodPoint xsi:type="SequencePoint" vc="1" uspid="131" ordinal="0" offset="0" sl="72" sc="5" el="72" ec="6" bec="0" bev="0" fileid="4" />
            </Method>
            <Method visited="false" cyclomaticComplexity="1" nPathComplexity="0" sequenceCoverage="0" branchCoverage="0" isConstructor="false" isStatic="false" isGetter="false" isSetter="false">
              <Summary numSequencePoints="3" visitedSequencePoints="0" numBranchPoints="1" visitedBranchPoints="0" sequenceCoverage="0" branchCoverage="0" maxCyclomaticComplexity="1" minCyclomaticComplexity="1" visitedClasses="0" numClasses="0" visitedMethods="0" numMethods="1" />
              <MetadataToken>100663318</MetadataToken>
              <Name>System.Void Monopoly.Game::CallOnEnter(Monopoly.Player)</Name>
              <FileRef uid="4" />
              <SequencePoints>
                <SequencePoint vc="0" uspid="137" ordinal="0" offset="0" sl="82" sc="5" el="82" ec="6" bec="0" bev="0" fileid="4" />
                <SequencePoint vc="0" uspid="138" ordinal="1" offset="1" sl="83" sc="7" el="83" ec="57" bec="0" bev="0" fileid="4" />
                <SequencePoint vc="0" uspid="139" ordinal="2" offset="27" sl="84" sc="5" el="84" ec="6" bec="0" bev="0" fileid="4" />
              </SequencePoints>
              <BranchPoints />
              <MethodPoint xsi:type="SequencePoint" vc="0" uspid="137" ordinal="0" offset="0" sl="82" sc="5" el="82" ec="6" bec="0" bev="0" fileid="4" />
            </Method>
            <Method visited="true" cyclomaticComplexity="1" nPathComplexity="0" sequenceCoverage="100" branchCoverage="100" isConstructor="false" isStatic="false" isGetter="false" isSetter="false">
              <Summary numSequencePoints="7" visitedSequencePoints="7" numBranchPoints="1" visitedBranchPoints="1" sequenceCoverage="100" branchCoverage="100" maxCyclomaticComplexity="1" minCyclomaticComplexity="1" visitedClasses="0" numClasses="0" visitedMethods="1" numMethods="1" />
              <MetadataToken>100663319</MetadataToken>
              <Name>System.Int32[] Monopoly.Game::ThrowDice(Monopoly.Player)</Name>
              <FileRef uid="4" />
              <SequencePoints>
                <SequencePoint vc="1" uspid="140" ordinal="0" offset="0" sl="87" sc="5" el="87" ec="6" bec="0" bev="0" fileid="4" />
                <SequencePoint vc="1" uspid="141" ordinal="1" offset="1" sl="88" sc="7" el="88" ec="81" bec="0" bev="0" fileid="4" />
                <SequencePoint vc="1" uspid="142" ordinal="2" offset="30" sl="89" sc="7" el="89" ec="38" bec="0" bev="0" fileid="4" />
                <SequencePoint vc="1" uspid="143" ordinal="3" offset="39" sl="90" sc="7" el="90" ec="38" bec="0" bev="0" fileid="4" />
                <SequencePoint vc="1" uspid="144" ordinal="4" offset="48" sl="91" sc="7" el="91" ec="50" bec="0" bev="0" fileid="4" />
                <SequencePoint vc="1" uspid="145" ordinal="5" offset="63" sl="92" sc="7" el="92" ec="20" bec="0" bev="0" fileid="4" />
                <SequencePoint vc="1" uspid="146" ordinal="6" offset="68" sl="93" sc="5" el="93" ec="6" bec="0" bev="0" fileid="4" />
              </SequencePoints>
              <BranchPoints />
              <MethodPoint xsi:type="SequencePoint" vc="1" uspid="140" ordinal="0" offset="0" sl="87" sc="5" el="87" ec="6" bec="0" bev="0" fileid="4" />
            </Method>
            <Method visited="true" cyclomaticComplexity="2" nPathComplexity="2" sequenceCoverage="80" branchCoverage="66.67" isConstructor="false" isStatic="false" isGetter="false" isSetter="false">
              <Summary numSequencePoints="5" visitedSequencePoints="4" numBranchPoints="3" visitedBranchPoints="2" sequenceCoverage="80" branchCoverage="66.67" maxCyclomaticComplexity="2" minCyclomaticComplexity="2" visitedClasses="0" numClasses="0" visitedMethods="1" numMethods="1" />
              <MetadataToken>100663320</MetadataToken>
              <Name>System.Void Monopoly.Game::SaveDiceThrow(Monopoly.Player,System.Int32[])</Name>
              <FileRef uid="4" />
              <SequencePoints>
                <SequencePoint vc="1" uspid="147" ordinal="0" offset="0" sl="96" sc="5" el="96" ec="6" bec="0" bev="0" fileid="4" />
                <SequencePoint vc="1" uspid="148" ordinal="1" offset="1" sl="97" sc="7" el="97" ec="38" bec="0" bev="0" fileid="4" />
                <SequencePoint vc="1" uspid="149" ordinal="2" offset="20" sl="98" sc="7" el="98" ec="44" bec="2" bev="1" fileid="4" />
                <SequencePoint vc="0" uspid="150" ordinal="3" offset="47" sl="99" sc="9" el="99" ec="41" bec="0" bev="0" fileid="4" />
                <SequencePoint vc="1" uspid="151" ordinal="4" offset="66" sl="100" sc="5" el="100" ec="6" bec="0" bev="0" fileid="4" />
              </SequencePoints>
              <BranchPoints>
                <BranchPoint vc="0" uspid="152" ordinal="0" offset="45" sl="98" path="0" offsetend="47" fileid="4" />
                <BranchPoint vc="1" uspid="153" ordinal="1" offset="45" sl="98" path="1" offsetend="66" fileid="4" />
              </BranchPoints>
              <MethodPoint xsi:type="SequencePoint" vc="1" uspid="147" ordinal="0" offset="0" sl="96" sc="5" el="96" ec="6" bec="0" bev="0" fileid="4" />
            </Method>
            <Method visited="true" cyclomaticComplexity="3" nPathComplexity="4" sequenceCoverage="85.71" branchCoverage="80" isConstructor="false" isStatic="false" isGetter="false" isSetter="false">
              <Summary numSequencePoints="14" visitedSequencePoints="12" numBranchPoints="5" visitedBranchPoints="4" sequenceCoverage="85.71" branchCoverage="80" maxCyclomaticComplexity="3" minCyclomaticComplexity="3" visitedClasses="0" numClasses="0" visitedMethods="1" numMethods="1" />
              <MetadataToken>100663321</MetadataToken>
              <Name>System.Int32 Monopoly.Game::SetInRange(System.Int32[],System.Int32)</Name>
              <FileRef uid="4" />
              <SequencePoints>
                <SequencePoint vc="1" uspid="154" ordinal="0" offset="0" sl="103" sc="5" el="103" ec="6" bec="0" bev="0" fileid="4" />
                <SequencePoint vc="1" uspid="155" ordinal="1" offset="1" sl="104" sc="7" el="104" ec="49" bec="0" bev="0" fileid="4" />
                <SequencePoint vc="1" uspid="156" ordinal="2" offset="9" sl="105" sc="7" el="105" ec="53" bec="2" bev="1" fileid="4" />
                <SequencePoint vc="1" uspid="157" ordinal="3" offset="31" sl="106" sc="7" el="106" ec="8" bec="0" bev="0" fileid="4" />
                <SequencePoint vc="1" uspid="158" ordinal="4" offset="32" sl="107" sc="9" el="107" ec="29" bec="0" bev="0" fileid="4" />
                <SequencePoint vc="1" uspid="159" ordinal="5" offset="39" sl="108" sc="9" el="108" ec="43" bec="0" bev="0" fileid="4" />
                <SequencePoint vc="2" uspid="160" ordinal="6" offset="45" sl="110" sc="9" el="110" ec="10" bec="0" bev="0" fileid="4" />
                <SequencePoint vc="2" uspid="161" ordinal="7" offset="46" sl="111" sc="11" el="111" ec="38" bec="0" bev="0" fileid="4" />
                <SequencePoint vc="2" uspid="162" ordinal="8" offset="60" sl="112" sc="9" el="112" ec="10" bec="0" bev="0" fileid="4" />
                <SequencePoint vc="3" uspid="163" ordinal="9" offset="61" sl="109" sc="9" el="109" ec="46" bec="2" bev="2" fileid="4" />
                <SequencePoint vc="1" uspid="164" ordinal="10" offset="81" sl="113" sc="9" el="113" ec="24" bec="0" bev="0" fileid="4" />
                <SequencePoint vc="0" uspid="165" ordinal="11" offset="86" sl="116" sc="7" el="116" ec="8" bec="0" bev="0" fileid="4" />
                <SequencePoint vc="0" uspid="166" ordinal="12" offset="87" sl="117" sc="9" el="117" ec="36" bec="0" bev="0" fileid="4" />
                <SequencePoint vc="1" uspid="167" ordinal="13" offset="94" sl="119" sc="5" el="119" ec="6" bec="0" bev="0" fileid="4" />
              </SequencePoints>
              <BranchPoints>
                <BranchPoint vc="1" uspid="168" ordinal="0" offset="29" sl="105" path="0" offsetend="31" fileid="4" />
                <BranchPoint vc="0" uspid="169" ordinal="1" offset="29" sl="105" path="1" offsetend="86" fileid="4" />
                <BranchPoint vc="1" uspid="170" ordinal="2" offset="79" sl="109" path="0" offsetend="81" fileid="4" />
                <BranchPoint vc="2" uspid="171" ordinal="3" offset="79" sl="109" path="1" offsetend="45" fileid="4" />
              </BranchPoints>
              <MethodPoint xsi:type="SequencePoint" vc="1" uspid="154" ordinal="0" offset="0" sl="103" sc="5" el="103" ec="6" bec="0" bev="0" fileid="4" />
            </Method>
            <Method visited="true" cyclomaticComplexity="1" nPathComplexity="0" sequenceCoverage="100" branchCoverage="100" isConstructor="false" isStatic="false" isGetter="false" isSetter="false">
              <Summary numSequencePoints="3" visitedSequencePoints="3" numBranchPoints="1" visitedBranchPoints="1" sequenceCoverage="100" branchCoverage="100" maxCyclomaticComplexity="1" minCyclomaticComplexity="1" visitedClasses="0" numClasses="0" visitedMethods="1" numMethods="1" />
              <MetadataToken>100663322</MetadataToken>
              <Name>System.Void Monopoly.Game::CrossedStartField()</Name>
              <FileRef uid="4" />
              <SequencePoints>
                <SequencePoint vc="1" uspid="172" ordinal="0" offset="0" sl="122" sc="5" el="122" ec="6" bec="0" bev="0" fileid="4" />
                <SequencePoint vc="1" uspid="173" ordinal="1" offset="1" sl="123" sc="7" el="123" ec="35" bec="0" bev="0" fileid="4" />
                <SequencePoint vc="1" uspid="174" ordinal="2" offset="18" sl="124" sc="5" el="124" ec="6" bec="0" bev="0" fileid="4" />
              </SequencePoints>
              <BranchPoints />
              <MethodPoint xsi:type="SequencePoint" vc="1" uspid="172" ordinal="0" offset="0" sl="122" sc="5" el="122" ec="6" bec="0" bev="0" fileid="4" />
            </Method>
            <Method visited="false" cyclomaticComplexity="4" nPathComplexity="8" sequenceCoverage="0" branchCoverage="0" isConstructor="false" isStatic="false" isGetter="false" isSetter="false">
              <Summary numSequencePoints="19" visitedSequencePoints="0" numBranchPoints="7" visitedBranchPoints="0" sequenceCoverage="0" branchCoverage="0" maxCyclomaticComplexity="4" minCyclomaticComplexity="4" visitedClasses="0" numClasses="0" visitedMethods="0" numMethods="1" />
              <MetadataToken>100663323</MetadataToken>
              <Name>System.Int32 Monopoly.Game::CheckForDoublets(Monopoly.Player)</Name>
              <FileRef uid="4" />
              <SequencePoints>
                <SequencePoint vc="0" uspid="175" ordinal="0" offset="0" sl="127" sc="5" el="127" ec="6" bec="0" bev="0" fileid="4" />
                <SequencePoint vc="0" uspid="176" ordinal="1" offset="1" sl="128" sc="7" el="128" ec="24" bec="0" bev="0" fileid="4" />
                <SequencePoint vc="0" uspid="177" ordinal="2" offset="3" sl="129" sc="7" el="129" ec="30" bec="0" bev="0" fileid="4" />
                <SequencePoint vc="0" uspid="178" ordinal="3" offset="5" sl="130" sc="12" el="130" ec="51" bec="0" bev="0" fileid="4" />
                <SequencePoint vc="0" uspid="179" ordinal="4" offset="27" sl="131" sc="7" el="131" ec="8" bec="0" bev="0" fileid="4" />
                <SequencePoint vc="0" uspid="180" ordinal="5" offset="28" sl="132" sc="9" el="132" ec="68" bec="2" bev="0" fileid="4" />
                <SequencePoint vc="0" uspid="181" ordinal="6" offset="74" sl="133" sc="9" el="133" ec="10" bec="0" bev="0" fileid="4" />
                <SequencePoint vc="0" uspid="182" ordinal="7" offset="75" sl="134" sc="11" el="134" ec="25" bec="2" bev="0" fileid="4" />
                <SequencePoint vc="0" uspid="183" ordinal="8" offset="82" sl="135" sc="13" el="135" ec="24" bec="0" bev="0" fileid="4" />
                <SequencePoint vc="0" uspid="184" ordinal="9" offset="86" sl="136" sc="11" el="136" ec="28" bec="0" bev="0" fileid="4" />
                <SequencePoint vc="0" uspid="185" ordinal="10" offset="88" sl="137" sc="9" el="137" ec="10" bec="0" bev="0" fileid="4" />
                <SequencePoint vc="0" uspid="186" ordinal="11" offset="91" sl="139" sc="9" el="139" ec="10" bec="0" bev="0" fileid="4" />
                <SequencePoint vc="0" uspid="187" ordinal="12" offset="92" sl="140" sc="11" el="140" ec="29" bec="0" bev="0" fileid="4" />
                <SequencePoint vc="0" uspid="188" ordinal="13" offset="94" sl="141" sc="9" el="141" ec="10" bec="0" bev="0" fileid="4" />
                <SequencePoint vc="0" uspid="189" ordinal="14" offset="95" sl="142" sc="7" el="142" ec="8" bec="0" bev="0" fileid="4" />
                <SequencePoint vc="0" uspid="190" ordinal="15" offset="96" sl="130" sc="61" el="130" ec="64" bec="0" bev="0" fileid="4" />
                <SequencePoint vc="0" uspid="191" ordinal="16" offset="100" sl="130" sc="53" el="130" ec="59" bec="2" bev="0" fileid="4" />
                <SequencePoint vc="0" uspid="192" ordinal="17" offset="113" sl="143" sc="7" el="143" ec="23" bec="0" bev="0" fileid="4" />
                <SequencePoint vc="0" uspid="193" ordinal="18" offset="118" sl="144" sc="5" el="144" ec="6" bec="0" bev="0" fileid="4" />
              </SequencePoints>
              <BranchPoints>
                <BranchPoint vc="0" uspid="194" ordinal="0" offset="72" sl="132" path="0" offsetend="74" fileid="4" />
                <BranchPoint vc="0" uspid="195" ordinal="1" offset="72" sl="132" path="1" offsetend="91" fileid="4" />
                <BranchPoint vc="0" uspid="196" ordinal="2" offset="80" sl="134" path="0" offsetend="82" fileid="4" />
                <BranchPoint vc="0" uspid="197" ordinal="3" offset="80" sl="134" path="1" offsetend="86" fileid="4" />
                <BranchPoint vc="0" uspid="198" ordinal="4" offset="111" sl="130" path="0" offsetend="113" fileid="4" />
                <BranchPoint vc="0" uspid="199" ordinal="5" offset="111" sl="130" path="1" offsetend="27" fileid="4" />
              </BranchPoints>
              <MethodPoint xsi:type="SequencePoint" vc="0" uspid="175" ordinal="0" offset="0" sl="127" sc="5" el="127" ec="6" bec="0" bev="0" fileid="4" />
            </Method>
            <Method visited="true" cyclomaticComplexity="2" nPathComplexity="2" sequenceCoverage="83.33" branchCoverage="66.67" isConstructor="false" isStatic="false" isGetter="false" isSetter="false">
              <Summary numSequencePoints="6" visitedSequencePoints="5" numBranchPoints="3" visitedBranchPoints="2" sequenceCoverage="83.33" branchCoverage="66.67" maxCyclomaticComplexity="2" minCyclomaticComplexity="2" visitedClasses="0" numClasses="0" visitedMethods="1" numMethods="1" />
              <MetadataToken>100663324</MetadataToken>
              <Name>System.Void Monopoly.Game::BuyCurrentStreet(Monopoly.Player)</Name>
              <FileRef uid="4" />
              <SequencePoints>
                <SequencePoint vc="2" uspid="200" ordinal="0" offset="0" sl="147" sc="5" el="147" ec="6" bec="0" bev="0" fileid="4" />
                <SequencePoint vc="2" uspid="201" ordinal="1" offset="1" sl="148" sc="7" el="148" ec="56" bec="0" bev="0" fileid="4" />
                <SequencePoint vc="2" uspid="202" ordinal="2" offset="21" sl="149" sc="7" el="149" ec="50" bec="2" bev="1" fileid="4" />
                <SequencePoint vc="0" uspid="203" ordinal="3" offset="46" sl="150" sc="9" el="150" ec="78" bec="0" bev="0" fileid="4" />
                <SequencePoint vc="2" uspid="204" ordinal="4" offset="57" sl="151" sc="7" el="151" ec="40" bec="0" bev="0" fileid="4" />
                <SequencePoint vc="1" uspid="205" ordinal="5" offset="70" sl="153" sc="5" el="153" ec="6" bec="0" bev="0" fileid="4" />
              </SequencePoints>
              <BranchPoints>
                <BranchPoint vc="0" uspid="206" ordinal="0" offset="44" sl="149" path="0" offsetend="46" fileid="4" />
                <BranchPoint vc="2" uspid="207" ordinal="1" offset="44" sl="149" path="1" offsetend="57" fileid="4" />
              </BranchPoints>
              <MethodPoint xsi:type="SequencePoint" vc="2" uspid="200" ordinal="0" offset="0" sl="147" sc="5" el="147" ec="6" bec="0" bev="0" fileid="4" />
            </Method>
            <Method visited="true" cyclomaticComplexity="1" nPathComplexity="0" sequenceCoverage="100" branchCoverage="100" isConstructor="false" isStatic="false" isGetter="false" isSetter="false">
              <Summary numSequencePoints="4" visitedSequencePoints="4" numBranchPoints="1" visitedBranchPoints="1" sequenceCoverage="100" branchCoverage="100" maxCyclomaticComplexity="1" minCyclomaticComplexity="1" visitedClasses="0" numClasses="0" visitedMethods="1" numMethods="1" />
              <MetadataToken>100663325</MetadataToken>
              <Name>System.Void Monopoly.Game::SetPlayerPos(Monopoly.Player,System.Int32)</Name>
              <FileRef uid="4" />
              <SequencePoints>
                <SequencePoint vc="6" uspid="208" ordinal="0" offset="0" sl="156" sc="5" el="156" ec="6" bec="0" bev="0" fileid="4" />
                <SequencePoint vc="6" uspid="209" ordinal="1" offset="1" sl="157" sc="7" el="157" ec="38" bec="0" bev="0" fileid="4" />
                <SequencePoint vc="6" uspid="210" ordinal="2" offset="15" sl="158" sc="7" el="158" ec="57" bec="0" bev="0" fileid="4" />
                <SequencePoint vc="6" uspid="211" ordinal="3" offset="41" sl="159" sc="5" el="159" ec="6" bec="0" bev="0" fileid="4" />
              </SequencePoints>
              <BranchPoints />
              <MethodPoint xsi:type="SequencePoint" vc="6" uspid="208" ordinal="0" offset="0" sl="156" sc="5" el="156" ec="6" bec="0" bev="0" fileid="4" />
            </Method>
            <Method visited="true" cyclomaticComplexity="6" nPathComplexity="8" sequenceCoverage="93.75" branchCoverage="85.71" isConstructor="false" isStatic="false" isGetter="false" isSetter="false">
              <Summary numSequencePoints="16" visitedSequencePoints="15" numBranchPoints="7" visitedBranchPoints="6" sequenceCoverage="93.75" branchCoverage="85.71" maxCyclomaticComplexity="6" minCyclomaticComplexity="6" visitedClasses="0" numClasses="0" visitedMethods="1" numMethods="1" />
              <MetadataToken>100663326</MetadataToken>
              <Name>System.Boolean Monopoly.Game::DoesPlayerOwnCompleteGroup(Monopoly.Player,Monopoly.Groups)</Name>
              <FileRef uid="4" />
              <SequencePoints>
                <SequencePoint vc="9" uspid="212" ordinal="0" offset="0" sl="162" sc="5" el="162" ec="6" bec="0" bev="0" fileid="4" />
                <SequencePoint vc="9" uspid="213" ordinal="1" offset="1" sl="163" sc="7" el="163" ec="14" bec="0" bev="0" fileid="4" />
                <SequencePoint vc="9" uspid="214" ordinal="2" offset="2" sl="163" sc="47" el="163" ec="62" bec="0" bev="0" fileid="4" />
                <SequencePoint vc="34" uspid="215" ordinal="3" offset="16" sl="163" sc="16" el="163" ec="43" bec="0" bev="0" fileid="4" />
                <SequencePoint vc="34" uspid="216" ordinal="4" offset="28" sl="164" sc="7" el="164" ec="8" bec="0" bev="0" fileid="4" />
                <SequencePoint vc="34" uspid="217" ordinal="5" offset="29" sl="165" sc="9" el="165" ec="41" bec="2" bev="2" fileid="4" />
                <SequencePoint vc="18" uspid="218" ordinal="6" offset="42" sl="166" sc="9" el="166" ec="10" bec="0" bev="0" fileid="4" />
                <SequencePoint vc="18" uspid="219" ordinal="7" offset="43" sl="167" sc="11" el="167" ec="42" bec="2" bev="2" fileid="4" />
                <SequencePoint vc="1" uspid="220" ordinal="8" offset="56" sl="168" sc="13" el="168" ec="26" bec="0" bev="0" fileid="4" />
                <SequencePoint vc="17" uspid="221" ordinal="9" offset="61" sl="170" sc="13" el="170" ec="56" bec="2" bev="1" fileid="4" />
                <SequencePoint vc="0" uspid="222" ordinal="10" offset="89" sl="171" sc="13" el="171" ec="26" bec="0" bev="0" fileid="4" />
                <SequencePoint vc="17" uspid="223" ordinal="11" offset="94" sl="172" sc="9" el="172" ec="10" bec="0" bev="0" fileid="4" />
                <SequencePoint vc="33" uspid="224" ordinal="12" offset="95" sl="173" sc="7" el="173" ec="8" bec="0" bev="0" fileid="4" />
                <SequencePoint vc="42" uspid="225" ordinal="13" offset="96" sl="163" sc="44" el="163" ec="46" bec="0" bev="0" fileid="4" />
                <SequencePoint vc="8" uspid="226" ordinal="14" offset="117" sl="174" sc="7" el="174" ec="19" bec="0" bev="0" fileid="4" />
                <SequencePoint vc="9" uspid="227" ordinal="15" offset="122" sl="175" sc="5" el="175" ec="6" bec="0" bev="0" fileid="4" />
              </SequencePoints>
              <BranchPoints>
                <BranchPoint vc="18" uspid="228" ordinal="0" offset="40" sl="165" path="0" offsetend="42" fileid="4" />
                <BranchPoint vc="16" uspid="229" ordinal="1" offset="40" sl="165" path="1" offsetend="95" fileid="4" />
                <BranchPoint vc="1" uspid="230" ordinal="2" offset="54" sl="167" path="0" offsetend="56" fileid="4" />
                <BranchPoint vc="17" uspid="231" ordinal="3" offset="54" sl="167" path="1" offsetend="61" fileid="4" />
                <BranchPoint vc="0" uspid="232" ordinal="4" offset="87" sl="170" path="0" offsetend="89" fileid="4" />
                <BranchPoint vc="17" uspid="233" ordinal="5" offset="87" sl="170" path="1" offsetend="94" fileid="4" />
              </BranchPoints>
              <MethodPoint xsi:type="SequencePoint" vc="9" uspid="212" ordinal="0" offset="0" sl="162" sc="5" el="162" ec="6" bec="0" bev="0" fileid="4" />
            </Method>
            <Method visited="false" cyclomaticComplexity="6" nPathComplexity="4" sequenceCoverage="0" branchCoverage="0" isConstructor="false" isStatic="false" isGetter="false" isSetter="false">
              <Summary numSequencePoints="15" visitedSequencePoints="0" numBranchPoints="5" visitedBranchPoints="0" sequenceCoverage="0" branchCoverage="0" maxCyclomaticComplexity="6" minCyclomaticComplexity="6" visitedClasses="0" numClasses="0" visitedMethods="0" numMethods="1" />
              <MetadataToken>100663327</MetadataToken>
              <Name>System.Int32 Monopoly.Game::NumberOfPropertiesOfGroupOwned(Monopoly.Player,Monopoly.Groups)</Name>
              <FileRef uid="4" />
              <SequencePoints>
                <SequencePoint vc="0" uspid="236" ordinal="0" offset="0" sl="178" sc="5" el="178" ec="6" bec="0" bev="0" fileid="4" />
                <SequencePoint vc="0" uspid="237" ordinal="1" offset="1" sl="179" sc="7" el="179" ec="34" bec="0" bev="0" fileid="4" />
                <SequencePoint vc="0" uspid="238" ordinal="2" offset="3" sl="180" sc="7" el="180" ec="14" bec="0" bev="0" fileid="4" />
                <SequencePoint vc="0" uspid="239" ordinal="3" offset="4" sl="180" sc="47" el="180" ec="62" bec="0" bev="0" fileid="4" />
                <SequencePoint vc="0" uspid="240" ordinal="4" offset="18" sl="180" sc="16" el="180" ec="43" bec="0" bev="0" fileid="4" />
                <SequencePoint vc="0" uspid="241" ordinal="5" offset="30" sl="181" sc="7" el="181" ec="8" bec="0" bev="0" fileid="4" />
                <SequencePoint vc="0" uspid="242" ordinal="6" offset="31" sl="182" sc="9" el="182" ec="41" bec="2" bev="0" fileid="4" />
                <SequencePoint vc="0" uspid="243" ordinal="7" offset="44" sl="183" sc="9" el="183" ec="10" bec="0" bev="0" fileid="4" />
                <SequencePoint vc="0" uspid="244" ordinal="8" offset="45" sl="184" sc="11" el="184" ec="84" bec="2" bev="0" fileid="4" />
                <SequencePoint vc="0" uspid="245" ordinal="9" offset="84" sl="185" sc="13" el="185" ec="34" bec="0" bev="0" fileid="4" />
                <SequencePoint vc="0" uspid="246" ordinal="10" offset="88" sl="186" sc="9" el="186" ec="10" bec="0" bev="0" fileid="4" />
                <SequencePoint vc="0" uspid="247" ordinal="11" offset="89" sl="187" sc="7" el="187" ec="8" bec="0" bev="0" fileid="4" />
                <SequencePoint vc="0" uspid="248" ordinal="12" offset="90" sl="180" sc="44" el="180" ec="46" bec="0" bev="0" fileid="4" />
                <SequencePoint vc="0" uspid="249" ordinal="13" offset="111" sl="188" sc="7" el="188" ec="33" bec="0" bev="0" fileid="4" />
                <SequencePoint vc="0" uspid="250" ordinal="14" offset="116" sl="189" sc="5" el="189" ec="6" bec="0" bev="0" fileid="4" />
              </SequencePoints>
              <BranchPoints>
                <BranchPoint vc="0" uspid="251" ordinal="0" offset="42" sl="182" path="0" offsetend="44" fileid="4" />
                <BranchPoint vc="0" uspid="252" ordinal="1" offset="42" sl="182" path="1" offsetend="89" fileid="4" />
                <BranchPoint vc="0" uspid="255" ordinal="4" offset="82" sl="184" path="0" offsetend="84" fileid="4" />
                <BranchPoint vc="0" uspid="256" ordinal="5" offset="82" sl="184" path="1" offsetend="88" fileid="4" />
              </BranchPoints>
              <MethodPoint xsi:type="SequencePoint" vc="0" uspid="236" ordinal="0" offset="0" sl="178" sc="5" el="178" ec="6" bec="0" bev="0" fileid="4" />
            </Method>
            <Method visited="false" cyclomaticComplexity="1" nPathComplexity="0" sequenceCoverage="0" branchCoverage="0" isConstructor="false" isStatic="false" isGetter="false" isSetter="false">
              <Summary numSequencePoints="3" visitedSequencePoints="0" numBranchPoints="1" visitedBranchPoints="0" sequenceCoverage="0" branchCoverage="0" maxCyclomaticComplexity="1" minCyclomaticComplexity="1" visitedClasses="0" numClasses="0" visitedMethods="0" numMethods="1" />
              <MetadataToken>100663328</MetadataToken>
              <Name>System.Void Monopoly.Game::SetLastThrow(Monopoly.Player,System.Collections.Generic.List`1&lt;System.Int32[]&gt;)</Name>
              <FileRef uid="4" />
              <SequencePoints>
                <SequencePoint vc="0" uspid="259" ordinal="0" offset="0" sl="192" sc="5" el="192" ec="6" bec="0" bev="0" fileid="4" />
                <SequencePoint vc="0" uspid="260" ordinal="1" offset="1" sl="193" sc="7" el="193" ec="37" bec="0" bev="0" fileid="4" />
                <SequencePoint vc="0" uspid="261" ordinal="2" offset="15" sl="194" sc="5" el="194" ec="6" bec="0" bev="0" fileid="4" />
              </SequencePoints>
              <BranchPoints />
              <MethodPoint xsi:type="SequencePoint" vc="0" uspid="259" ordinal="0" offset="0" sl="192" sc="5" el="192" ec="6" bec="0" bev="0" fileid="4" />
            </Method>
            <Method visited="true" cyclomaticComplexity="1" nPathComplexity="0" sequenceCoverage="100" branchCoverage="100" isConstructor="false" isStatic="false" isGetter="false" isSetter="false">
              <Summary numSequencePoints="3" visitedSequencePoints="3" numBranchPoints="1" visitedBranchPoints="1" sequenceCoverage="100" branchCoverage="100" maxCyclomaticComplexity="1" minCyclomaticComplexity="1" visitedClasses="0" numClasses="0" visitedMethods="1" numMethods="1" />
              <MetadataToken>100663329</MetadataToken>
              <Name>System.Boolean Monopoly.Game::IsPlayerBankrupt(Monopoly.Player,System.Int32)</Name>
              <FileRef uid="4" />
              <SequencePoints>
                <SequencePoint vc="2" uspid="262" ordinal="0" offset="0" sl="197" sc="5" el="197" ec="6" bec="0" bev="0" fileid="4" />
                <SequencePoint vc="2" uspid="263" ordinal="1" offset="1" sl="198" sc="7" el="198" ec="67" bec="0" bev="0" fileid="4" />
                <SequencePoint vc="2" uspid="264" ordinal="2" offset="22" sl="199" sc="5" el="199" ec="6" bec="0" bev="0" fileid="4" />
              </SequencePoints>
              <BranchPoints />
              <MethodPoint xsi:type="SequencePoint" vc="2" uspid="262" ordinal="0" offset="0" sl="197" sc="5" el="197" ec="6" bec="0" bev="0" fileid="4" />
            </Method>
            <Method visited="true" cyclomaticComplexity="5" nPathComplexity="4" sequenceCoverage="100" branchCoverage="60" isConstructor="false" isStatic="true" isGetter="false" isSetter="false">
              <Summary numSequencePoints="17" visitedSequencePoints="17" numBranchPoints="5" visitedBranchPoints="3" sequenceCoverage="100" branchCoverage="60" maxCyclomaticComplexity="5" minCyclomaticComplexity="5" visitedClasses="0" numClasses="0" visitedMethods="1" numMethods="1" />
              <MetadataToken>100663330</MetadataToken>
              <Name>System.Int32 Monopoly.Game::GetSavings(Monopoly.Player)</Name>
              <FileRef uid="4" />
              <SequencePoints>
                <SequencePoint vc="2" uspid="265" ordinal="0" offset="0" sl="202" sc="5" el="202" ec="6" bec="0" bev="0" fileid="4" />
                <SequencePoint vc="2" uspid="266" ordinal="1" offset="1" sl="203" sc="7" el="203" ec="23" bec="0" bev="0" fileid="4" />
                <SequencePoint vc="2" uspid="267" ordinal="2" offset="3" sl="204" sc="7" el="204" ec="14" bec="0" bev="0" fileid="4" />
                <SequencePoint vc="2" uspid="268" ordinal="3" offset="4" sl="204" sc="40" el="204" ec="56" bec="0" bev="0" fileid="4" />
                <SequencePoint vc="1" uspid="269" ordinal="4" offset="18" sl="204" sc="16" el="204" ec="36" bec="0" bev="0" fileid="4" />
                <SequencePoint vc="1" uspid="270" ordinal="5" offset="25" sl="205" sc="7" el="205" ec="8" bec="0" bev="0" fileid="4" />
                <SequencePoint vc="1" uspid="271" ordinal="6" offset="26" sl="206" sc="9" el="206" ec="52" bec="2" bev="1" fileid="4" />
                <SequencePoint vc="1" uspid="272" ordinal="7" offset="51" sl="207" sc="9" el="207" ec="10" bec="0" bev="0" fileid="4" />
                <SequencePoint vc="1" uspid="273" ordinal="8" offset="52" sl="208" sc="11" el="208" ec="53" bec="0" bev="0" fileid="4" />
                <SequencePoint vc="1" uspid="274" ordinal="9" offset="60" sl="209" sc="11" el="209" ec="55" bec="0" bev="0" fileid="4" />
                <SequencePoint vc="1" uspid="275" ordinal="10" offset="83" sl="210" sc="9" el="210" ec="10" bec="0" bev="0" fileid="4" />
                <SequencePoint vc="1" uspid="276" ordinal="11" offset="84" sl="211" sc="9" el="211" ec="38" bec="2" bev="1" fileid="4" />
                <SequencePoint vc="1" uspid="277" ordinal="12" offset="99" sl="212" sc="11" el="212" ec="41" bec="0" bev="0" fileid="4" />
                <SequencePoint vc="1" uspid="278" ordinal="13" offset="108" sl="213" sc="7" el="213" ec="8" bec="0" bev="0" fileid="4" />
                <SequencePoint vc="3" uspid="279" ordinal="14" offset="109" sl="204" sc="37" el="204" ec="39" bec="0" bev="0" fileid="4" />
                <SequencePoint vc="2" uspid="280" ordinal="15" offset="130" sl="214" sc="7" el="214" ec="22" bec="0" bev="0" fileid="4" />
                <SequencePoint vc="2" uspid="281" ordinal="16" offset="135" sl="215" sc="5" el="215" ec="6" bec="0" bev="0" fileid="4" />
              </SequencePoints>
              <BranchPoints>
                <BranchPoint vc="1" uspid="282" ordinal="0" offset="49" sl="206" path="0" offsetend="51" fileid="4" />
                <BranchPoint vc="0" uspid="283" ordinal="1" offset="49" sl="206" path="1" offsetend="84" fileid="4" />
                <BranchPoint vc="1" uspid="284" ordinal="2" offset="97" sl="211" path="0" offsetend="99" fileid="4" />
                <BranchPoint vc="0" uspid="285" ordinal="3" offset="97" sl="211" path="1" offsetend="108" fileid="4" />
              </BranchPoints>
              <MethodPoint xsi:type="SequencePoint" vc="2" uspid="265" ordinal="0" offset="0" sl="202" sc="5" el="202" ec="6" bec="0" bev="0" fileid="4" />
            </Method>
            <Method visited="true" cyclomaticComplexity="1" nPathComplexity="0" sequenceCoverage="100" branchCoverage="100" isConstructor="false" isStatic="false" isGetter="false" isSetter="false">
              <Summary numSequencePoints="9" visitedSequencePoints="9" numBranchPoints="1" visitedBranchPoints="1" sequenceCoverage="100" branchCoverage="100" maxCyclomaticComplexity="1" minCyclomaticComplexity="1" visitedClasses="0" numClasses="0" visitedMethods="1" numMethods="1" />
              <MetadataToken>100663331</MetadataToken>
              <Name>System.Void Monopoly.Game::RemovePlayer(Monopoly.Player)</Name>
              <FileRef uid="4" />
              <SequencePoints>
                <SequencePoint vc="1" uspid="288" ordinal="0" offset="0" sl="218" sc="5" el="218" ec="6" bec="0" bev="0" fileid="4" />
                <SequencePoint vc="1" uspid="289" ordinal="1" offset="1" sl="219" sc="7" el="219" ec="31" bec="0" bev="0" fileid="4" />
                <SequencePoint vc="1" uspid="290" ordinal="2" offset="14" sl="220" sc="7" el="220" ec="39" bec="0" bev="0" fileid="4" />
                <SequencePoint vc="1" uspid="291" ordinal="3" offset="27" sl="221" sc="7" el="221" ec="34" bec="0" bev="0" fileid="4" />
                <SequencePoint vc="1" uspid="292" ordinal="4" offset="40" sl="222" sc="7" el="222" ec="59" bec="0" bev="0" fileid="4" />
                <SequencePoint vc="1" uspid="293" ordinal="5" offset="58" sl="223" sc="7" el="223" ec="37" bec="0" bev="0" fileid="4" />
                <SequencePoint vc="1" uspid="294" ordinal="6" offset="66" sl="224" sc="7" el="224" ec="47" bec="0" bev="0" fileid="4" />
                <SequencePoint vc="1" uspid="295" ordinal="7" offset="84" sl="225" sc="7" el="225" ec="30" bec="0" bev="0" fileid="4" />
                <SequencePoint vc="1" uspid="296" ordinal="8" offset="96" sl="226" sc="5" el="226" ec="6" bec="0" bev="0" fileid="4" />
              </SequencePoints>
              <BranchPoints />
              <MethodPoint xsi:type="SequencePoint" vc="1" uspid="288" ordinal="0" offset="0" sl="218" sc="5" el="218" ec="6" bec="0" bev="0" fileid="4" />
            </Method>
            <Method visited="true" cyclomaticComplexity="3" nPathComplexity="0" sequenceCoverage="100" branchCoverage="100" isConstructor="false" isStatic="false" isGetter="false" isSetter="false">
              <Summary numSequencePoints="9" visitedSequencePoints="9" numBranchPoints="1" visitedBranchPoints="1" sequenceCoverage="100" branchCoverage="100" maxCyclomaticComplexity="3" minCyclomaticComplexity="3" visitedClasses="0" numClasses="0" visitedMethods="1" numMethods="1" />
              <MetadataToken>100663332</MetadataToken>
              <Name>System.Void Monopoly.Game::RemoveOwnerInFieldsOf(Monopoly.Player)</Name>
              <FileRef uid="4" />
              <SequencePoints>
                <SequencePoint vc="1" uspid="297" ordinal="0" offset="0" sl="229" sc="5" el="229" ec="6" bec="0" bev="0" fileid="4" />
                <SequencePoint vc="1" uspid="298" ordinal="1" offset="1" sl="230" sc="7" el="230" ec="14" bec="0" bev="0" fileid="4" />
                <SequencePoint vc="1" uspid="299" ordinal="2" offset="2" sl="230" sc="39" el="230" ec="55" bec="0" bev="0" fileid="4" />
                <SequencePoint vc="1" uspid="300" ordinal="3" offset="16" sl="230" sc="15" el="230" ec="35" bec="0" bev="0" fileid="4" />
                <SequencePoint vc="1" uspid="301" ordinal="4" offset="23" sl="231" sc="7" el="231" ec="8" bec="0" bev="0" fileid="4" />
                <SequencePoint vc="1" uspid="302" ordinal="5" offset="24" sl="232" sc="9" el="232" ec="30" bec="0" bev="0" fileid="4" />
                <SequencePoint vc="1" uspid="303" ordinal="6" offset="32" sl="233" sc="7" el="233" ec="8" bec="0" bev="0" fileid="4" />
                <SequencePoint vc="2" uspid="304" ordinal="7" offset="33" sl="230" sc="36" el="230" ec="38" bec="0" bev="0" fileid="4" />
                <SequencePoint vc="1" uspid="305" ordinal="8" offset="54" sl="234" sc="5" el="234" ec="6" bec="0" bev="0" fileid="4" />
              </SequencePoints>
              <BranchPoints />
              <MethodPoint xsi:type="SequencePoint" vc="1" uspid="297" ordinal="0" offset="0" sl="229" sc="5" el="229" ec="6" bec="0" bev="0" fileid="4" />
            </Method>
            <Method visited="true" cyclomaticComplexity="2" nPathComplexity="0" sequenceCoverage="100" branchCoverage="100" isConstructor="false" isStatic="true" isGetter="false" isSetter="false">
              <Summary numSequencePoints="13" visitedSequencePoints="13" numBranchPoints="1" visitedBranchPoints="1" sequenceCoverage="100" branchCoverage="100" maxCyclomaticComplexity="2" minCyclomaticComplexity="2" visitedClasses="0" numClasses="0" visitedMethods="1" numMethods="1" />
              <MetadataToken>100663333</MetadataToken>
[...]
              <Name>System.Void Monopoly.StreetField::TakeMortage(Monopoly.Player)</Name>
              <FileRef uid="9" />
              <SequencePoints>
                <SequencePoint vc="6" uspid="562" ordinal="0" offset="0" sl="93" sc="5" el="93" ec="6" bec="0" bev="0" fileid="9" />
                <SequencePoint vc="6" uspid="563" ordinal="1" offset="1" sl="94" sc="7" el="94" ec="25" bec="2" bev="2" fileid="9" />
                <SequencePoint vc="1" uspid="564" ordinal="2" offset="14" sl="95" sc="9" el="95" ec="72" bec="0" bev="0" fileid="9" />
                <SequencePoint vc="5" uspid="565" ordinal="3" offset="25" sl="96" sc="7" el="96" ec="37" bec="2" bev="2" fileid="9" />
                <SequencePoint vc="1" uspid="566" ordinal="4" offset="51" sl="97" sc="9" el="97" ec="101" bec="0" bev="0" fileid="9" />
                <SequencePoint vc="4" uspid="567" ordinal="5" offset="62" sl="98" sc="7" el="98" ec="21" bec="2" bev="2" fileid="9" />
                <SequencePoint vc="1" uspid="568" ordinal="6" offset="75" sl="99" sc="9" el="99" ec="137" bec="0" bev="0" fileid="9" />
                <SequencePoint vc="3" uspid="569" ordinal="7" offset="86" sl="100" sc="7" el="100" ec="29" bec="2" bev="2" fileid="9" />
                <SequencePoint vc="1" uspid="570" ordinal="8" offset="96" sl="101" sc="9" el="101" ec="95" bec="0" bev="0" fileid="9" />
                <SequencePoint vc="2" uspid="571" ordinal="9" offset="107" sl="102" sc="7" el="102" ec="37" bec="0" bev="0" fileid="9" />
                <SequencePoint vc="2" uspid="572" ordinal="10" offset="125" sl="103" sc="7" el="103" ec="24" bec="0" bev="0" fileid="9" />
                <SequencePoint vc="2" uspid="573" ordinal="11" offset="133" sl="104" sc="5" el="104" ec="6" bec="0" bev="0" fileid="9" />
              </SequencePoints>
              <BranchPoints>
                <BranchPoint vc="1" uspid="574" ordinal="0" offset="12" sl="94" path="0" offsetend="14" fileid="9" />
                <BranchPoint vc="5" uspid="575" ordinal="1" offset="12" sl="94" path="1" offsetend="25" fileid="9" />
                <BranchPoint vc="1" uspid="576" ordinal="2" offset="49" sl="96" path="0" offsetend="51" fileid="9" />
                <BranchPoint vc="4" uspid="577" ordinal="3" offset="49" sl="96" path="1" offsetend="62" fileid="9" />
                <BranchPoint vc="1" uspid="578" ordinal="4" offset="73" sl="98" path="0" offsetend="75" fileid="9" />
                <BranchPoint vc="3" uspid="579" ordinal="5" offset="73" sl="98" path="1" offsetend="86" fileid="9" />
                <BranchPoint vc="1" uspid="580" ordinal="6" offset="94" sl="100" path="0" offsetend="96" fileid="9" />
                <BranchPoint vc="2" uspid="581" ordinal="7" offset="94" sl="100" path="1" offsetend="107" fileid="9" />
              </BranchPoints>
              <MethodPoint xsi:type="SequencePoint" vc="6" uspid="562" ordinal="0" offset="0" sl="93" sc="5" el="93" ec="6" bec="0" bev="0" fileid="9" />
            </Method>
            <Method visited="true" cyclomaticComplexity="3" nPathComplexity="4" sequenceCoverage="100" branchCoverage="100" isConstructor="false" isStatic="false" isGetter="false" isSetter="false">
              <Summary numSequencePoints="8" visitedSequencePoints="8" numBranchPoints="5" visitedBranchPoints="5" sequenceCoverage="100" branchCoverage="100" maxCyclomaticComplexity="3" minCyclomaticComplexity="3" visitedClasses="0" numClasses="0" visitedMethods="1" numMethods="1" />
              <MetadataToken>100663399</MetadataToken>
              <Name>System.Void Monopoly.StreetField::PayOffMortage(Monopoly.Player)</Name>
              <FileRef uid="9" />
              <SequencePoints>
                <SequencePoint vc="3" uspid="582" ordinal="0" offset="0" sl="107" sc="5" el="107" ec="6" bec="0" bev="0" fileid="9" />
                <SequencePoint vc="3" uspid="583" ordinal="1" offset="1" sl="108" sc="7" el="108" ec="37" bec="2" bev="2" fileid="9" />
                <SequencePoint vc="1" uspid="584" ordinal="2" offset="27" sl="109" sc="9" el="109" ec="108" bec="0" bev="0" fileid="9" />
                <SequencePoint vc="2" uspid="585" ordinal="3" offset="38" sl="110" sc="7" el="110" ec="30" bec="2" bev="2" fileid="9" />
                <SequencePoint vc="1" uspid="586" ordinal="4" offset="51" sl="111" sc="9" el="111" ec="90" bec="0" bev="0" fileid="9" />
                <SequencePoint vc="1" uspid="587" ordinal="5" offset="62" sl="112" sc="7" el="112" ec="65" bec="0" bev="0" fileid="9" />
                <SequencePoint vc="1" uspid="588" ordinal="6" offset="104" sl="113" sc="7" el="113" ec="25" bec="0" bev="0" fileid="9" />
                <SequencePoint vc="1" uspid="589" ordinal="7" offset="112" sl="114" sc="5" el="114" ec="6" bec="0" bev="0" fileid="9" />
              </SequencePoints>
              <BranchPoints>
                <BranchPoint vc="1" uspid="590" ordinal="0" offset="25" sl="108" path="0" offsetend="27" fileid="9" />
                <BranchPoint vc="2" uspid="591" ordinal="1" offset="25" sl="108" path="1" offsetend="38" fileid="9" />
                <BranchPoint vc="1" uspid="592" ordinal="2" offset="49" sl="110" path="0" offsetend="51" fileid="9" />
                <BranchPoint vc="1" uspid="593" ordinal="3" offset="49" sl="110" path="1" offsetend="62" fileid="9" />
              </BranchPoints>
              <MethodPoint xsi:type="SequencePoint" vc="3" uspid="582" ordinal="0" offset="0" sl="107" sc="5" el="107" ec="6" bec="0" bev="0" fileid="9" />
            </Method>
            <Method visited="true" cyclomaticComplexity="3" nPathComplexity="4" sequenceCoverage="100" branchCoverage="100" isConstructor="false" isStatic="false" isGetter="false" isSetter="false">
              <Summary numSequencePoints="8" visitedSequencePoints="8" numBranchPoints="5" visitedBranchPoints="5" sequenceCoverage="100" branchCoverage="100" maxCyclomaticComplexity="3" minCyclomaticComplexity="3" visitedClasses="0" numClasses="0" visitedMethods="1" numMethods="1" />
              <MetadataToken>100663400</MetadataToken>
              <Name>System.Void Monopoly.StreetField::SellHouse(Monopoly.Player,System.Int32)</Name>
              <FileRef uid="9" />
              <SequencePoints>
                <SequencePoint vc="3" uspid="594" ordinal="0" offset="0" sl="117" sc="5" el="117" ec="6" bec="0" bev="0" fileid="9" />
                <SequencePoint vc="3" uspid="595" ordinal="1" offset="1" sl="118" sc="7" el="118" ec="37" bec="2" bev="2" fileid="9" />
                <SequencePoint vc="1" uspid="596" ordinal="2" offset="27" sl="119" sc="9" el="119" ec="74" bec="0" bev="0" fileid="9" />
                <SequencePoint vc="2" uspid="597" ordinal="3" offset="38" sl="120" sc="7" el="120" ec="26" bec="2" bev="2" fileid="9" />
                <SequencePoint vc="1" uspid="598" ordinal="4" offset="51" sl="121" sc="9" el="121" ec="87" bec="0" bev="0" fileid="9" />
                <SequencePoint vc="1" uspid="599" ordinal="5" offset="62" sl="122" sc="7" el="122" ec="23" bec="0" bev="0" fileid="9" />
                <SequencePoint vc="1" uspid="600" ordinal="6" offset="77" sl="123" sc="7" el="123" ec="42" bec="0" bev="0" fileid="9" />
                <SequencePoint vc="1" uspid="601" ordinal="7" offset="97" sl="124" sc="5" el="124" ec="6" bec="0" bev="0" fileid="9" />
              </SequencePoints>
              <BranchPoints>
                <BranchPoint vc="1" uspid="602" ordinal="0" offset="25" sl="118" path="0" offsetend="27" fileid="9" />
                <BranchPoint vc="2" uspid="603" ordinal="1" offset="25" sl="118" path="1" offsetend="38" fileid="9" />
                <BranchPoint vc="1" uspid="604" ordinal="2" offset="49" sl="120" path="0" offsetend="51" fileid="9" />
                <BranchPoint vc="1" uspid="605" ordinal="3" offset="49" sl="120" path="1" offsetend="62" fileid="9" />
              </BranchPoints>
              <MethodPoint xsi:type="SequencePoint" vc="3" uspid="594" ordinal="0" offset="0" sl="117" sc="5" el="117" ec="6" bec="0" bev="0" fileid="9" />
            </Method>
            <Method visited="true" cyclomaticComplexity="4" nPathComplexity="8" sequenceCoverage="76.92" branchCoverage="57.14" isConstructor="false" isStatic="false" isGetter="false" isSetter="false">
              <Summary numSequencePoints="13" visitedSequencePoints="10" numBranchPoints="7" visitedBranchPoints="4" sequenceCoverage="76.92" branchCoverage="57.14" maxCyclomaticComplexity="4" minCyclomaticComplexity="4" visitedClasses="0" numClasses="0" visitedMethods="1" numMethods="1" />
              <MetadataToken>100663401</MetadataToken>
              <Name>System.Void Monopoly.StreetField::ExchangeField(Monopoly.Player,Monopoly.Player,System.Int32)</Name>
              <FileRef uid="9" />
              <SequencePoints>
                <SequencePoint vc="1" uspid="606" ordinal="0" offset="0" sl="127" sc="5" el="127" ec="6" bec="0" bev="0" fileid="9" />
                <SequencePoint vc="1" uspid="607" ordinal="1" offset="1" sl="128" sc="7" el="128" ec="21" bec="2" bev="1" fileid="9" />
                <SequencePoint vc="0" uspid="608" ordinal="2" offset="14" sl="129" sc="9" el="129" ec="132" bec="0" bev="0" fileid="9" />
                <SequencePoint vc="1" uspid="609" ordinal="3" offset="25" sl="130" sc="7" el="130" ec="36" bec="2" bev="1" fileid="9" />
                <SequencePoint vc="0" uspid="610" ordinal="4" offset="46" sl="131" sc="9" el="131" ec="73" bec="0" bev="0" fileid="9" />
                <SequencePoint vc="1" uspid="611" ordinal="5" offset="57" sl="132" sc="7" el="132" ec="41" bec="2" bev="1" fileid="9" />
                <SequencePoint vc="0" uspid="612" ordinal="6" offset="83" sl="133" sc="9" el="133" ec="94" bec="0" bev="0" fileid="9" />
                <SequencePoint vc="1" uspid="613" ordinal="7" offset="110" sl="134" sc="7" el="134" ec="39" bec="0" bev="0" fileid="9" />
                <SequencePoint vc="1" uspid="614" ordinal="8" offset="118" sl="135" sc="7" el="135" ec="39" bec="0" bev="0" fileid="9" />
                <SequencePoint vc="1" uspid="615" ordinal="9" offset="126" sl="136" sc="7" el="136" ec="39" bec="0" bev="0" fileid="9" />
                <SequencePoint vc="1" uspid="616" ordinal="10" offset="134" sl="137" sc="7" el="137" ec="34" bec="0" bev="0" fileid="9" />
                <SequencePoint vc="1" uspid="617" ordinal="11" offset="142" sl="138" sc="7" el="138" ec="26" bec="0" bev="0" fileid="9" />
                <SequencePoint vc="1" uspid="618" ordinal="12" offset="150" sl="139" sc="5" el="139" ec="6" bec="0" bev="0" fileid="9" />
              </SequencePoints>
              <BranchPoints>
                <BranchPoint vc="0" uspid="619" ordinal="0" offset="12" sl="128" path="0" offsetend="14" fileid="9" />
                <BranchPoint vc="1" uspid="620" ordinal="1" offset="12" sl="128" path="1" offsetend="25" fileid="9" />
                <BranchPoint vc="0" uspid="621" ordinal="2" offset="44" sl="130" path="0" offsetend="46" fileid="9" />
                <BranchPoint vc="1" uspid="622" ordinal="3" offset="44" sl="130" path="1" offsetend="57" fileid="9" />
                <BranchPoint vc="0" uspid="623" ordinal="4" offset="81" sl="132" path="0" offsetend="83" fileid="9" />
                <BranchPoint vc="1" uspid="624" ordinal="5" offset="81" sl="132" path="1" offsetend="110" fileid="9" />
              </BranchPoints>
              <MethodPoint xsi:type="SequencePoint" vc="1" uspid="606" ordinal="0" offset="0" sl="127" sc="5" el="127" ec="6" bec="0" bev="0" fileid="9" />
            </Method>
            <Method visited="true" cyclomaticComplexity="5" nPathComplexity="16" sequenceCoverage="75" branchCoverage="55.56" isConstructor="false" isStatic="false" isGetter="false" isSetter="false">
              <Summary numSequencePoints="16" visitedSequencePoints="12" numBranchPoints="9" visitedBranchPoints="5" sequenceCoverage="75" branchCoverage="55.56" maxCyclomaticComplexity="5" minCyclomaticComplexity="5" visitedClasses="0" numClasses="0" visitedMethods="1" numMethods="1" />
              <MetadataToken>100663402</MetadataToken>
              <Name>System.Void Monopoly.StreetField::ExchangeField(Monopoly.Player,Monopoly.Player,Monopoly.IRentableField)</Name>
              <FileRef uid="9" />
              <SequencePoints>
                <SequencePoint vc="1" uspid="625" ordinal="0" offset="0" sl="142" sc="5" el="142" ec="6" bec="0" bev="0" fileid="9" />
                <SequencePoint vc="1" uspid="626" ordinal="1" offset="1" sl="143" sc="7" el="143" ec="21" bec="2" bev="1" fileid="9" />
                <SequencePoint vc="0" uspid="627" ordinal="2" offset="14" sl="144" sc="9" el="144" ec="132" bec="0" bev="0" fileid="9" />
                <SequencePoint vc="1" uspid="628" ordinal="3" offset="25" sl="145" sc="7" el="145" ec="36" bec="2" bev="1" fileid="9" />
                <SequencePoint vc="0" uspid="629" ordinal="4" offset="46" sl="146" sc="9" el="146" ec="73" bec="0" bev="0" fileid="9" />
                <SequencePoint vc="1" uspid="630" ordinal="5" offset="57" sl="147" sc="7" el="147" ec="42" bec="2" bev="1" fileid="9" />
                <SequencePoint vc="0" uspid="631" ordinal="6" offset="83" sl="148" sc="9" el="148" ec="79" bec="0" bev="0" fileid="9" />
                <SequencePoint vc="1" uspid="632" ordinal="7" offset="105" sl="149" sc="7" el="149" ec="41" bec="2" bev="1" fileid="9" />
                <SequencePoint vc="0" uspid="633" ordinal="8" offset="131" sl="150" sc="9" el="150" ec="94" bec="0" bev="0" fileid="9" />
                <SequencePoint vc="1" uspid="634" ordinal="9" offset="158" sl="151" sc="7" el="151" ec="35" bec="0" bev="0" fileid="9" />
                <SequencePoint vc="1" uspid="635" ordinal="10" offset="166" sl="152" sc="7" el="152" ec="40" bec="0" bev="0" fileid="9" />
                <SequencePoint vc="1" uspid="636" ordinal="11" offset="174" sl="153" sc="7" el="153" ec="39" bec="0" bev="0" fileid="9" />
                <SequencePoint vc="1" uspid="637" ordinal="12" offset="182" sl="154" sc="7" el="154" ec="34" bec="0" bev="0" fileid="9" />
                <SequencePoint vc="1" uspid="638" ordinal="13" offset="190" sl="155" sc="7" el="155" ec="26" bec="0" bev="0" fileid="9" />
                <SequencePoint vc="1" uspid="639" ordinal="14" offset="198" sl="156" sc="7" el="156" ec="29" bec="0" bev="0" fileid="9" />
                <SequencePoint vc="1" uspid="640" ordinal="15" offset="206" sl="157" sc="5" el="157" ec="6" bec="0" bev="0" fileid="9" />
              </SequencePoints>
              <BranchPoints>
                <BranchPoint vc="0" uspid="641" ordinal="0" offset="12" sl="143" path="0" offsetend="14" fileid="9" />
                <BranchPoint vc="1" uspid="642" ordinal="1" offset="12" sl="143" path="1" offsetend="25" fileid="9" />
                <BranchPoint vc="0" uspid="643" ordinal="2" offset="44" sl="145" path="0" offsetend="46" fileid="9" />
                <BranchPoint vc="1" uspid="644" ordinal="3" offset="44" sl="145" path="1" offsetend="57" fileid="9" />
                <BranchPoint vc="0" uspid="645" ordinal="4" offset="81" sl="147" path="0" offsetend="83" fileid="9" />
                <BranchPoint vc="1" uspid="646" ordinal="5" offset="81" sl="147" path="1" offsetend="105" fileid="9" />
                <BranchPoint vc="0" uspid="647" ordinal="6" offset="129" sl="149" path="0" offsetend="131" fileid="9" />
                <BranchPoint vc="1" uspid="648" ordinal="7" offset="129" sl="149" path="1" offsetend="158" fileid="9" />
              </BranchPoints>
              <MethodPoint xsi:type="SequencePoint" vc="1" uspid="625" ordinal="0" offset="0" sl="142" sc="5" el="142" ec="6" bec="0" bev="0" fileid="9" />
            </Method>
            <Method visited="true" cyclomaticComplexity="2" nPathComplexity="2" sequenceCoverage="85.71" branchCoverage="66.67" isConstructor="false" isStatic="false" isGetter="false" isSetter="false">
              <Summary numSequencePoints="7" visitedSequencePoints="6" numBranchPoints="3" visitedBranchPoints="2" sequenceCoverage="85.71" branchCoverage="66.67" maxCyclomaticComplexity="2" minCyclomaticComplexity="2" visitedClasses="0" numClasses="0" visitedMethods="1" numMethods="1" />
              <MetadataToken>100663403</MetadataToken>
              <Name>System.Void Monopoly.StreetField::BuyInAuction(Monopoly.Player,System.Int32)</Name>
              <FileRef uid="9" />
              <SequencePoints>
                <SequencePoint vc="2" uspid="649" ordinal="0" offset="0" sl="160" sc="5" el="160" ec="6" bec="0" bev="0" fileid="9" />
                <SequencePoint vc="2" uspid="650" ordinal="1" offset="1" sl="161" sc="7" el="161" ec="25" bec="2" bev="1" fileid="9" />
                <SequencePoint vc="0" uspid="651" ordinal="2" offset="14" sl="162" sc="9" el="162" ec="100" bec="0" bev="0" fileid="9" />
                <SequencePoint vc="2" uspid="652" ordinal="3" offset="41" sl="164" sc="7" el="164" ec="35" bec="0" bev="0" fileid="9" />
                <SequencePoint vc="2" uspid="653" ordinal="4" offset="49" sl="165" sc="7" el="165" ec="37" bec="0" bev="0" fileid="9" />
                <SequencePoint vc="2" uspid="654" ordinal="5" offset="57" sl="166" sc="7" el="166" ec="24" bec="0" bev="0" fileid="9" />
                <SequencePoint vc="2" uspid="655" ordinal="6" offset="65" sl="167" sc="5" el="167" ec="6" bec="0" bev="0" fileid="9" />
              </SequencePoints>
              <BranchPoints>
                <BranchPoint vc="0" uspid="656" ordinal="0" offset="12" sl="161" path="0" offsetend="14" fileid="9" />
                <BranchPoint vc="2" uspid="657" ordinal="1" offset="12" sl="161" path="1" offsetend="41" fileid="9" />
              </BranchPoints>
              <MethodPoint xsi:type="SequencePoint" vc="2" uspid="649" ordinal="0" offset="0" sl="160" sc="5" el="160" ec="6" bec="0" bev="0" fileid="9" />
            </Method>
          </Methods>
        </Class>
        <Class>
          <Summary numSequencePoints="0" visitedSequencePoints="0" numBranchPoints="0" visitedBranchPoints="0" sequenceCoverage="0" branchCoverage="0" maxCyclomaticComplexity="1" minCyclomaticComplexity="1" visitedClasses="0" numClasses="0" visitedMethods="0" numMethods="0" />
          <FullName>Monopoly.StreetField/Costs</FullName>
          <Methods>
            <Method visited="true" cyclomaticComplexity="1" nPathComplexity="0" sequenceCoverage="0" branchCoverage="0" isConstructor="true" isStatic="false" isGetter="false" isSetter="false">
              <Summary numSequencePoints="0" visitedSequencePoints="0" numBranchPoints="0" visitedBranchPoints="0" sequenceCoverage="0" branchCoverage="0" maxCyclomaticComplexity="1" minCyclomaticComplexity="1" visitedClasses="0" numClasses="0" visitedMethods="0" numMethods="0" />
              <MetadataToken>100663407</MetadataToken>
              <Name>System.Void Monopoly.StreetField/Costs::.ctor()</Name>
              <SequencePoints />
              <BranchPoints />
              <MethodPoint vc="64" uspid="658" ordinal="0" offset="0" />
            </Method>
          </Methods>
        </Class>
        <Class>
          <Summary numSequencePoints="0" visitedSequencePoints="0" numBranchPoints="0" visitedBranchPoints="0" sequenceCoverage="0" branchCoverage="0" maxCyclomaticComplexity="0" minCyclomaticComplexity="0" visitedClasses="0" numClasses="0" visitedMethods="0" numMethods="0" />
          <FullName>&lt;PrivateImplementationDetails&gt;</FullName>
          <Methods />
        </Class>
      </Classes>
    </Module>
    <Module skippedDueTo="Filter" hash="D8-63-F1-E9-A7-C7-46-41-84-D7-48-3C-8D-DA-28-7F-0C-FB-DD-A8">
      <ModulePath>C:\WINDOWS\Microsoft.Net\assembly\GAC_MSIL\System.Xml\v4.0_4.0.0.0__b77a5c561934e089\System.Xml.dll</ModulePath>
      <ModuleTime>2017-09-29T13:43:06.7092017Z</ModuleTime>
      <ModuleName>System.Xml</ModuleName>
      <Classes />
    </Module>
  </Modules>
</CoverageSession>