<?xml version="1.0" encoding="utf-8"?>
<CoverageSession xmlns:xsd="http://www.w3.org/2001/XMLSchema" xmlns:xsi="http://www.w3.org/2001/XMLSchema-instance">
  <Summary numSequencePoints="1103" visitedSequencePoints="1011" numBranchPoints="432" visitedBranchPoints="361" sequenceCoverage="91.66" branchCoverage="83.56" maxCyclomaticComplexity="7" minCyclomaticComplexity="0" visitedClasses="25" numClasses="25" visitedMethods="202" numMethods="228" />
  <Modules>
    <Module skippedDueTo="Filter" hash="77-4F-9A-4C-09-29-60-46-23-FD-83-E9-79-2B-F5-77-B5-7F-46-94">
      <ModulePath>C:\WINDOWS\Microsoft.Net\assembly\GAC_32\mscorlib\v4.0_4.0.0.0__b77a5c561934e089\mscorlib.dll</ModulePath>
      <ModuleTime>2017-12-14T01:32:22.8510226Z</ModuleTime>
      <ModuleName>mscorlib</ModuleName>
      <Classes />
    </Module>
    <Module skippedDueTo="Filter" hash="CE-9B-54-ED-21-16-50-99-B7-A4-89-BD-71-1C-27-3C-44-0F-2E-09">
      <ModulePath>C:\Users\jsiedersberger\Documents\GitHub\Monopoly2.0\Monopoly\Test\bin\Debug\Test.exe</ModulePath>
      <ModuleTime>2018-04-23T12:45:49.7600807Z</ModuleTime>
      <ModuleName>Test</ModuleName>
      <Classes />
    </Module>
    <Module skippedDueTo="Filter" hash="6E-3E-EE-7E-B3-91-AE-F0-A6-19-79-5B-18-E9-B4-D0-B9-42-CB-38">
      <ModulePath>C:\Users\jsiedersberger\Documents\GitHub\Monopoly2.0\Monopoly\Test\bin\Debug\nunitlite.dll</ModulePath>
      <ModuleTime>2017-06-05T19:49:20Z</ModuleTime>
      <ModuleName>nunitlite</ModuleName>
      <Classes />
    </Module>
    <Module skippedDueTo="Filter" hash="DE-6F-4F-B5-38-CC-77-7B-8C-2C-DD-D4-82-02-87-E2-91-2C-AE-6A">
      <ModulePath>C:\Users\jsiedersberger\Documents\GitHub\Monopoly2.0\Monopoly\Test\bin\Debug\nunit.framework.dll</ModulePath>
      <ModuleTime>2017-06-05T19:49:20Z</ModuleTime>
      <ModuleName>nunit.framework</ModuleName>
      <Classes />
    </Module>
    <Module skippedDueTo="Filter" hash="CB-7B-C7-A0-09-0F-BA-F4-8A-02-A9-E9-2A-7B-43-34-93-46-0F-58">
      <ModulePath>C:\WINDOWS\Microsoft.Net\assembly\GAC_MSIL\System\v4.0_4.0.0.0__b77a5c561934e089\System.dll</ModulePath>
      <ModuleTime>2017-09-29T13:43:06.7717063Z</ModuleTime>
      <ModuleName>System</ModuleName>
      <Classes />
    </Module>
    <Module skippedDueTo="Filter" hash="4A-F4-16-E3-B7-42-DD-D3-EE-AC-F2-25-BE-F3-D2-88-B2-F6-A0-2F">
      <ModulePath>C:\WINDOWS\Microsoft.Net\assembly\GAC_MSIL\System.Core\v4.0_4.0.0.0__b77a5c561934e089\System.Core.dll</ModulePath>
      <ModuleTime>2017-12-14T01:32:22.8197739Z</ModuleTime>
      <ModuleName>System.Core</ModuleName>
      <Classes />
    </Module>
    <Module hash="30-71-78-96-AE-8C-E3-C6-AC-56-FF-95-08-7A-CF-8A-68-C1-C8-CD">
      <Summary numSequencePoints="1103" visitedSequencePoints="1011" numBranchPoints="432" visitedBranchPoints="361" sequenceCoverage="91.66" branchCoverage="83.56" maxCyclomaticComplexity="7" minCyclomaticComplexity="0" visitedClasses="25" numClasses="25" visitedMethods="202" numMethods="228" />
      <ModulePath>C:\Users\jsiedersberger\Documents\GitHub\Monopoly2.0\Monopoly\Test\bin\Debug\Monopoly.dll</ModulePath>
      <ModuleTime>2018-04-23T12:12:29.5232377Z</ModuleTime>
      <ModuleName>Monopoly</ModuleName>
      <Files>
        <File uid="1" fullPath="C:\Users\jsiedersberger\Documents\GitHub\Monopoly2.0\Monopoly\Monopoly\Exceptions\BankruptException.cs" />
        <File uid="2" fullPath="C:\Users\jsiedersberger\Documents\GitHub\Monopoly2.0\Monopoly\Monopoly\Fields\FieldCreator.cs" />
        <File uid="4" fullPath="C:\Users\jsiedersberger\Documents\GitHub\Monopoly2.0\Monopoly\Monopoly\Game\Game.cs" />
        <File uid="6" fullPath="C:\Users\jsiedersberger\Documents\GitHub\Monopoly2.0\Monopoly\Monopoly\Fields\GoToJailField.cs" />
        <File uid="7" fullPath="C:\Users\jsiedersberger\Documents\GitHub\Monopoly2.0\Monopoly\Monopoly\Fields\JailField.cs" />
        <File uid="8" fullPath="C:\Users\jsiedersberger\Documents\GitHub\Monopoly2.0\Monopoly\Monopoly\Exceptions\NotEnoughMoneyException.cs" />
        <File uid="9" fullPath="C:\Users\jsiedersberger\Documents\GitHub\Monopoly2.0\Monopoly\Monopoly\Game\Player.cs" />
        <File uid="10" fullPath="C:\Users\jsiedersberger\Documents\GitHub\Monopoly2.0\Monopoly\Monopoly\Fields\StartField.cs" />
        <File uid="11" fullPath="C:\Users\jsiedersberger\Documents\GitHub\Monopoly2.0\Monopoly\Monopoly\Fields\StreetField.cs" />
        <File uid="12" fullPath="C:\Users\jsiedersberger\Documents\GitHub\Monopoly2.0\Monopoly\Monopoly\Fields\SupplierField.cs" />
        <File uid="13" fullPath="C:\Users\jsiedersberger\Documents\GitHub\Monopoly2.0\Monopoly\Monopoly\Fields\TrainstationField.cs" />
        <File uid="14" fullPath="C:\Users\jsiedersberger\Documents\GitHub\Monopoly2.0\Monopoly\Monopoly\Fields\ChangeField.cs" />
        <File uid="15" fullPath="C:\Users\jsiedersberger\Documents\GitHub\Monopoly2.0\Monopoly\Monopoly\Fields\CommunityChestField.cs" />
        <File uid="16" fullPath="C:\Users\jsiedersberger\Documents\GitHub\Monopoly2.0\Monopoly\Monopoly\Cards\CardCreator.cs" />
        <File uid="17" fullPath="C:\Users\jsiedersberger\Documents\GitHub\Monopoly2.0\Monopoly\Monopoly\Cards\GetMoneyFromPlayersCard.cs" />
        <File uid="18" fullPath="C:\Users\jsiedersberger\Documents\GitHub\Monopoly2.0\Monopoly\Monopoly\Cards\GetOutOfJailCard.cs" />
        <File uid="19" fullPath="C:\Users\jsiedersberger\Documents\GitHub\Monopoly2.0\Monopoly\Monopoly\Cards\GoToJailCard.cs" />
        <File uid="20" fullPath="C:\Users\jsiedersberger\Documents\GitHub\Monopoly2.0\Monopoly\Monopoly\Cards\GoToNextMemberofGroupCard.cs" />
        <File uid="21" fullPath="C:\Users\jsiedersberger\Documents\GitHub\Monopoly2.0\Monopoly\Monopoly\Cards\MoneyCard.cs" />
        <File uid="22" fullPath="C:\Users\jsiedersberger\Documents\GitHub\Monopoly2.0\Monopoly\Monopoly\Cards\MoveCard.cs" />
        <File uid="23" fullPath="C:\Users\jsiedersberger\Documents\GitHub\Monopoly2.0\Monopoly\Monopoly\Cards\MoveToCard.cs" />
        <File uid="24" fullPath="C:\Users\jsiedersberger\Documents\GitHub\Monopoly2.0\Monopoly\Monopoly\Cards\PayPlayersCard.cs" />
        <File uid="25" fullPath="C:\Users\jsiedersberger\Documents\GitHub\Monopoly2.0\Monopoly\Monopoly\Cards\StreetRepairCard.cs" />
      </Files>
      <Classes>
        <Class>
          <Summary numSequencePoints="0" visitedSequencePoints="0" numBranchPoints="0" visitedBranchPoints="0" sequenceCoverage="0" branchCoverage="0" maxCyclomaticComplexity="0" minCyclomaticComplexity="0" visitedClasses="0" numClasses="0" visitedMethods="0" numMethods="0" />
          <FullName>&lt;Module&gt;</FullName>
          <Methods />
        </Class>
        <Class>
          <Summary numSequencePoints="9" visitedSequencePoints="3" numBranchPoints="3" visitedBranchPoints="1" sequenceCoverage="33.33" branchCoverage="33.33" maxCyclomaticComplexity="1" minCyclomaticComplexity="1" visitedClasses="1" numClasses="1" visitedMethods="1" numMethods="3" />
          <FullName>Monopoly.BankruptException</FullName>
          <Methods>
            <Method visited="true" cyclomaticComplexity="1" nPathComplexity="0" sequenceCoverage="100" branchCoverage="100" isConstructor="true" isStatic="false" isGetter="false" isSetter="false">
              <Summary numSequencePoints="3" visitedSequencePoints="3" numBranchPoints="1" visitedBranchPoints="1" sequenceCoverage="100" branchCoverage="100" maxCyclomaticComplexity="1" minCyclomaticComplexity="1" visitedClasses="0" numClasses="0" visitedMethods="1" numMethods="1" />
              <MetadataToken>100663297</MetadataToken>
              <Name>System.Void Monopoly.BankruptException::.ctor()</Name>
              <FileRef uid="1" />
              <SequencePoints>
                <SequencePoint vc="2" uspid="1" ordinal="0" offset="0" sl="11" sc="5" el="11" ec="31" bec="0" bev="0" fileid="1" />
                <SequencePoint vc="2" uspid="2" ordinal="1" offset="7" sl="12" sc="5" el="12" ec="6" bec="0" bev="0" fileid="1" />
                <SequencePoint vc="2" uspid="3" ordinal="2" offset="8" sl="13" sc="5" el="13" ec="6" bec="0" bev="0" fileid="1" />
              </SequencePoints>
              <BranchPoints />
              <MethodPoint xsi:type="SequencePoint" vc="2" uspid="1" ordinal="0" offset="0" sl="11" sc="5" el="11" ec="31" bec="0" bev="0" fileid="1" />
            </Method>
            <Method visited="false" cyclomaticComplexity="1" nPathComplexity="0" sequenceCoverage="0" branchCoverage="0" isConstructor="true" isStatic="false" isGetter="false" isSetter="false">
              <Summary numSequencePoints="3" visitedSequencePoints="0" numBranchPoints="1" visitedBranchPoints="0" sequenceCoverage="0" branchCoverage="0" maxCyclomaticComplexity="1" minCyclomaticComplexity="1" visitedClasses="0" numClasses="0" visitedMethods="0" numMethods="1" />
              <MetadataToken>100663298</MetadataToken>
              <Name>System.Void Monopoly.BankruptException::.ctor(System.String)</Name>
              <FileRef uid="1" />
              <SequencePoints>
                <SequencePoint vc="0" uspid="4" ordinal="0" offset="0" sl="16" sc="11" el="16" ec="24" bec="0" bev="0" fileid="1" />
                <SequencePoint vc="0" uspid="5" ordinal="1" offset="8" sl="17" sc="5" el="17" ec="6" bec="0" bev="0" fileid="1" />
                <SequencePoint vc="0" uspid="6" ordinal="2" offset="9" sl="18" sc="5" el="18" ec="6" bec="0" bev="0" fileid="1" />
              </SequencePoints>
              <BranchPoints />
              <MethodPoint xsi:type="SequencePoint" vc="0" uspid="4" ordinal="0" offset="0" sl="16" sc="11" el="16" ec="24" bec="0" bev="0" fileid="1" />
            </Method>
            <Method visited="false" cyclomaticComplexity="1" nPathComplexity="0" sequenceCoverage="0" branchCoverage="0" isConstructor="true" isStatic="false" isGetter="false" isSetter="false">
              <Summary numSequencePoints="3" visitedSequencePoints="0" numBranchPoints="1" visitedBranchPoints="0" sequenceCoverage="0" branchCoverage="0" maxCyclomaticComplexity="1" minCyclomaticComplexity="1" visitedClasses="0" numClasses="0" visitedMethods="0" numMethods="1" />
              <MetadataToken>100663299</MetadataToken>
              <Name>System.Void Monopoly.BankruptException::.ctor(System.String,System.Exception)</Name>
              <FileRef uid="1" />
              <SequencePoints>
                <SequencePoint vc="0" uspid="7" ordinal="0" offset="0" sl="21" sc="11" el="21" ec="31" bec="0" bev="0" fileid="1" />
                <SequencePoint vc="0" uspid="8" ordinal="1" offset="9" sl="22" sc="5" el="22" ec="6" bec="0" bev="0" fileid="1" />
                <SequencePoint vc="0" uspid="9" ordinal="2" offset="10" sl="23" sc="5" el="23" ec="6" bec="0" bev="0" fileid="1" />
              </SequencePoints>
              <BranchPoints />
              <MethodPoint xsi:type="SequencePoint" vc="0" uspid="7" ordinal="0" offset="0" sl="21" sc="11" el="21" ec="31" bec="0" bev="0" fileid="1" />
            </Method>
          </Methods>
        </Class>
        <Class>
          <Summary numSequencePoints="36" visitedSequencePoints="36" numBranchPoints="1" visitedBranchPoints="1" sequenceCoverage="100" branchCoverage="100" maxCyclomaticComplexity="1" minCyclomaticComplexity="1" visitedClasses="1" numClasses="1" visitedMethods="1" numMethods="1" />
          <FullName>Monopoly.FieldNames</FullName>
          <Methods>
            <Method visited="true" cyclomaticComplexity="1" nPathComplexity="0" sequenceCoverage="100" branchCoverage="100" isConstructor="true" isStatic="true" isGetter="false" isSetter="false">
              <Summary numSequencePoints="36" visitedSequencePoints="36" numBranchPoints="1" visitedBranchPoints="1" sequenceCoverage="100" branchCoverage="100" maxCyclomaticComplexity="1" minCyclomaticComplexity="1" visitedClasses="0" numClasses="0" visitedMethods="1" numMethods="1" />
              <MetadataToken>100663300</MetadataToken>
              <Name>System.Void Monopoly.FieldNames::.cctor()</Name>
              <FileRef uid="2" />
              <SequencePoints>
                <SequencePoint vc="1" uspid="10" ordinal="0" offset="0" sl="15" sc="5" el="15" ec="56" bec="0" bev="0" fileid="2" />
                <SequencePoint vc="1" uspid="11" ordinal="1" offset="10" sl="16" sc="5" el="16" ec="63" bec="0" bev="0" fileid="2" />
                <SequencePoint vc="1" uspid="12" ordinal="2" offset="20" sl="17" sc="5" el="17" ec="68" bec="0" bev="0" fileid="2" />
                <SequencePoint vc="1" uspid="13" ordinal="3" offset="30" sl="18" sc="5" el="18" ec="53" bec="0" bev="0" fileid="2" />
                <SequencePoint vc="1" uspid="14" ordinal="4" offset="40" sl="19" sc="5" el="19" ec="63" bec="0" bev="0" fileid="2" />
                <SequencePoint vc="1" uspid="15" ordinal="5" offset="50" sl="20" sc="5" el="20" ec="49" bec="0" bev="0" fileid="2" />
                <SequencePoint vc="1" uspid="16" ordinal="6" offset="60" sl="21" sc="5" el="21" ec="51" bec="0" bev="0" fileid="2" />
                <SequencePoint vc="1" uspid="17" ordinal="7" offset="70" sl="22" sc="5" el="22" ec="66" bec="0" bev="0" fileid="2" />
                <SequencePoint vc="1" uspid="18" ordinal="8" offset="80" sl="23" sc="5" el="23" ec="51" bec="0" bev="0" fileid="2" />
                <SequencePoint vc="1" uspid="19" ordinal="9" offset="90" sl="24" sc="5" el="24" ec="67" bec="0" bev="0" fileid="2" />
                <SequencePoint vc="1" uspid="20" ordinal="10" offset="100" sl="25" sc="5" el="25" ec="53" bec="0" bev="0" fileid="2" />
                <SequencePoint vc="1" uspid="21" ordinal="11" offset="110" sl="26" sc="5" el="26" ec="44" bec="0" bev="0" fileid="2" />
                <SequencePoint vc="1" uspid="22" ordinal="12" offset="120" sl="27" sc="5" el="27" ec="55" bec="0" bev="0" fileid="2" />
                <SequencePoint vc="1" uspid="23" ordinal="13" offset="130" sl="28" sc="5" el="28" ec="63" bec="0" bev="0" fileid="2" />
                <SequencePoint vc="1" uspid="24" ordinal="14" offset="140" sl="29" sc="5" el="29" ec="63" bec="0" bev="0" fileid="2" />
                <SequencePoint vc="1" uspid="25" ordinal="15" offset="150" sl="30" sc="5" el="30" ec="62" bec="0" bev="0" fileid="2" />
                <SequencePoint vc="1" uspid="26" ordinal="16" offset="160" sl="31" sc="5" el="31" ec="52" bec="0" bev="0" fileid="2" />
                <SequencePoint vc="1" uspid="27" ordinal="17" offset="170" sl="32" sc="5" el="32" ec="57" bec="0" bev="0" fileid="2" />
                <SequencePoint vc="1" uspid="28" ordinal="18" offset="180" sl="33" sc="5" el="33" ec="57" bec="0" bev="0" fileid="2" />
                <SequencePoint vc="1" uspid="29" ordinal="19" offset="190" sl="34" sc="5" el="34" ec="53" bec="0" bev="0" fileid="2" />
                <SequencePoint vc="1" uspid="30" ordinal="20" offset="200" sl="35" sc="5" el="35" ec="49" bec="0" bev="0" fileid="2" />
                <SequencePoint vc="1" uspid="31" ordinal="21" offset="210" sl="36" sc="5" el="36" ec="46" bec="0" bev="0" fileid="2" />
                <SequencePoint vc="1" uspid="32" ordinal="22" offset="220" sl="38" sc="5" el="38" ec="60" bec="0" bev="0" fileid="2" />
                <SequencePoint vc="1" uspid="33" ordinal="23" offset="230" sl="39" sc="5" el="39" ec="67" bec="0" bev="0" fileid="2" />
                <SequencePoint vc="1" uspid="34" ordinal="24" offset="240" sl="40" sc="5" el="40" ec="65" bec="0" bev="0" fileid="2" />
                <SequencePoint vc="1" uspid="35" ordinal="25" offset="250" sl="41" sc="5" el="41" ec="65" bec="0" bev="0" fileid="2" />
                <SequencePoint vc="1" uspid="36" ordinal="26" offset="260" sl="43" sc="5" el="43" ec="53" bec="0" bev="0" fileid="2" />
                <SequencePoint vc="1" uspid="37" ordinal="27" offset="270" sl="44" sc="5" el="44" ec="59" bec="0" bev="0" fileid="2" />
                <SequencePoint vc="1" uspid="38" ordinal="28" offset="280" sl="46" sc="5" el="46" ec="61" bec="0" bev="0" fileid="2" />
                <SequencePoint vc="1" uspid="39" ordinal="29" offset="290" sl="47" sc="5" el="47" ec="44" bec="0" bev="0" fileid="2" />
                <SequencePoint vc="1" uspid="40" ordinal="30" offset="300" sl="48" sc="5" el="48" ec="50" bec="0" bev="0" fileid="2" />
                <SequencePoint vc="1" uspid="41" ordinal="31" offset="310" sl="49" sc="5" el="49" ec="55" bec="0" bev="0" fileid="2" />
                <SequencePoint vc="1" uspid="42" ordinal="32" offset="320" sl="50" sc="5" el="50" ec="40" bec="0" bev="0" fileid="2" />
                <SequencePoint vc="1" uspid="43" ordinal="33" offset="330" sl="52" sc="5" el="52" ec="49" bec="0" bev="0" fileid="2" />
                <SequencePoint vc="1" uspid="44" ordinal="34" offset="340" sl="53" sc="5" el="53" ec="51" bec="0" bev="0" fileid="2" />
                <SequencePoint vc="1" uspid="45" ordinal="35" offset="350" sl="55" sc="5" el="55" ec="42" bec="0" bev="0" fileid="2" />
              </SequencePoints>
              <BranchPoints />
              <MethodPoint xsi:type="SequencePoint" vc="1" uspid="10" ordinal="0" offset="0" sl="15" sc="5" el="15" ec="56" bec="0" bev="0" fileid="2" />
            </Method>
          </Methods>
        </Class>
        <Class>
          <Summary numSequencePoints="42" visitedSequencePoints="42" numBranchPoints="14" visitedBranchPoints="14" sequenceCoverage="100" branchCoverage="100" maxCyclomaticComplexity="1" minCyclomaticComplexity="1" visitedClasses="1" numClasses="1" visitedMethods="14" numMethods="14" />
          <FullName>Monopoly.FieldCreator</FullName>
          <Methods>
            <Method visited="true" cyclomaticComplexity="1" nPathComplexity="0" sequenceCoverage="100" branchCoverage="100" isConstructor="false" isStatic="true" isGetter="false" isSetter="false">
              <Summary numSequencePoints="3" visitedSequencePoints="3" numBranchPoints="1" visitedBranchPoints="1" sequenceCoverage="100" branchCoverage="100" maxCyclomaticComplexity="1" minCyclomaticComplexity="1" visitedClasses="0" numClasses="0" visitedMethods="1" numMethods="1" />
              <MetadataToken>100663301</MetadataToken>
              <Name>Monopoly.IField[] Monopoly.FieldCreator::Create(Monopoly.Game)</Name>
              <FileRef uid="2" />
              <SequencePoints>
                <SequencePoint vc="45" uspid="46" ordinal="0" offset="0" sl="82" sc="5" el="82" ec="6" bec="0" bev="0" fileid="2" />
                <SequencePoint vc="45" uspid="47" ordinal="1" offset="1" sl="83" sc="7" el="97" ec="9" bec="0" bev="0" fileid="2" />
                <SequencePoint vc="45" uspid="48" ordinal="2" offset="132" sl="98" sc="5" el="98" ec="6" bec="0" bev="0" fileid="2" />
              </SequencePoints>
              <BranchPoints />
              <MethodPoint xsi:type="SequencePoint" vc="45" uspid="46" ordinal="0" offset="0" sl="82" sc="5" el="82" ec="6" bec="0" bev="0" fileid="2" />
            </Method>
            <Method visited="true" cyclomaticComplexity="1" nPathComplexity="0" sequenceCoverage="100" branchCoverage="100" isConstructor="false" isStatic="true" isGetter="false" isSetter="false">
              <Summary numSequencePoints="3" visitedSequencePoints="3" numBranchPoints="1" visitedBranchPoints="1" sequenceCoverage="100" branchCoverage="100" maxCyclomaticComplexity="1" minCyclomaticComplexity="1" visitedClasses="0" numClasses="0" visitedMethods="1" numMethods="1" />
              <MetadataToken>100663302</MetadataToken>
              <Name>Monopoly.StartField Monopoly.FieldCreator::CreateStartField(Monopoly.Game)</Name>
              <FileRef uid="2" />
              <SequencePoints>
                <SequencePoint vc="45" uspid="49" ordinal="0" offset="0" sl="101" sc="5" el="101" ec="6" bec="0" bev="0" fileid="2" />
                <SequencePoint vc="45" uspid="50" ordinal="1" offset="1" sl="102" sc="7" el="102" ec="52" bec="0" bev="0" fileid="2" />
                <SequencePoint vc="45" uspid="51" ordinal="2" offset="15" sl="103" sc="5" el="103" ec="6" bec="0" bev="0" fileid="2" />
              </SequencePoints>
              <BranchPoints />
              <MethodPoint xsi:type="SequencePoint" vc="45" uspid="49" ordinal="0" offset="0" sl="101" sc="5" el="101" ec="6" bec="0" bev="0" fileid="2" />
            </Method>
            <Method visited="true" cyclomaticComplexity="1" nPathComplexity="0" sequenceCoverage="100" branchCoverage="100" isConstructor="false" isStatic="true" isGetter="false" isSetter="false">
              <Summary numSequencePoints="3" visitedSequencePoints="3" numBranchPoints="1" visitedBranchPoints="1" sequenceCoverage="100" branchCoverage="100" maxCyclomaticComplexity="1" minCyclomaticComplexity="1" visitedClasses="0" numClasses="0" visitedMethods="1" numMethods="1" />
              <MetadataToken>100663303</MetadataToken>
              <Name>Monopoly.IRentableField Monopoly.FieldCreator::CreateOldKentRoad(Monopoly.Game)</Name>
              <FileRef uid="2" />
              <SequencePoints>
                <SequencePoint vc="45" uspid="52" ordinal="0" offset="0" sl="106" sc="5" el="106" ec="6" bec="0" bev="0" fileid="2" />
                <SequencePoint vc="45" uspid="53" ordinal="1" offset="1" sl="107" sc="7" el="113" ec="10" bec="0" bev="0" fileid="2" />
                <SequencePoint vc="45" uspid="54" ordinal="2" offset="70" sl="114" sc="5" el="114" ec="6" bec="0" bev="0" fileid="2" />
              </SequencePoints>
              <BranchPoints />
              <MethodPoint xsi:type="SequencePoint" vc="45" uspid="52" ordinal="0" offset="0" sl="106" sc="5" el="106" ec="6" bec="0" bev="0" fileid="2" />
            </Method>
            <Method visited="true" cyclomaticComplexity="1" nPathComplexity="0" sequenceCoverage="100" branchCoverage="100" isConstructor="false" isStatic="true" isGetter="false" isSetter="false">
              <Summary numSequencePoints="3" visitedSequencePoints="3" numBranchPoints="1" visitedBranchPoints="1" sequenceCoverage="100" branchCoverage="100" maxCyclomaticComplexity="1" minCyclomaticComplexity="1" visitedClasses="0" numClasses="0" visitedMethods="1" numMethods="1" />
              <MetadataToken>100663304</MetadataToken>
              <Name>Monopoly.StreetField Monopoly.FieldCreator::CreateWhiteChapelRoad(Monopoly.Game)</Name>
              <FileRef uid="2" />
              <SequencePoints>
                <SequencePoint vc="45" uspid="55" ordinal="0" offset="0" sl="117" sc="5" el="117" ec="6" bec="0" bev="0" fileid="2" />
                <SequencePoint vc="45" uspid="56" ordinal="1" offset="1" sl="118" sc="7" el="124" ec="10" bec="0" bev="0" fileid="2" />
                <SequencePoint vc="45" uspid="57" ordinal="2" offset="70" sl="125" sc="5" el="125" ec="6" bec="0" bev="0" fileid="2" />
              </SequencePoints>
              <BranchPoints />
              <MethodPoint xsi:type="SequencePoint" vc="45" uspid="55" ordinal="0" offset="0" sl="117" sc="5" el="117" ec="6" bec="0" bev="0" fileid="2" />
            </Method>
            <Method visited="true" cyclomaticComplexity="1" nPathComplexity="0" sequenceCoverage="100" branchCoverage="100" isConstructor="false" isStatic="true" isGetter="false" isSetter="false">
              <Summary numSequencePoints="3" visitedSequencePoints="3" numBranchPoints="1" visitedBranchPoints="1" sequenceCoverage="100" branchCoverage="100" maxCyclomaticComplexity="1" minCyclomaticComplexity="1" visitedClasses="0" numClasses="0" visitedMethods="1" numMethods="1" />
              <MetadataToken>100663305</MetadataToken>
              <Name>Monopoly.StreetField Monopoly.FieldCreator::CreateParkLane(Monopoly.Game)</Name>
              <FileRef uid="2" />
              <SequencePoints>
                <SequencePoint vc="45" uspid="58" ordinal="0" offset="0" sl="128" sc="5" el="128" ec="6" bec="0" bev="0" fileid="2" />
                <SequencePoint vc="45" uspid="59" ordinal="1" offset="1" sl="129" sc="7" el="135" ec="10" bec="0" bev="0" fileid="2" />
                <SequencePoint vc="45" uspid="60" ordinal="2" offset="79" sl="136" sc="5" el="136" ec="6" bec="0" bev="0" fileid="2" />
              </SequencePoints>
              <BranchPoints />
              <MethodPoint xsi:type="SequencePoint" vc="45" uspid="58" ordinal="0" offset="0" sl="128" sc="5" el="128" ec="6" bec="0" bev="0" fileid="2" />
            </Method>
            <Method visited="true" cyclomaticComplexity="1" nPathComplexity="0" sequenceCoverage="100" branchCoverage="100" isConstructor="false" isStatic="true" isGetter="false" isSetter="false">
              <Summary numSequencePoints="3" visitedSequencePoints="3" numBranchPoints="1" visitedBranchPoints="1" sequenceCoverage="100" branchCoverage="100" maxCyclomaticComplexity="1" minCyclomaticComplexity="1" visitedClasses="0" numClasses="0" visitedMethods="1" numMethods="1" />
              <MetadataToken>100663306</MetadataToken>
              <Name>Monopoly.StreetField Monopoly.FieldCreator::CreateMayfair(Monopoly.Game)</Name>
              <FileRef uid="2" />
              <SequencePoints>
                <SequencePoint vc="45" uspid="61" ordinal="0" offset="0" sl="139" sc="5" el="139" ec="6" bec="0" bev="0" fileid="2" />
                <SequencePoint vc="45" uspid="62" ordinal="1" offset="1" sl="140" sc="7" el="146" ec="10" bec="0" bev="0" fileid="2" />
                <SequencePoint vc="45" uspid="63" ordinal="2" offset="79" sl="147" sc="5" el="147" ec="6" bec="0" bev="0" fileid="2" />
              </SequencePoints>
              <BranchPoints />
              <MethodPoint xsi:type="SequencePoint" vc="45" uspid="61" ordinal="0" offset="0" sl="139" sc="5" el="139" ec="6" bec="0" bev="0" fileid="2" />
            </Method>
            <Method visited="true" cyclomaticComplexity="1" nPathComplexity="0" sequenceCoverage="100" branchCoverage="100" isConstructor="false" isStatic="true" isGetter="false" isSetter="false">
              <Summary numSequencePoints="3" visitedSequencePoints="3" numBranchPoints="1" visitedBranchPoints="1" sequenceCoverage="100" branchCoverage="100" maxCyclomaticComplexity="1" minCyclomaticComplexity="1" visitedClasses="0" numClasses="0" visitedMethods="1" numMethods="1" />
              <MetadataToken>100663307</MetadataToken>
              <Name>Monopoly.TrainstationField Monopoly.FieldCreator::CreateKingsCrossStation(Monopoly.Game)</Name>
              <FileRef uid="2" />
              <SequencePoints>
                <SequencePoint vc="45" uspid="64" ordinal="0" offset="0" sl="150" sc="5" el="150" ec="6" bec="0" bev="0" fileid="2" />
                <SequencePoint vc="45" uspid="65" ordinal="1" offset="1" sl="151" sc="7" el="156" ec="10" bec="0" bev="0" fileid="2" />
                <SequencePoint vc="45" uspid="66" ordinal="2" offset="65" sl="157" sc="5" el="157" ec="6" bec="0" bev="0" fileid="2" />
              </SequencePoints>
              <BranchPoints />
              <MethodPoint xsi:type="SequencePoint" vc="45" uspid="64" ordinal="0" offset="0" sl="150" sc="5" el="150" ec="6" bec="0" bev="0" fileid="2" />
            </Method>
            <Method visited="true" cyclomaticComplexity="1" nPathComplexity="0" sequenceCoverage="100" branchCoverage="100" isConstructor="false" isStatic="true" isGetter="false" isSetter="false">
              <Summary numSequencePoints="3" visitedSequencePoints="3" numBranchPoints="1" visitedBranchPoints="1" sequenceCoverage="100" branchCoverage="100" maxCyclomaticComplexity="1" minCyclomaticComplexity="1" visitedClasses="0" numClasses="0" visitedMethods="1" numMethods="1" />
              <MetadataToken>100663308</MetadataToken>
              <Name>Monopoly.TrainstationField Monopoly.FieldCreator::CreateMaryLeboneStation(Monopoly.Game)</Name>
              <FileRef uid="2" />
              <SequencePoints>
                <SequencePoint vc="45" uspid="67" ordinal="0" offset="0" sl="160" sc="5" el="160" ec="6" bec="0" bev="0" fileid="2" />
                <SequencePoint vc="45" uspid="68" ordinal="1" offset="1" sl="161" sc="7" el="166" ec="10" bec="0" bev="0" fileid="2" />
                <SequencePoint vc="45" uspid="69" ordinal="2" offset="65" sl="167" sc="5" el="167" ec="6" bec="0" bev="0" fileid="2" />
              </SequencePoints>
              <BranchPoints />
              <MethodPoint xsi:type="SequencePoint" vc="45" uspid="67" ordinal="0" offset="0" sl="160" sc="5" el="160" ec="6" bec="0" bev="0" fileid="2" />
            </Method>
            <Method visited="true" cyclomaticComplexity="1" nPathComplexity="0" sequenceCoverage="100" branchCoverage="100" isConstructor="false" isStatic="true" isGetter="false" isSetter="false">
              <Summary numSequencePoints="3" visitedSequencePoints="3" numBranchPoints="1" visitedBranchPoints="1" sequenceCoverage="100" branchCoverage="100" maxCyclomaticComplexity="1" minCyclomaticComplexity="1" visitedClasses="0" numClasses="0" visitedMethods="1" numMethods="1" />
              <MetadataToken>100663309</MetadataToken>
              <Name>Monopoly.SupplierField Monopoly.FieldCreator::CreateWaterWorks(Monopoly.Game)</Name>
              <FileRef uid="2" />
              <SequencePoints>
                <SequencePoint vc="45" uspid="70" ordinal="0" offset="0" sl="170" sc="5" el="170" ec="6" bec="0" bev="0" fileid="2" />
                <SequencePoint vc="45" uspid="71" ordinal="1" offset="1" sl="171" sc="7" el="175" ec="10" bec="0" bev="0" fileid="2" />
                <SequencePoint vc="45" uspid="72" ordinal="2" offset="41" sl="176" sc="5" el="176" ec="6" bec="0" bev="0" fileid="2" />
              </SequencePoints>
              <BranchPoints />
              <MethodPoint xsi:type="SequencePoint" vc="45" uspid="70" ordinal="0" offset="0" sl="170" sc="5" el="170" ec="6" bec="0" bev="0" fileid="2" />
            </Method>
            <Method visited="true" cyclomaticComplexity="1" nPathComplexity="0" sequenceCoverage="100" branchCoverage="100" isConstructor="false" isStatic="true" isGetter="false" isSetter="false">
              <Summary numSequencePoints="3" visitedSequencePoints="3" numBranchPoints="1" visitedBranchPoints="1" sequenceCoverage="100" branchCoverage="100" maxCyclomaticComplexity="1" minCyclomaticComplexity="1" visitedClasses="0" numClasses="0" visitedMethods="1" numMethods="1" />
              <MetadataToken>100663310</MetadataToken>
              <Name>Monopoly.SupplierField Monopoly.FieldCreator::CreateEnergyCompany(Monopoly.Game)</Name>
              <FileRef uid="2" />
              <SequencePoints>
                <SequencePoint vc="45" uspid="73" ordinal="0" offset="0" sl="179" sc="5" el="179" ec="6" bec="0" bev="0" fileid="2" />
                <SequencePoint vc="45" uspid="74" ordinal="1" offset="1" sl="180" sc="7" el="184" ec="10" bec="0" bev="0" fileid="2" />
                <SequencePoint vc="45" uspid="75" ordinal="2" offset="41" sl="185" sc="5" el="185" ec="6" bec="0" bev="0" fileid="2" />
              </SequencePoints>
              <BranchPoints />
              <MethodPoint xsi:type="SequencePoint" vc="45" uspid="73" ordinal="0" offset="0" sl="179" sc="5" el="179" ec="6" bec="0" bev="0" fileid="2" />
            </Method>
            <Method visited="true" cyclomaticComplexity="1" nPathComplexity="0" sequenceCoverage="100" branchCoverage="100" isConstructor="false" isStatic="true" isGetter="false" isSetter="false">
              <Summary numSequencePoints="3" visitedSequencePoints="3" numBranchPoints="1" visitedBranchPoints="1" sequenceCoverage="100" branchCoverage="100" maxCyclomaticComplexity="1" minCyclomaticComplexity="1" visitedClasses="0" numClasses="0" visitedMethods="1" numMethods="1" />
              <MetadataToken>100663311</MetadataToken>
              <Name>Monopoly.GoToJailField Monopoly.FieldCreator::CreateGoToJailField(Monopoly.Game)</Name>
              <FileRef uid="2" />
              <SequencePoints>
                <SequencePoint vc="45" uspid="76" ordinal="0" offset="0" sl="188" sc="5" el="188" ec="6" bec="0" bev="0" fileid="2" />
                <SequencePoint vc="45" uspid="77" ordinal="1" offset="1" sl="189" sc="7" el="189" ec="59" bec="0" bev="0" fileid="2" />
                <SequencePoint vc="45" uspid="78" ordinal="2" offset="15" sl="190" sc="5" el="190" ec="6" bec="0" bev="0" fileid="2" />
              </SequencePoints>
              <BranchPoints />
              <MethodPoint xsi:type="SequencePoint" vc="45" uspid="76" ordinal="0" offset="0" sl="188" sc="5" el="188" ec="6" bec="0" bev="0" fileid="2" />
            </Method>
            <Method visited="true" cyclomaticComplexity="1" nPathComplexity="0" sequenceCoverage="100" branchCoverage="100" isConstructor="false" isStatic="true" isGetter="false" isSetter="false">
              <Summary numSequencePoints="3" visitedSequencePoints="3" numBranchPoints="1" visitedBranchPoints="1" sequenceCoverage="100" branchCoverage="100" maxCyclomaticComplexity="1" minCyclomaticComplexity="1" visitedClasses="0" numClasses="0" visitedMethods="1" numMethods="1" />
              <MetadataToken>100663312</MetadataToken>
              <Name>Monopoly.JailField Monopoly.FieldCreator::CreateJailField(Monopoly.Game)</Name>
              <FileRef uid="2" />
              <SequencePoints>
                <SequencePoint vc="45" uspid="79" ordinal="0" offset="0" sl="193" sc="5" el="193" ec="6" bec="0" bev="0" fileid="2" />
                <SequencePoint vc="45" uspid="80" ordinal="1" offset="1" sl="194" sc="7" el="194" ec="51" bec="0" bev="0" fileid="2" />
                <SequencePoint vc="45" uspid="81" ordinal="2" offset="15" sl="195" sc="5" el="195" ec="6" bec="0" bev="0" fileid="2" />
              </SequencePoints>
              <BranchPoints />
              <MethodPoint xsi:type="SequencePoint" vc="45" uspid="79" ordinal="0" offset="0" sl="193" sc="5" el="193" ec="6" bec="0" bev="0" fileid="2" />
            </Method>
            <Method visited="true" cyclomaticComplexity="1" nPathComplexity="0" sequenceCoverage="100" branchCoverage="100" isConstructor="false" isStatic="true" isGetter="false" isSetter="false">
              <Summary numSequencePoints="3" visitedSequencePoints="3" numBranchPoints="1" visitedBranchPoints="1" sequenceCoverage="100" branchCoverage="100" maxCyclomaticComplexity="1" minCyclomaticComplexity="1" visitedClasses="0" numClasses="0" visitedMethods="1" numMethods="1" />
              <MetadataToken>100663313</MetadataToken>
              <Name>Monopoly.Fields.CommunityChestField Monopoly.FieldCreator::CreateCommunityChestField(Monopoly.Game)</Name>
              <FileRef uid="2" />
              <SequencePoints>
                <SequencePoint vc="45" uspid="82" ordinal="0" offset="0" sl="198" sc="5" el="198" ec="6" bec="0" bev="0" fileid="2" />
                <SequencePoint vc="45" uspid="83" ordinal="1" offset="1" sl="199" sc="7" el="199" ec="94" bec="0" bev="0" fileid="2" />
                <SequencePoint vc="45" uspid="84" ordinal="2" offset="17" sl="200" sc="5" el="200" ec="6" bec="0" bev="0" fileid="2" />
              </SequencePoints>
              <BranchPoints />
              <MethodPoint xsi:type="SequencePoint" vc="45" uspid="82" ordinal="0" offset="0" sl="198" sc="5" el="198" ec="6" bec="0" bev="0" fileid="2" />
            </Method>
            <Method visited="true" cyclomaticComplexity="1" nPathComplexity="0" sequenceCoverage="100" branchCoverage="100" isConstructor="false" isStatic="true" isGetter="false" isSetter="false">
              <Summary numSequencePoints="3" visitedSequencePoints="3" numBranchPoints="1" visitedBranchPoints="1" sequenceCoverage="100" branchCoverage="100" maxCyclomaticComplexity="1" minCyclomaticComplexity="1" visitedClasses="0" numClasses="0" visitedMethods="1" numMethods="1" />
              <MetadataToken>100663314</MetadataToken>
              <Name>Monopoly.Fields.ChangeField Monopoly.FieldCreator::CreateChangeField(Monopoly.Game)</Name>
              <FileRef uid="2" />
              <SequencePoints>
                <SequencePoint vc="45" uspid="85" ordinal="0" offset="0" sl="203" sc="5" el="203" ec="6" bec="0" bev="0" fileid="2" />
                <SequencePoint vc="45" uspid="86" ordinal="1" offset="1" sl="204" sc="7" el="204" ec="86" bec="0" bev="0" fileid="2" />
                <SequencePoint vc="45" uspid="87" ordinal="2" offset="17" sl="205" sc="5" el="205" ec="6" bec="0" bev="0" fileid="2" />
              </SequencePoints>
              <BranchPoints />
              <MethodPoint xsi:type="SequencePoint" vc="45" uspid="85" ordinal="0" offset="0" sl="203" sc="5" el="203" ec="6" bec="0" bev="0" fileid="2" />
            </Method>
            <Method visited="false" cyclomaticComplexity="1" nPathComplexity="0" sequenceCoverage="0" branchCoverage="0" isConstructor="true" isStatic="false" isGetter="false" isSetter="false">
              <Summary numSequencePoints="0" visitedSequencePoints="0" numBranchPoints="0" visitedBranchPoints="0" sequenceCoverage="0" branchCoverage="0" maxCyclomaticComplexity="1" minCyclomaticComplexity="1" visitedClasses="0" numClasses="0" visitedMethods="0" numMethods="0" />
              <MetadataToken>100663315</MetadataToken>
              <Name>System.Void Monopoly.FieldCreator::.ctor()</Name>
              <SequencePoints />
              <BranchPoints />
              <MethodPoint vc="0" uspid="88" ordinal="0" offset="0" />
            </Method>
          </Methods>
        </Class>
        <Class>
          <Summary numSequencePoints="386" visitedSequencePoints="360" numBranchPoints="115" visitedBranchPoints="96" sequenceCoverage="93.26" branchCoverage="83.48" maxCyclomaticComplexity="7" minCyclomaticComplexity="1" visitedClasses="1" numClasses="1" visitedMethods="48" numMethods="49" />
          <FullName>Monopoly.Game</FullName>
          <Methods>
            <Method visited="true" cyclomaticComplexity="1" nPathComplexity="0" sequenceCoverage="100" branchCoverage="100" isConstructor="false" isStatic="false" isGetter="true" isSetter="false">
              <Summary numSequencePoints="1" visitedSequencePoints="1" numBranchPoints="1" visitedBranchPoints="1" sequenceCoverage="100" branchCoverage="100" maxCyclomaticComplexity="1" minCyclomaticComplexity="1" visitedClasses="0" numClasses="0" visitedMethods="1" numMethods="1" />
              <MetadataToken>100663316</MetadataToken>
              <Name>Monopoly.Player Monopoly.Game::get_CurrentPlayer()</Name>
              <FileRef uid="4" />
              <SequencePoints>
                <SequencePoint vc="16" uspid="89" ordinal="0" offset="0" sl="24" sc="35" el="24" ec="39" bec="0" bev="0" fileid="4" />
              </SequencePoints>
              <BranchPoints />
              <MethodPoint xsi:type="SequencePoint" vc="16" uspid="89" ordinal="0" offset="0" sl="24" sc="35" el="24" ec="39" bec="0" bev="0" fileid="4" />
            </Method>
            <Method visited="true" cyclomaticComplexity="1" nPathComplexity="0" sequenceCoverage="100" branchCoverage="100" isConstructor="false" isStatic="false" isGetter="false" isSetter="true">
              <Summary numSequencePoints="1" visitedSequencePoints="1" numBranchPoints="1" visitedBranchPoints="1" sequenceCoverage="100" branchCoverage="100" maxCyclomaticComplexity="1" minCyclomaticComplexity="1" visitedClasses="0" numClasses="0" visitedMethods="1" numMethods="1" />
              <MetadataToken>100663317</MetadataToken>
              <Name>System.Void Monopoly.Game::set_CurrentPlayer(Monopoly.Player)</Name>
              <FileRef uid="4" />
              <SequencePoints>
                <SequencePoint vc="49" uspid="90" ordinal="0" offset="0" sl="24" sc="40" el="24" ec="52" bec="0" bev="0" fileid="4" />
              </SequencePoints>
              <BranchPoints />
              <MethodPoint xsi:type="SequencePoint" vc="49" uspid="90" ordinal="0" offset="0" sl="24" sc="40" el="24" ec="52" bec="0" bev="0" fileid="4" />
            </Method>
            <Method visited="true" cyclomaticComplexity="1" nPathComplexity="0" sequenceCoverage="100" branchCoverage="100" isConstructor="false" isStatic="false" isGetter="true" isSetter="false">
              <Summary numSequencePoints="3" visitedSequencePoints="3" numBranchPoints="1" visitedBranchPoints="1" sequenceCoverage="100" branchCoverage="100" maxCyclomaticComplexity="1" minCyclomaticComplexity="1" visitedClasses="0" numClasses="0" visitedMethods="1" numMethods="1" />
              <MetadataToken>100663318</MetadataToken>
              <Name>System.Collections.Generic.IReadOnlyDictionary`2&lt;Monopoly.Player,System.Int32&gt; Monopoly.Game::get_PlayerPos()</Name>
              <FileRef uid="4" />
              <SequencePoints>
                <SequencePoint vc="24" uspid="91" ordinal="0" offset="0" sl="28" sc="11" el="28" ec="12" bec="0" bev="0" fileid="4" />
                <SequencePoint vc="24" uspid="92" ordinal="1" offset="1" sl="28" sc="13" el="28" ec="37" bec="0" bev="0" fileid="4" />
                <SequencePoint vc="24" uspid="93" ordinal="2" offset="10" sl="28" sc="38" el="28" ec="39" bec="0" bev="0" fileid="4" />
              </SequencePoints>
              <BranchPoints />
              <MethodPoint xsi:type="SequencePoint" vc="24" uspid="91" ordinal="0" offset="0" sl="28" sc="11" el="28" ec="12" bec="0" bev="0" fileid="4" />
            </Method>
            <Method visited="true" cyclomaticComplexity="1" nPathComplexity="0" sequenceCoverage="100" branchCoverage="100" isConstructor="false" isStatic="false" isGetter="true" isSetter="false">
              <Summary numSequencePoints="3" visitedSequencePoints="3" numBranchPoints="1" visitedBranchPoints="1" sequenceCoverage="100" branchCoverage="100" maxCyclomaticComplexity="1" minCyclomaticComplexity="1" visitedClasses="0" numClasses="0" visitedMethods="1" numMethods="1" />
              <MetadataToken>100663319</MetadataToken>
              <Name>System.Collections.Generic.IReadOnlyList`1&lt;Monopoly.Player&gt; Monopoly.Game::get_Players()</Name>
              <FileRef uid="4" />
              <SequencePoints>
                <SequencePoint vc="240" uspid="94" ordinal="0" offset="0" sl="33" sc="11" el="33" ec="12" bec="0" bev="0" fileid="4" />
                <SequencePoint vc="240" uspid="95" ordinal="1" offset="1" sl="33" sc="13" el="33" ec="29" bec="0" bev="0" fileid="4" />
                <SequencePoint vc="240" uspid="96" ordinal="2" offset="10" sl="33" sc="30" el="33" ec="31" bec="0" bev="0" fileid="4" />
              </SequencePoints>
              <BranchPoints />
              <MethodPoint xsi:type="SequencePoint" vc="240" uspid="94" ordinal="0" offset="0" sl="33" sc="11" el="33" ec="12" bec="0" bev="0" fileid="4" />
            </Method>
            <Method visited="true" cyclomaticComplexity="1" nPathComplexity="0" sequenceCoverage="100" branchCoverage="100" isConstructor="false" isStatic="false" isGetter="true" isSetter="false">
              <Summary numSequencePoints="3" visitedSequencePoints="3" numBranchPoints="1" visitedBranchPoints="1" sequenceCoverage="100" branchCoverage="100" maxCyclomaticComplexity="1" minCyclomaticComplexity="1" visitedClasses="0" numClasses="0" visitedMethods="1" numMethods="1" />
              <MetadataToken>100663320</MetadataToken>
              <Name>System.Collections.Generic.IReadOnlyList`1&lt;Monopoly.IField&gt; Monopoly.Game::get_Fields()</Name>
              <FileRef uid="4" />
              <SequencePoints>
                <SequencePoint vc="93" uspid="97" ordinal="0" offset="0" sl="38" sc="11" el="38" ec="12" bec="0" bev="0" fileid="4" />
                <SequencePoint vc="93" uspid="98" ordinal="1" offset="1" sl="38" sc="13" el="38" ec="28" bec="0" bev="0" fileid="4" />
                <SequencePoint vc="93" uspid="99" ordinal="2" offset="10" sl="38" sc="29" el="38" ec="30" bec="0" bev="0" fileid="4" />
              </SequencePoints>
              <BranchPoints />
              <MethodPoint xsi:type="SequencePoint" vc="93" uspid="97" ordinal="0" offset="0" sl="38" sc="11" el="38" ec="12" bec="0" bev="0" fileid="4" />
            </Method>
            <Method visited="true" cyclomaticComplexity="1" nPathComplexity="0" sequenceCoverage="100" branchCoverage="100" isConstructor="false" isStatic="false" isGetter="true" isSetter="false">
              <Summary numSequencePoints="3" visitedSequencePoints="3" numBranchPoints="1" visitedBranchPoints="1" sequenceCoverage="100" branchCoverage="100" maxCyclomaticComplexity="1" minCyclomaticComplexity="1" visitedClasses="0" numClasses="0" visitedMethods="1" numMethods="1" />
              <MetadataToken>100663321</MetadataToken>
              <Name>System.Collections.Generic.IReadOnlyList`1&lt;Monopoly.IField&gt; Monopoly.Game::get_RentableFields()</Name>
              <FileRef uid="4" />
              <SequencePoints>
                <SequencePoint vc="8" uspid="100" ordinal="0" offset="0" sl="43" sc="11" el="43" ec="12" bec="0" bev="0" fileid="4" />
                <SequencePoint vc="8" uspid="101" ordinal="1" offset="1" sl="43" sc="13" el="43" ec="45" bec="0" bev="0" fileid="4" />
                <SequencePoint vc="8" uspid="102" ordinal="2" offset="15" sl="43" sc="46" el="43" ec="47" bec="0" bev="0" fileid="4" />
              </SequencePoints>
              <BranchPoints />
              <MethodPoint xsi:type="SequencePoint" vc="8" uspid="100" ordinal="0" offset="0" sl="43" sc="11" el="43" ec="12" bec="0" bev="0" fileid="4" />
            </Method>
            <Method visited="true" cyclomaticComplexity="1" nPathComplexity="0" sequenceCoverage="100" branchCoverage="100" isConstructor="false" isStatic="false" isGetter="true" isSetter="false">
              <Summary numSequencePoints="3" visitedSequencePoints="3" numBranchPoints="1" visitedBranchPoints="1" sequenceCoverage="100" branchCoverage="100" maxCyclomaticComplexity="1" minCyclomaticComplexity="1" visitedClasses="0" numClasses="0" visitedMethods="1" numMethods="1" />
              <MetadataToken>100663323</MetadataToken>
              <Name>System.Collections.Generic.IReadOnlyDictionary`2&lt;Monopoly.Player,System.Int32&gt; Monopoly.Game::get_LastPayMent()</Name>
              <FileRef uid="4" />
              <SequencePoints>
                <SequencePoint vc="76" uspid="103" ordinal="0" offset="0" sl="53" sc="11" el="53" ec="12" bec="0" bev="0" fileid="4" />
                <SequencePoint vc="76" uspid="104" ordinal="1" offset="1" sl="53" sc="13" el="53" ec="33" bec="0" bev="0" fileid="4" />
                <SequencePoint vc="76" uspid="105" ordinal="2" offset="10" sl="53" sc="34" el="53" ec="35" bec="0" bev="0" fileid="4" />
              </SequencePoints>
              <BranchPoints />
              <MethodPoint xsi:type="SequencePoint" vc="76" uspid="103" ordinal="0" offset="0" sl="53" sc="11" el="53" ec="12" bec="0" bev="0" fileid="4" />
            </Method>
            <Method visited="true" cyclomaticComplexity="1" nPathComplexity="0" sequenceCoverage="100" branchCoverage="100" isConstructor="false" isStatic="false" isGetter="true" isSetter="false">
              <Summary numSequencePoints="3" visitedSequencePoints="3" numBranchPoints="1" visitedBranchPoints="1" sequenceCoverage="100" branchCoverage="100" maxCyclomaticComplexity="1" minCyclomaticComplexity="1" visitedClasses="0" numClasses="0" visitedMethods="1" numMethods="1" />
              <MetadataToken>100663324</MetadataToken>
              <Name>System.Collections.Generic.IReadOnlyList`1&lt;Monopoly.Cards.ICard&gt; Monopoly.Game::get_CommunityChest()</Name>
              <FileRef uid="4" />
              <SequencePoints>
                <SequencePoint vc="1" uspid="106" ordinal="0" offset="0" sl="58" sc="11" el="58" ec="12" bec="0" bev="0" fileid="4" />
                <SequencePoint vc="1" uspid="107" ordinal="1" offset="1" sl="58" sc="13" el="58" ec="41" bec="0" bev="0" fileid="4" />
                <SequencePoint vc="1" uspid="108" ordinal="2" offset="10" sl="58" sc="42" el="58" ec="43" bec="0" bev="0" fileid="4" />
              </SequencePoints>
              <BranchPoints />
              <MethodPoint xsi:type="SequencePoint" vc="1" uspid="106" ordinal="0" offset="0" sl="58" sc="11" el="58" ec="12" bec="0" bev="0" fileid="4" />
            </Method>
            <Method visited="true" cyclomaticComplexity="1" nPathComplexity="0" sequenceCoverage="100" branchCoverage="100" isConstructor="false" isStatic="false" isGetter="true" isSetter="false">
              <Summary numSequencePoints="3" visitedSequencePoints="3" numBranchPoints="1" visitedBranchPoints="1" sequenceCoverage="100" branchCoverage="100" maxCyclomaticComplexity="1" minCyclomaticComplexity="1" visitedClasses="0" numClasses="0" visitedMethods="1" numMethods="1" />
              <MetadataToken>100663325</MetadataToken>
              <Name>System.Collections.Generic.IReadOnlyList`1&lt;Monopoly.Cards.ICard&gt; Monopoly.Game::get_Change()</Name>
              <FileRef uid="4" />
              <SequencePoints>
                <SequencePoint vc="1" uspid="109" ordinal="0" offset="0" sl="63" sc="11" el="63" ec="12" bec="0" bev="0" fileid="4" />
                <SequencePoint vc="1" uspid="110" ordinal="1" offset="1" sl="63" sc="13" el="63" ec="32" bec="0" bev="0" fileid="4" />
                <SequencePoint vc="1" uspid="111" ordinal="2" offset="10" sl="63" sc="33" el="63" ec="34" bec="0" bev="0" fileid="4" />
              </SequencePoints>
              <BranchPoints />
              <MethodPoint xsi:type="SequencePoint" vc="1" uspid="109" ordinal="0" offset="0" sl="63" sc="11" el="63" ec="12" bec="0" bev="0" fileid="4" />
            </Method>
            <Method visited="true" cyclomaticComplexity="1" nPathComplexity="0" sequenceCoverage="100" branchCoverage="100" isConstructor="false" isStatic="false" isGetter="true" isSetter="false">
              <Summary numSequencePoints="3" visitedSequencePoints="3" numBranchPoints="1" visitedBranchPoints="1" sequenceCoverage="100" branchCoverage="100" maxCyclomaticComplexity="1" minCyclomaticComplexity="1" visitedClasses="0" numClasses="0" visitedMethods="1" numMethods="1" />
              <MetadataToken>100663354</MetadataToken>
              <Name>System.Collections.Generic.IReadOnlyList`1&lt;Monopoly.IRentableField&gt; Monopoly.Game::get_AuctionFields()</Name>
              <FileRef uid="4" />
              <SequencePoints>
                <SequencePoint vc="1" uspid="112" ordinal="0" offset="0" sl="361" sc="11" el="361" ec="12" bec="0" bev="0" fileid="4" />
                <SequencePoint vc="1" uspid="113" ordinal="1" offset="1" sl="361" sc="13" el="361" ec="29" bec="0" bev="0" fileid="4" />
                <SequencePoint vc="1" uspid="114" ordinal="2" offset="10" sl="361" sc="30" el="361" ec="31" bec="0" bev="0" fileid="4" />
              </SequencePoints>
              <BranchPoints />
              <MethodPoint xsi:type="SequencePoint" vc="1" uspid="112" ordinal="0" offset="0" sl="361" sc="11" el="361" ec="12" bec="0" bev="0" fileid="4" />
            </Method>
            <Method visited="true" cyclomaticComplexity="1" nPathComplexity="0" sequenceCoverage="100" branchCoverage="100" isConstructor="false" isStatic="false" isGetter="false" isSetter="false">
              <Summary numSequencePoints="3" visitedSequencePoints="3" numBranchPoints="1" visitedBranchPoints="1" sequenceCoverage="100" branchCoverage="100" maxCyclomaticComplexity="1" minCyclomaticComplexity="1" visitedClasses="0" numClasses="0" visitedMethods="1" numMethods="1" />
              <MetadataToken>100663322</MetadataToken>
              <Name>System.Collections.Generic.IReadOnlyList`1&lt;System.Int32&gt; Monopoly.Game::GetLastThrow(Monopoly.Player)</Name>
              <FileRef uid="4" />
              <SequencePoints>
                <SequencePoint vc="1" uspid="115" ordinal="0" offset="0" sl="47" sc="5" el="47" ec="6" bec="0" bev="0" fileid="4" />
                <SequencePoint vc="1" uspid="116" ordinal="1" offset="1" sl="48" sc="7" el="48" ec="85" bec="0" bev="0" fileid="4" />
                <SequencePoint vc="1" uspid="117" ordinal="2" offset="45" sl="49" sc="5" el="49" ec="6" bec="0" bev="0" fileid="4" />
              </SequencePoints>
              <BranchPoints />
              <MethodPoint xsi:type="SequencePoint" vc="1" uspid="115" ordinal="0" offset="0" sl="47" sc="5" el="47" ec="6" bec="0" bev="0" fileid="4" />
            </Method>
            <Method visited="true" cyclomaticComplexity="7" nPathComplexity="0" sequenceCoverage="100" branchCoverage="100" isConstructor="true" isStatic="false" isGetter="false" isSetter="false">
              <Summary numSequencePoints="40" visitedSequencePoints="40" numBranchPoints="1" visitedBranchPoints="1" sequenceCoverage="100" branchCoverage="100" maxCyclomaticComplexity="7" minCyclomaticComplexity="7" visitedClasses="0" numClasses="0" visitedMethods="1" numMethods="1" />
              <MetadataToken>100663326</MetadataToken>
              <Name>System.Void Monopoly.Game::.ctor(Monopoly.Player[])</Name>
              <FileRef uid="4" />
              <SequencePoints>
                <SequencePoint vc="45" uspid="118" ordinal="0" offset="0" sl="16" sc="5" el="16" ec="86" bec="0" bev="0" fileid="4" />
                <SequencePoint vc="45" uspid="119" ordinal="1" offset="11" sl="17" sc="5" el="17" ec="97" bec="0" bev="0" fileid="4" />
                <SequencePoint vc="45" uspid="120" ordinal="2" offset="22" sl="18" sc="5" el="18" ec="82" bec="0" bev="0" fileid="4" />
                <SequencePoint vc="45" uspid="121" ordinal="3" offset="33" sl="19" sc="5" el="19" ec="94" bec="0" bev="0" fileid="4" />
                <SequencePoint vc="45" uspid="122" ordinal="4" offset="44" sl="20" sc="5" el="20" ec="62" bec="0" bev="0" fileid="4" />
                <SequencePoint vc="45" uspid="123" ordinal="5" offset="55" sl="358" sc="5" el="358" ec="72" bec="0" bev="0" fileid="4" />
                <SequencePoint vc="45" uspid="124" ordinal="6" offset="66" sl="66" sc="5" el="66" ec="34" bec="0" bev="0" fileid="4" />
                <SequencePoint vc="45" uspid="125" ordinal="7" offset="73" sl="67" sc="5" el="67" ec="6" bec="0" bev="0" fileid="4" />
                <SequencePoint vc="45" uspid="126" ordinal="8" offset="74" sl="68" sc="7" el="68" ec="35" bec="0" bev="0" fileid="4" />
                <SequencePoint vc="45" uspid="127" ordinal="9" offset="86" sl="69" sc="7" el="69" ec="43" bec="0" bev="0" fileid="4" />
                <SequencePoint vc="45" uspid="128" ordinal="10" offset="98" sl="70" sc="7" el="70" ec="65" bec="0" bev="0" fileid="4" />
                <SequencePoint vc="45" uspid="129" ordinal="11" offset="146" sl="71" sc="7" el="71" ec="51" bec="0" bev="0" fileid="4" />
                <SequencePoint vc="45" uspid="130" ordinal="12" offset="158" sl="72" sc="7" el="72" ec="67" bec="0" bev="0" fileid="4" />
                <SequencePoint vc="45" uspid="131" ordinal="13" offset="170" sl="74" sc="7" el="74" ec="14" bec="0" bev="0" fileid="4" />
                <SequencePoint vc="45" uspid="132" ordinal="14" offset="171" sl="74" sc="33" el="74" ec="41" bec="0" bev="0" fileid="4" />
                <SequencePoint vc="105" uspid="133" ordinal="15" offset="185" sl="74" sc="16" el="74" ec="29" bec="0" bev="0" fileid="4" />
                <SequencePoint vc="105" uspid="134" ordinal="16" offset="193" sl="75" sc="9" el="75" ec="38" bec="0" bev="0" fileid="4" />
                <SequencePoint vc="150" uspid="135" ordinal="17" offset="206" sl="74" sc="30" el="74" ec="32" bec="0" bev="0" fileid="4" />
                <SequencePoint vc="45" uspid="136" ordinal="18" offset="232" sl="76" sc="7" el="76" ec="14" bec="0" bev="0" fileid="4" />
                <SequencePoint vc="45" uspid="137" ordinal="19" offset="233" sl="76" sc="33" el="76" ec="41" bec="0" bev="0" fileid="4" />
                <SequencePoint vc="105" uspid="138" ordinal="20" offset="247" sl="76" sc="16" el="76" ec="29" bec="0" bev="0" fileid="4" />
                <SequencePoint vc="105" uspid="139" ordinal="21" offset="255" sl="77" sc="9" el="77" ec="41" bec="0" bev="0" fileid="4" />
                <SequencePoint vc="150" uspid="140" ordinal="22" offset="269" sl="76" sc="30" el="76" ec="32" bec="0" bev="0" fileid="4" />
                <SequencePoint vc="45" uspid="141" ordinal="23" offset="295" sl="78" sc="7" el="78" ec="14" bec="0" bev="0" fileid="4" />
                <SequencePoint vc="45" uspid="142" ordinal="24" offset="296" sl="78" sc="33" el="78" ec="41" bec="0" bev="0" fileid="4" />
                <SequencePoint vc="105" uspid="143" ordinal="25" offset="311" sl="78" sc="16" el="78" ec="29" bec="0" bev="0" fileid="4" />
                <SequencePoint vc="105" uspid="144" ordinal="26" offset="320" sl="79" sc="9" el="79" ec="52" bec="0" bev="0" fileid="4" />
                <SequencePoint vc="150" uspid="145" ordinal="27" offset="339" sl="78" sc="30" el="78" ec="32" bec="0" bev="0" fileid="4" />
                <SequencePoint vc="45" uspid="146" ordinal="28" offset="365" sl="80" sc="7" el="80" ec="14" bec="0" bev="0" fileid="4" />
                <SequencePoint vc="45" uspid="147" ordinal="29" offset="366" sl="80" sc="33" el="80" ec="41" bec="0" bev="0" fileid="4" />
                <SequencePoint vc="105" uspid="148" ordinal="30" offset="381" sl="80" sc="16" el="80" ec="29" bec="0" bev="0" fileid="4" />
                <SequencePoint vc="105" uspid="149" ordinal="31" offset="390" sl="81" sc="9" el="81" ec="30" bec="0" bev="0" fileid="4" />
                <SequencePoint vc="150" uspid="150" ordinal="32" offset="399" sl="80" sc="30" el="80" ec="32" bec="0" bev="0" fileid="4" />
                <SequencePoint vc="45" uspid="151" ordinal="33" offset="425" sl="82" sc="7" el="82" ec="14" bec="0" bev="0" fileid="4" />
                <SequencePoint vc="45" uspid="152" ordinal="34" offset="426" sl="82" sc="33" el="82" ec="41" bec="0" bev="0" fileid="4" />
                <SequencePoint vc="105" uspid="153" ordinal="35" offset="441" sl="82" sc="16" el="82" ec="29" bec="0" bev="0" fileid="4" />
                <SequencePoint vc="105" uspid="154" ordinal="36" offset="450" sl="83" sc="9" el="83" ec="49" bec="0" bev="0" fileid="4" />
                <SequencePoint vc="150" uspid="155" ordinal="37" offset="465" sl="82" sc="30" el="82" ec="32" bec="0" bev="0" fileid="4" />
                <SequencePoint vc="45" uspid="156" ordinal="38" offset="491" sl="85" sc="7" el="85" ec="44" bec="0" bev="0" fileid="4" />
                <SequencePoint vc="45" uspid="157" ordinal="39" offset="509" sl="86" sc="5" el="86" ec="6" bec="0" bev="0" fileid="4" />
              </SequencePoints>
              <BranchPoints />
              <MethodPoint xsi:type="SequencePoint" vc="45" uspid="118" ordinal="0" offset="0" sl="16" sc="5" el="16" ec="86" bec="0" bev="0" fileid="4" />
            </Method>
            <Method visited="true" cyclomaticComplexity="1" nPathComplexity="0" sequenceCoverage="100" branchCoverage="100" isConstructor="false" isStatic="false" isGetter="false" isSetter="false">
              <Summary numSequencePoints="6" visitedSequencePoints="6" numBranchPoints="1" visitedBranchPoints="1" sequenceCoverage="100" branchCoverage="100" maxCyclomaticComplexity="1" minCyclomaticComplexity="1" visitedClasses="0" numClasses="0" visitedMethods="1" numMethods="1" />
              <MetadataToken>100663327</MetadataToken>
              <Name>System.Void Monopoly.Game::NextPlayer()</Name>
              <FileRef uid="4" />
              <SequencePoints>
                <SequencePoint vc="4" uspid="170" ordinal="0" offset="0" sl="89" sc="5" el="89" ec="6" bec="0" bev="0" fileid="4" />
                <SequencePoint vc="4" uspid="171" ordinal="1" offset="1" sl="90" sc="7" el="90" ec="46" bec="0" bev="0" fileid="4" />
                <SequencePoint vc="4" uspid="172" ordinal="2" offset="13" sl="92" sc="7" el="92" ec="30" bec="0" bev="0" fileid="4" />
                <SequencePoint vc="4" uspid="173" ordinal="3" offset="21" sl="94" sc="7" el="94" ec="36" bec="0" bev="0" fileid="4" />
                <SequencePoint vc="4" uspid="174" ordinal="4" offset="34" sl="95" sc="7" el="95" ec="28" bec="0" bev="0" fileid="4" />
                <SequencePoint vc="4" uspid="175" ordinal="5" offset="46" sl="96" sc="5" el="96" ec="6" bec="0" bev="0" fileid="4" />
              </SequencePoints>
              <BranchPoints />
              <MethodPoint xsi:type="SequencePoint" vc="4" uspid="170" ordinal="0" offset="0" sl="89" sc="5" el="89" ec="6" bec="0" bev="0" fileid="4" />
            </Method>
            <Method visited="true" cyclomaticComplexity="1" nPathComplexity="0" sequenceCoverage="100" branchCoverage="100" isConstructor="false" isStatic="false" isGetter="false" isSetter="false">
              <Summary numSequencePoints="4" visitedSequencePoints="4" numBranchPoints="1" visitedBranchPoints="1" sequenceCoverage="100" branchCoverage="100" maxCyclomaticComplexity="1" minCyclomaticComplexity="1" visitedClasses="0" numClasses="0" visitedMethods="1" numMethods="1" />
              <MetadataToken>100663328</MetadataToken>
              <Name>System.Void Monopoly.Game::GoForward(Monopoly.Player,System.Int32[])</Name>
              <FileRef uid="4" />
              <SequencePoints>
                <SequencePoint vc="8" uspid="176" ordinal="0" offset="0" sl="100" sc="5" el="100" ec="6" bec="0" bev="0" fileid="4" />
                <SequencePoint vc="8" uspid="177" ordinal="1" offset="1" sl="101" sc="7" el="101" ec="40" bec="0" bev="0" fileid="4" />
                <SequencePoint vc="8" uspid="178" ordinal="2" offset="10" sl="102" sc="7" el="102" ec="44" bec="0" bev="0" fileid="4" />
                <SequencePoint vc="8" uspid="179" ordinal="3" offset="19" sl="103" sc="5" el="103" ec="6" bec="0" bev="0" fileid="4" />
              </SequencePoints>
              <BranchPoints />
              <MethodPoint xsi:type="SequencePoint" vc="8" uspid="176" ordinal="0" offset="0" sl="100" sc="5" el="100" ec="6" bec="0" bev="0" fileid="4" />
            </Method>
            <Method visited="true" cyclomaticComplexity="1" nPathComplexity="0" sequenceCoverage="100" branchCoverage="100" isConstructor="false" isStatic="false" isGetter="false" isSetter="false">
              <Summary numSequencePoints="3" visitedSequencePoints="3" numBranchPoints="1" visitedBranchPoints="1" sequenceCoverage="100" branchCoverage="100" maxCyclomaticComplexity="1" minCyclomaticComplexity="1" visitedClasses="0" numClasses="0" visitedMethods="1" numMethods="1" />
              <MetadataToken>100663329</MetadataToken>
              <Name>System.Void Monopoly.Game::GoForward(Monopoly.Player)</Name>
              <FileRef uid="4" />
              <SequencePoints>
                <SequencePoint vc="1" uspid="180" ordinal="0" offset="0" sl="106" sc="5" el="106" ec="6" bec="0" bev="0" fileid="4" />
                <SequencePoint vc="1" uspid="181" ordinal="1" offset="1" sl="107" sc="7" el="107" ec="52" bec="0" bev="0" fileid="4" />
                <SequencePoint vc="1" uspid="182" ordinal="2" offset="16" sl="108" sc="5" el="108" ec="6" bec="0" bev="0" fileid="4" />
              </SequencePoints>
              <BranchPoints />
              <MethodPoint xsi:type="SequencePoint" vc="1" uspid="180" ordinal="0" offset="0" sl="106" sc="5" el="106" ec="6" bec="0" bev="0" fileid="4" />
            </Method>
            <Method visited="true" cyclomaticComplexity="1" nPathComplexity="0" sequenceCoverage="100" branchCoverage="100" isConstructor="false" isStatic="false" isGetter="false" isSetter="false">
              <Summary numSequencePoints="8" visitedSequencePoints="8" numBranchPoints="1" visitedBranchPoints="1" sequenceCoverage="100" branchCoverage="100" maxCyclomaticComplexity="1" minCyclomaticComplexity="1" visitedClasses="0" numClasses="0" visitedMethods="1" numMethods="1" />
              <MetadataToken>100663330</MetadataToken>
              <Name>System.Int32[] Monopoly.Game::ThrowDice(Monopoly.Player)</Name>
              <FileRef uid="4" />
              <SequencePoints>
                <SequencePoint vc="1" uspid="183" ordinal="0" offset="0" sl="111" sc="5" el="111" ec="6" bec="0" bev="0" fileid="4" />
                <SequencePoint vc="1" uspid="184" ordinal="1" offset="1" sl="112" sc="7" el="112" ec="81" bec="0" bev="0" fileid="4" />
                <SequencePoint vc="1" uspid="185" ordinal="2" offset="30" sl="113" sc="7" el="113" ec="38" bec="0" bev="0" fileid="4" />
                <SequencePoint vc="1" uspid="186" ordinal="3" offset="39" sl="114" sc="7" el="114" ec="38" bec="0" bev="0" fileid="4" />
                <SequencePoint vc="1" uspid="187" ordinal="4" offset="48" sl="115" sc="7" el="115" ec="50" bec="0" bev="0" fileid="4" />
                <SequencePoint vc="1" uspid="188" ordinal="5" offset="63" sl="116" sc="7" el="116" ec="36" bec="0" bev="0" fileid="4" />
                <SequencePoint vc="1" uspid="189" ordinal="6" offset="72" sl="118" sc="7" el="118" ec="20" bec="0" bev="0" fileid="4" />
                <SequencePoint vc="1" uspid="190" ordinal="7" offset="77" sl="119" sc="5" el="119" ec="6" bec="0" bev="0" fileid="4" />
              </SequencePoints>
              <BranchPoints />
              <MethodPoint xsi:type="SequencePoint" vc="1" uspid="183" ordinal="0" offset="0" sl="111" sc="5" el="111" ec="6" bec="0" bev="0" fileid="4" />
            </Method>
            <Method visited="true" cyclomaticComplexity="4" nPathComplexity="4" sequenceCoverage="100" branchCoverage="100" isConstructor="false" isStatic="false" isGetter="false" isSetter="false">
              <Summary numSequencePoints="10" visitedSequencePoints="10" numBranchPoints="5" visitedBranchPoints="5" sequenceCoverage="100" branchCoverage="100" maxCyclomaticComplexity="4" minCyclomaticComplexity="4" visitedClasses="0" numClasses="0" visitedMethods="1" numMethods="1" />
              <MetadataToken>100663331</MetadataToken>
              <Name>System.Void Monopoly.Game::SetPlayerPosition(Monopoly.Player,System.Int32[])</Name>
              <FileRef uid="4" />
              <SequencePoints>
                <SequencePoint vc="9" uspid="191" ordinal="0" offset="0" sl="123" sc="5" el="123" ec="6" bec="0" bev="0" fileid="4" />
                <SequencePoint vc="9" uspid="192" ordinal="1" offset="1" sl="124" sc="7" el="124" ec="72" bec="2" bev="2" fileid="4" />
                <SequencePoint vc="1" uspid="193" ordinal="2" offset="31" sl="125" sc="7" el="125" ec="8" bec="0" bev="0" fileid="4" />
                <SequencePoint vc="1" uspid="194" ordinal="3" offset="32" sl="126" sc="9" el="126" ec="35" bec="0" bev="0" fileid="4" />
                <SequencePoint vc="1" uspid="195" ordinal="4" offset="40" sl="127" sc="9" el="127" ec="16" bec="0" bev="0" fileid="4" />
                <SequencePoint vc="8" uspid="196" ordinal="5" offset="42" sl="130" sc="7" el="130" ec="50" bec="2" bev="2" fileid="4" />
                <SequencePoint vc="2" uspid="197" ordinal="6" offset="57" sl="131" sc="9" el="131" ec="16" bec="0" bev="0" fileid="4" />
                <SequencePoint vc="6" uspid="198" ordinal="7" offset="59" sl="133" sc="7" el="133" ec="71" bec="0" bev="0" fileid="4" />
                <SequencePoint vc="6" uspid="199" ordinal="8" offset="91" sl="135" sc="7" el="135" ec="57" bec="0" bev="0" fileid="4" />
                <SequencePoint vc="9" uspid="200" ordinal="9" offset="117" sl="136" sc="5" el="136" ec="6" bec="0" bev="0" fileid="4" />
              </SequencePoints>
              <BranchPoints>
                <BranchPoint vc="1" uspid="203" ordinal="2" offset="29" sl="124" path="0" offsetend="31" fileid="4" />
                <BranchPoint vc="8" uspid="204" ordinal="3" offset="29" sl="124" path="1" offsetend="42" fileid="4" />
                <BranchPoint vc="2" uspid="205" ordinal="4" offset="55" sl="130" path="0" offsetchain="57" offsetend="117" fileid="4" />
                <BranchPoint vc="6" uspid="206" ordinal="5" offset="55" sl="130" path="1" offsetend="59" fileid="4" />
              </BranchPoints>
              <MethodPoint xsi:type="SequencePoint" vc="9" uspid="191" ordinal="0" offset="0" sl="123" sc="5" el="123" ec="6" bec="0" bev="0" fileid="4" />
            </Method>
            <Method visited="true" cyclomaticComplexity="1" nPathComplexity="0" sequenceCoverage="100" branchCoverage="100" isConstructor="false" isStatic="false" isGetter="false" isSetter="false">
              <Summary numSequencePoints="4" visitedSequencePoints="4" numBranchPoints="1" visitedBranchPoints="1" sequenceCoverage="100" branchCoverage="100" maxCyclomaticComplexity="1" minCyclomaticComplexity="1" visitedClasses="0" numClasses="0" visitedMethods="1" numMethods="1" />
              <MetadataToken>100663332</MetadataToken>
              <Name>System.Void Monopoly.Game::SetPlayerPosition(Monopoly.Player,System.Int32)</Name>
              <FileRef uid="4" />
              <SequencePoints>
                <SequencePoint vc="2" uspid="207" ordinal="0" offset="0" sl="139" sc="5" el="139" ec="6" bec="0" bev="0" fileid="4" />
                <SequencePoint vc="2" uspid="208" ordinal="1" offset="1" sl="140" sc="7" el="140" ec="43" bec="0" bev="0" fileid="4" />
                <SequencePoint vc="2" uspid="209" ordinal="2" offset="15" sl="141" sc="7" el="141" ec="57" bec="0" bev="0" fileid="4" />
                <SequencePoint vc="2" uspid="210" ordinal="3" offset="41" sl="142" sc="5" el="142" ec="6" bec="0" bev="0" fileid="4" />
              </SequencePoints>
              <BranchPoints />
              <MethodPoint xsi:type="SequencePoint" vc="2" uspid="207" ordinal="0" offset="0" sl="139" sc="5" el="139" ec="6" bec="0" bev="0" fileid="4" />
            </Method>
            <Method visited="true" cyclomaticComplexity="6" nPathComplexity="8" sequenceCoverage="100" branchCoverage="100" isConstructor="false" isStatic="false" isGetter="false" isSetter="false">
              <Summary numSequencePoints="15" visitedSequencePoints="15" numBranchPoints="7" visitedBranchPoints="7" sequenceCoverage="100" branchCoverage="100" maxCyclomaticComplexity="6" minCyclomaticComplexity="6" visitedClasses="0" numClasses="0" visitedMethods="1" numMethods="1" />
              <MetadataToken>100663333</MetadataToken>
              <Name>System.Boolean Monopoly.Game::CheckForPrison(Monopoly.Player,System.Int32[])</Name>
              <FileRef uid="4" />
              <SequencePoints>
                <SequencePoint vc="8" uspid="211" ordinal="0" offset="0" sl="145" sc="5" el="145" ec="6" bec="0" bev="0" fileid="4" />
                <SequencePoint vc="8" uspid="212" ordinal="1" offset="1" sl="146" sc="7" el="146" ec="36" bec="2" bev="2" fileid="4" />
                <SequencePoint vc="4" uspid="213" ordinal="2" offset="14" sl="147" sc="9" el="147" ec="21" bec="0" bev="0" fileid="4" />
                <SequencePoint vc="4" uspid="214" ordinal="3" offset="18" sl="149" sc="9" el="149" ec="44" bec="0" bev="0" fileid="4" />
                <SequencePoint vc="4" uspid="215" ordinal="4" offset="44" sl="151" sc="7" el="151" ec="83" bec="2" bev="2" fileid="4" />
                <SequencePoint vc="1" uspid="216" ordinal="5" offset="81" sl="152" sc="7" el="152" ec="8" bec="0" bev="0" fileid="4" />
                <SequencePoint vc="1" uspid="217" ordinal="6" offset="82" sl="153" sc="9" el="153" ec="36" bec="0" bev="0" fileid="4" />
                <SequencePoint vc="1" uspid="218" ordinal="7" offset="90" sl="154" sc="9" el="154" ec="21" bec="0" bev="0" fileid="4" />
                <SequencePoint vc="3" uspid="219" ordinal="8" offset="94" sl="156" sc="12" el="156" ec="57" bec="2" bev="2" fileid="4" />
                <SequencePoint vc="1" uspid="220" ordinal="9" offset="119" sl="157" sc="7" el="157" ec="8" bec="0" bev="0" fileid="4" />
                <SequencePoint vc="1" uspid="221" ordinal="10" offset="120" sl="158" sc="9" el="158" ec="40" bec="0" bev="0" fileid="4" />
                <SequencePoint vc="1" uspid="222" ordinal="11" offset="128" sl="159" sc="9" el="159" ec="21" bec="0" bev="0" fileid="4" />
                <SequencePoint vc="2" uspid="223" ordinal="12" offset="132" sl="162" sc="7" el="162" ec="8" bec="0" bev="0" fileid="4" />
                <SequencePoint vc="2" uspid="224" ordinal="13" offset="133" sl="163" sc="9" el="163" ec="22" bec="0" bev="0" fileid="4" />
                <SequencePoint vc="8" uspid="225" ordinal="14" offset="137" sl="165" sc="5" el="165" ec="6" bec="0" bev="0" fileid="4" />
              </SequencePoints>
              <BranchPoints>
                <BranchPoint vc="4" uspid="226" ordinal="0" offset="12" sl="146" path="0" offsetend="14" fileid="4" />
                <BranchPoint vc="4" uspid="227" ordinal="1" offset="12" sl="146" path="1" offsetend="18" fileid="4" />
                <BranchPoint vc="1" uspid="230" ordinal="4" offset="79" sl="151" path="0" offsetend="81" fileid="4" />
                <BranchPoint vc="3" uspid="231" ordinal="5" offset="79" sl="151" path="1" offsetend="94" fileid="4" />
                <BranchPoint vc="1" uspid="234" ordinal="8" offset="117" sl="156" path="0" offsetend="119" fileid="4" />
                <BranchPoint vc="2" uspid="235" ordinal="9" offset="117" sl="156" path="1" offsetend="132" fileid="4" />
              </BranchPoints>
              <MethodPoint xsi:type="SequencePoint" vc="8" uspid="211" ordinal="0" offset="0" sl="145" sc="5" el="145" ec="6" bec="0" bev="0" fileid="4" />
            </Method>
            <Method visited="true" cyclomaticComplexity="1" nPathComplexity="0" sequenceCoverage="100" branchCoverage="100" isConstructor="false" isStatic="false" isGetter="false" isSetter="false">
              <Summary numSequencePoints="4" visitedSequencePoints="4" numBranchPoints="1" visitedBranchPoints="1" sequenceCoverage="100" branchCoverage="100" maxCyclomaticComplexity="1" minCyclomaticComplexity="1" visitedClasses="0" numClasses="0" visitedMethods="1" numMethods="1" />
              <MetadataToken>100663334</MetadataToken>
              <Name>System.Void Monopoly.Game::PayFineImmediately(Monopoly.Player)</Name>
              <FileRef uid="4" />
              <SequencePoints>
                <SequencePoint vc="2" uspid="236" ordinal="0" offset="0" sl="168" sc="5" el="168" ec="6" bec="0" bev="0" fileid="4" />
                <SequencePoint vc="2" uspid="237" ordinal="1" offset="1" sl="169" sc="7" el="169" ec="38" bec="0" bev="0" fileid="4" />
                <SequencePoint vc="2" uspid="238" ordinal="2" offset="9" sl="170" sc="7" el="170" ec="27" bec="0" bev="0" fileid="4" />
                <SequencePoint vc="2" uspid="239" ordinal="3" offset="18" sl="171" sc="5" el="171" ec="6" bec="0" bev="0" fileid="4" />
              </SequencePoints>
              <BranchPoints />
              <MethodPoint xsi:type="SequencePoint" vc="2" uspid="236" ordinal="0" offset="0" sl="168" sc="5" el="168" ec="6" bec="0" bev="0" fileid="4" />
            </Method>
            <Method visited="true" cyclomaticComplexity="2" nPathComplexity="2" sequenceCoverage="83.33" branchCoverage="66.67" isConstructor="false" isStatic="false" isGetter="false" isSetter="false">
              <Summary numSequencePoints="6" visitedSequencePoints="5" numBranchPoints="3" visitedBranchPoints="2" sequenceCoverage="83.33" branchCoverage="66.67" maxCyclomaticComplexity="2" minCyclomaticComplexity="2" visitedClasses="0" numClasses="0" visitedMethods="1" numMethods="1" />
              <MetadataToken>100663335</MetadataToken>
              <Name>System.Void Monopoly.Game::RemovePlayerFromPrison(Monopoly.Player)</Name>
              <FileRef uid="4" />
              <SequencePoints>
                <SequencePoint vc="5" uspid="240" ordinal="0" offset="0" sl="174" sc="5" el="174" ec="6" bec="0" bev="0" fileid="4" />
                <SequencePoint vc="5" uspid="241" ordinal="1" offset="1" sl="175" sc="7" el="175" ec="36" bec="2" bev="1" fileid="4" />
                <SequencePoint vc="0" uspid="242" ordinal="2" offset="14" sl="176" sc="9" el="176" ec="100" bec="0" bev="0" fileid="4" />
                <SequencePoint vc="5" uspid="243" ordinal="3" offset="25" sl="177" sc="7" el="177" ec="31" bec="0" bev="0" fileid="4" />
                <SequencePoint vc="5" uspid="244" ordinal="4" offset="33" sl="178" sc="7" el="178" ec="44" bec="0" bev="0" fileid="4" />
                <SequencePoint vc="5" uspid="245" ordinal="5" offset="47" sl="179" sc="5" el="179" ec="6" bec="0" bev="0" fileid="4" />
              </SequencePoints>
              <BranchPoints>
                <BranchPoint vc="0" uspid="246" ordinal="0" offset="12" sl="175" path="0" offsetend="14" fileid="4" />
                <BranchPoint vc="5" uspid="247" ordinal="1" offset="12" sl="175" path="1" offsetend="25" fileid="4" />
              </BranchPoints>
              <MethodPoint xsi:type="SequencePoint" vc="5" uspid="240" ordinal="0" offset="0" sl="174" sc="5" el="174" ec="6" bec="0" bev="0" fileid="4" />
            </Method>
            <Method visited="true" cyclomaticComplexity="1" nPathComplexity="0" sequenceCoverage="100" branchCoverage="100" isConstructor="false" isStatic="false" isGetter="false" isSetter="false">
              <Summary numSequencePoints="4" visitedSequencePoints="4" numBranchPoints="1" visitedBranchPoints="1" sequenceCoverage="100" branchCoverage="100" maxCyclomaticComplexity="1" minCyclomaticComplexity="1" visitedClasses="0" numClasses="0" visitedMethods="1" numMethods="1" />
              <MetadataToken>100663336</MetadataToken>
              <Name>System.Void Monopoly.Game::SetPlayerInPrison(Monopoly.Player)</Name>
              <FileRef uid="4" />
              <SequencePoints>
                <SequencePoint vc="8" uspid="248" ordinal="0" offset="0" sl="182" sc="5" el="182" ec="6" bec="0" bev="0" fileid="4" />
                <SequencePoint vc="8" uspid="249" ordinal="1" offset="1" sl="183" sc="7" el="183" ec="37" bec="0" bev="0" fileid="4" />
                <SequencePoint vc="8" uspid="250" ordinal="2" offset="16" sl="184" sc="7" el="184" ec="30" bec="0" bev="0" fileid="4" />
                <SequencePoint vc="8" uspid="251" ordinal="3" offset="24" sl="185" sc="5" el="185" ec="6" bec="0" bev="0" fileid="4" />
              </SequencePoints>
              <BranchPoints />
              <MethodPoint xsi:type="SequencePoint" vc="8" uspid="248" ordinal="0" offset="0" sl="182" sc="5" el="182" ec="6" bec="0" bev="0" fileid="4" />
            </Method>
            <Method visited="false" cyclomaticComplexity="1" nPathComplexity="0" sequenceCoverage="0" branchCoverage="0" isConstructor="false" isStatic="false" isGetter="false" isSetter="false">
              <Summary numSequencePoints="3" visitedSequencePoints="0" numBranchPoints="1" visitedBranchPoints="0" sequenceCoverage="0" branchCoverage="0" maxCyclomaticComplexity="1" minCyclomaticComplexity="1" visitedClasses="0" numClasses="0" visitedMethods="0" numMethods="1" />
              <MetadataToken>100663337</MetadataToken>
              <Name>System.Void Monopoly.Game::CallOnEnter(Monopoly.Player)</Name>
              <FileRef uid="4" />
              <SequencePoints>
                <SequencePoint vc="0" uspid="252" ordinal="0" offset="0" sl="188" sc="5" el="188" ec="6" bec="0" bev="0" fileid="4" />
                <SequencePoint vc="0" uspid="253" ordinal="1" offset="1" sl="189" sc="7" el="189" ec="57" bec="0" bev="0" fileid="4" />
                <SequencePoint vc="0" uspid="254" ordinal="2" offset="27" sl="190" sc="5" el="190" ec="6" bec="0" bev="0" fileid="4" />
              </SequencePoints>
              <BranchPoints />
              <MethodPoint xsi:type="SequencePoint" vc="0" uspid="252" ordinal="0" offset="0" sl="188" sc="5" el="188" ec="6" bec="0" bev="0" fileid="4" />
            </Method>
            <Method visited="true" cyclomaticComplexity="2" nPathComplexity="2" sequenceCoverage="80" branchCoverage="66.67" isConstructor="false" isStatic="false" isGetter="false" isSetter="false">
[...]
              <MetadataToken>100663532</MetadataToken>
              <Name>System.Void Monopoly.Cards.MoveCard::UseCard(Monopoly.Player)</Name>
              <FileRef uid="22" />
              <SequencePoints>
                <SequencePoint vc="1" uspid="1314" ordinal="0" offset="0" sl="23" sc="5" el="23" ec="6" bec="0" bev="0" fileid="22" />
                <SequencePoint vc="1" uspid="1315" ordinal="1" offset="1" sl="24" sc="7" el="24" ec="38" bec="0" bev="0" fileid="22" />
                <SequencePoint vc="1" uspid="1316" ordinal="2" offset="20" sl="25" sc="5" el="25" ec="6" bec="0" bev="0" fileid="22" />
              </SequencePoints>
              <BranchPoints />
              <MethodPoint xsi:type="SequencePoint" vc="1" uspid="1314" ordinal="0" offset="0" sl="23" sc="5" el="23" ec="6" bec="0" bev="0" fileid="22" />
            </Method>
          </Methods>
        </Class>
        <Class>
          <Summary numSequencePoints="10" visitedSequencePoints="9" numBranchPoints="3" visitedBranchPoints="2" sequenceCoverage="90" branchCoverage="66.67" maxCyclomaticComplexity="1" minCyclomaticComplexity="1" visitedClasses="1" numClasses="1" visitedMethods="2" numMethods="3" />
          <FullName>Monopoly.Cards.MoveToCard</FullName>
          <Methods>
            <Method visited="false" cyclomaticComplexity="1" nPathComplexity="0" sequenceCoverage="0" branchCoverage="0" isConstructor="false" isStatic="false" isGetter="true" isSetter="false">
              <Summary numSequencePoints="1" visitedSequencePoints="0" numBranchPoints="1" visitedBranchPoints="0" sequenceCoverage="0" branchCoverage="0" maxCyclomaticComplexity="1" minCyclomaticComplexity="1" visitedClasses="0" numClasses="0" visitedMethods="0" numMethods="1" />
              <MetadataToken>100663533</MetadataToken>
              <Name>System.String Monopoly.Cards.MoveToCard::get_Description()</Name>
              <FileRef uid="23" />
              <SequencePoints>
                <SequencePoint vc="0" uspid="1317" ordinal="0" offset="0" sl="11" sc="33" el="11" ec="37" bec="0" bev="0" fileid="23" />
              </SequencePoints>
              <BranchPoints />
              <MethodPoint xsi:type="SequencePoint" vc="0" uspid="1317" ordinal="0" offset="0" sl="11" sc="33" el="11" ec="37" bec="0" bev="0" fileid="23" />
            </Method>
            <Method visited="true" cyclomaticComplexity="1" nPathComplexity="0" sequenceCoverage="100" branchCoverage="100" isConstructor="true" isStatic="false" isGetter="false" isSetter="false">
              <Summary numSequencePoints="6" visitedSequencePoints="6" numBranchPoints="1" visitedBranchPoints="1" sequenceCoverage="100" branchCoverage="100" maxCyclomaticComplexity="1" minCyclomaticComplexity="1" visitedClasses="0" numClasses="0" visitedMethods="1" numMethods="1" />
              <MetadataToken>100663534</MetadataToken>
              <Name>System.Void Monopoly.Cards.MoveToCard::.ctor(System.String,System.Int32,Monopoly.Game)</Name>
              <FileRef uid="23" />
              <SequencePoints>
                <SequencePoint vc="271" uspid="1318" ordinal="0" offset="0" sl="15" sc="5" el="15" ec="67" bec="0" bev="0" fileid="23" />
                <SequencePoint vc="271" uspid="1319" ordinal="1" offset="7" sl="16" sc="5" el="16" ec="6" bec="0" bev="0" fileid="23" />
                <SequencePoint vc="271" uspid="1320" ordinal="2" offset="8" sl="17" sc="7" el="17" ec="33" bec="0" bev="0" fileid="23" />
                <SequencePoint vc="271" uspid="1321" ordinal="3" offset="15" sl="18" sc="7" el="18" ec="28" bec="0" bev="0" fileid="23" />
                <SequencePoint vc="271" uspid="1322" ordinal="4" offset="22" sl="19" sc="7" el="19" ec="20" bec="0" bev="0" fileid="23" />
                <SequencePoint vc="271" uspid="1323" ordinal="5" offset="29" sl="20" sc="5" el="20" ec="6" bec="0" bev="0" fileid="23" />
              </SequencePoints>
              <BranchPoints />
              <MethodPoint xsi:type="SequencePoint" vc="271" uspid="1318" ordinal="0" offset="0" sl="15" sc="5" el="15" ec="67" bec="0" bev="0" fileid="23" />
            </Method>
            <Method visited="true" cyclomaticComplexity="1" nPathComplexity="0" sequenceCoverage="100" branchCoverage="100" isConstructor="false" isStatic="false" isGetter="false" isSetter="false">
              <Summary numSequencePoints="3" visitedSequencePoints="3" numBranchPoints="1" visitedBranchPoints="1" sequenceCoverage="100" branchCoverage="100" maxCyclomaticComplexity="1" minCyclomaticComplexity="1" visitedClasses="0" numClasses="0" visitedMethods="1" numMethods="1" />
              <MetadataToken>100663535</MetadataToken>
              <Name>System.Void Monopoly.Cards.MoveToCard::UseCard(Monopoly.Player)</Name>
              <FileRef uid="23" />
              <SequencePoints>
                <SequencePoint vc="2" uspid="1324" ordinal="0" offset="0" sl="22" sc="5" el="22" ec="6" bec="0" bev="0" fileid="23" />
                <SequencePoint vc="2" uspid="1325" ordinal="1" offset="1" sl="23" sc="7" el="23" ec="39" bec="0" bev="0" fileid="23" />
                <SequencePoint vc="2" uspid="1326" ordinal="2" offset="20" sl="24" sc="5" el="24" ec="6" bec="0" bev="0" fileid="23" />
              </SequencePoints>
              <BranchPoints />
              <MethodPoint xsi:type="SequencePoint" vc="2" uspid="1324" ordinal="0" offset="0" sl="22" sc="5" el="22" ec="6" bec="0" bev="0" fileid="23" />
            </Method>
          </Methods>
        </Class>
        <Class>
          <Summary numSequencePoints="20" visitedSequencePoints="19" numBranchPoints="5" visitedBranchPoints="4" sequenceCoverage="95" branchCoverage="80" maxCyclomaticComplexity="4" minCyclomaticComplexity="1" visitedClasses="1" numClasses="1" visitedMethods="2" numMethods="3" />
          <FullName>Monopoly.Cards.PayPlayersCard</FullName>
          <Methods>
            <Method visited="false" cyclomaticComplexity="1" nPathComplexity="0" sequenceCoverage="0" branchCoverage="0" isConstructor="false" isStatic="false" isGetter="true" isSetter="false">
              <Summary numSequencePoints="1" visitedSequencePoints="0" numBranchPoints="1" visitedBranchPoints="0" sequenceCoverage="0" branchCoverage="0" maxCyclomaticComplexity="1" minCyclomaticComplexity="1" visitedClasses="0" numClasses="0" visitedMethods="0" numMethods="1" />
              <MetadataToken>100663536</MetadataToken>
              <Name>System.String Monopoly.Cards.PayPlayersCard::get_Description()</Name>
              <FileRef uid="24" />
              <SequencePoints>
                <SequencePoint vc="0" uspid="1327" ordinal="0" offset="0" sl="11" sc="33" el="11" ec="37" bec="0" bev="0" fileid="24" />
              </SequencePoints>
              <BranchPoints />
              <MethodPoint xsi:type="SequencePoint" vc="0" uspid="1327" ordinal="0" offset="0" sl="11" sc="33" el="11" ec="37" bec="0" bev="0" fileid="24" />
            </Method>
            <Method visited="true" cyclomaticComplexity="1" nPathComplexity="0" sequenceCoverage="100" branchCoverage="100" isConstructor="true" isStatic="false" isGetter="false" isSetter="false">
              <Summary numSequencePoints="6" visitedSequencePoints="6" numBranchPoints="1" visitedBranchPoints="1" sequenceCoverage="100" branchCoverage="100" maxCyclomaticComplexity="1" minCyclomaticComplexity="1" visitedClasses="0" numClasses="0" visitedMethods="1" numMethods="1" />
              <MetadataToken>100663537</MetadataToken>
              <Name>System.Void Monopoly.Cards.PayPlayersCard::.ctor(System.String,System.Int32,Monopoly.Game)</Name>
              <FileRef uid="24" />
              <SequencePoints>
                <SequencePoint vc="46" uspid="1328" ordinal="0" offset="0" sl="15" sc="5" el="15" ec="68" bec="0" bev="0" fileid="24" />
                <SequencePoint vc="46" uspid="1329" ordinal="1" offset="7" sl="16" sc="5" el="16" ec="6" bec="0" bev="0" fileid="24" />
                <SequencePoint vc="46" uspid="1330" ordinal="2" offset="8" sl="17" sc="7" el="17" ec="33" bec="0" bev="0" fileid="24" />
                <SequencePoint vc="46" uspid="1331" ordinal="3" offset="15" sl="18" sc="7" el="18" ec="22" bec="0" bev="0" fileid="24" />
                <SequencePoint vc="46" uspid="1332" ordinal="4" offset="22" sl="19" sc="7" el="19" ec="20" bec="0" bev="0" fileid="24" />
                <SequencePoint vc="46" uspid="1333" ordinal="5" offset="29" sl="20" sc="5" el="20" ec="6" bec="0" bev="0" fileid="24" />
              </SequencePoints>
              <BranchPoints />
              <MethodPoint xsi:type="SequencePoint" vc="46" uspid="1328" ordinal="0" offset="0" sl="15" sc="5" el="15" ec="68" bec="0" bev="0" fileid="24" />
            </Method>
            <Method visited="true" cyclomaticComplexity="4" nPathComplexity="2" sequenceCoverage="100" branchCoverage="100" isConstructor="false" isStatic="false" isGetter="false" isSetter="false">
              <Summary numSequencePoints="13" visitedSequencePoints="13" numBranchPoints="3" visitedBranchPoints="3" sequenceCoverage="100" branchCoverage="100" maxCyclomaticComplexity="4" minCyclomaticComplexity="4" visitedClasses="0" numClasses="0" visitedMethods="1" numMethods="1" />
              <MetadataToken>100663538</MetadataToken>
              <Name>System.Void Monopoly.Cards.PayPlayersCard::UseCard(Monopoly.Player)</Name>
              <FileRef uid="24" />
              <SequencePoints>
                <SequencePoint vc="1" uspid="1334" ordinal="0" offset="0" sl="23" sc="5" el="23" ec="6" bec="0" bev="0" fileid="24" />
                <SequencePoint vc="1" uspid="1335" ordinal="1" offset="1" sl="24" sc="7" el="24" ec="14" bec="0" bev="0" fileid="24" />
                <SequencePoint vc="1" uspid="1336" ordinal="2" offset="2" sl="24" sc="38" el="24" ec="51" bec="0" bev="0" fileid="24" />
                <SequencePoint vc="3" uspid="1337" ordinal="3" offset="21" sl="24" sc="15" el="24" ec="34" bec="0" bev="0" fileid="24" />
                <SequencePoint vc="3" uspid="1338" ordinal="4" offset="28" sl="25" sc="7" el="25" ec="8" bec="0" bev="0" fileid="24" />
                <SequencePoint vc="3" uspid="1339" ordinal="5" offset="29" sl="26" sc="9" el="26" ec="45" bec="2" bev="2" fileid="24" />
                <SequencePoint vc="2" uspid="1340" ordinal="6" offset="50" sl="27" sc="9" el="27" ec="10" bec="0" bev="0" fileid="24" />
                <SequencePoint vc="2" uspid="1341" ordinal="7" offset="51" sl="28" sc="11" el="28" ec="41" bec="0" bev="0" fileid="24" />
                <SequencePoint vc="2" uspid="1342" ordinal="8" offset="64" sl="29" sc="9" el="29" ec="10" bec="0" bev="0" fileid="24" />
                <SequencePoint vc="3" uspid="1343" ordinal="9" offset="65" sl="30" sc="7" el="30" ec="8" bec="0" bev="0" fileid="24" />
                <SequencePoint vc="4" uspid="1344" ordinal="10" offset="66" sl="24" sc="35" el="24" ec="37" bec="0" bev="0" fileid="24" />
                <SequencePoint vc="1" uspid="1345" ordinal="11" offset="87" sl="31" sc="7" el="31" ec="61" bec="0" bev="0" fileid="24" />
                <SequencePoint vc="1" uspid="1346" ordinal="12" offset="119" sl="32" sc="5" el="32" ec="6" bec="0" bev="0" fileid="24" />
              </SequencePoints>
              <BranchPoints>
                <BranchPoint vc="2" uspid="1347" ordinal="0" offset="48" sl="26" path="0" offsetend="50" fileid="24" />
                <BranchPoint vc="1" uspid="1348" ordinal="1" offset="48" sl="26" path="1" offsetend="65" fileid="24" />
              </BranchPoints>
              <MethodPoint xsi:type="SequencePoint" vc="1" uspid="1334" ordinal="0" offset="0" sl="23" sc="5" el="23" ec="6" bec="0" bev="0" fileid="24" />
            </Method>
          </Methods>
        </Class>
        <Class>
          <Summary numSequencePoints="26" visitedSequencePoints="25" numBranchPoints="7" visitedBranchPoints="5" sequenceCoverage="96.15" branchCoverage="71.43" maxCyclomaticComplexity="5" minCyclomaticComplexity="1" visitedClasses="1" numClasses="1" visitedMethods="2" numMethods="3" />
          <FullName>Monopoly.Cards.StreetRepairCard</FullName>
          <Methods>
            <Method visited="false" cyclomaticComplexity="1" nPathComplexity="0" sequenceCoverage="0" branchCoverage="0" isConstructor="false" isStatic="false" isGetter="true" isSetter="false">
              <Summary numSequencePoints="1" visitedSequencePoints="0" numBranchPoints="1" visitedBranchPoints="0" sequenceCoverage="0" branchCoverage="0" maxCyclomaticComplexity="1" minCyclomaticComplexity="1" visitedClasses="0" numClasses="0" visitedMethods="0" numMethods="1" />
              <MetadataToken>100663539</MetadataToken>
              <Name>System.String Monopoly.Cards.StreetRepairCard::get_Description()</Name>
              <FileRef uid="25" />
              <SequencePoints>
                <SequencePoint vc="0" uspid="1351" ordinal="0" offset="0" sl="11" sc="33" el="11" ec="37" bec="0" bev="0" fileid="25" />
              </SequencePoints>
              <BranchPoints />
              <MethodPoint xsi:type="SequencePoint" vc="0" uspid="1351" ordinal="0" offset="0" sl="11" sc="33" el="11" ec="37" bec="0" bev="0" fileid="25" />
            </Method>
            <Method visited="true" cyclomaticComplexity="1" nPathComplexity="0" sequenceCoverage="100" branchCoverage="100" isConstructor="true" isStatic="false" isGetter="false" isSetter="false">
              <Summary numSequencePoints="7" visitedSequencePoints="7" numBranchPoints="1" visitedBranchPoints="1" sequenceCoverage="100" branchCoverage="100" maxCyclomaticComplexity="1" minCyclomaticComplexity="1" visitedClasses="0" numClasses="0" visitedMethods="1" numMethods="1" />
              <MetadataToken>100663540</MetadataToken>
              <Name>System.Void Monopoly.Cards.StreetRepairCard::.ctor(System.String,System.Int32,System.Int32,Monopoly.Game)</Name>
              <FileRef uid="25" />
              <SequencePoints>
                <SequencePoint vc="91" uspid="1352" ordinal="0" offset="0" sl="16" sc="5" el="16" ec="97" bec="0" bev="0" fileid="25" />
                <SequencePoint vc="91" uspid="1353" ordinal="1" offset="7" sl="17" sc="5" el="17" ec="6" bec="0" bev="0" fileid="25" />
                <SequencePoint vc="91" uspid="1354" ordinal="2" offset="8" sl="18" sc="7" el="18" ec="33" bec="0" bev="0" fileid="25" />
                <SequencePoint vc="91" uspid="1355" ordinal="3" offset="15" sl="19" sc="7" el="19" ec="38" bec="0" bev="0" fileid="25" />
                <SequencePoint vc="91" uspid="1356" ordinal="4" offset="22" sl="20" sc="7" el="20" ec="38" bec="0" bev="0" fileid="25" />
                <SequencePoint vc="91" uspid="1357" ordinal="5" offset="29" sl="21" sc="7" el="21" ec="20" bec="0" bev="0" fileid="25" />
                <SequencePoint vc="91" uspid="1358" ordinal="6" offset="37" sl="22" sc="5" el="22" ec="6" bec="0" bev="0" fileid="25" />
              </SequencePoints>
              <BranchPoints />
              <MethodPoint xsi:type="SequencePoint" vc="91" uspid="1352" ordinal="0" offset="0" sl="16" sc="5" el="16" ec="97" bec="0" bev="0" fileid="25" />
            </Method>
            <Method visited="true" cyclomaticComplexity="5" nPathComplexity="4" sequenceCoverage="100" branchCoverage="80" isConstructor="false" isStatic="false" isGetter="false" isSetter="false">
              <Summary numSequencePoints="18" visitedSequencePoints="18" numBranchPoints="5" visitedBranchPoints="4" sequenceCoverage="100" branchCoverage="80" maxCyclomaticComplexity="5" minCyclomaticComplexity="5" visitedClasses="0" numClasses="0" visitedMethods="1" numMethods="1" />
              <MetadataToken>100663541</MetadataToken>
              <Name>System.Void Monopoly.Cards.StreetRepairCard::UseCard(Monopoly.Player)</Name>
              <FileRef uid="25" />
              <SequencePoints>
                <SequencePoint vc="2" uspid="1359" ordinal="0" offset="0" sl="25" sc="5" el="25" ec="6" bec="0" bev="0" fileid="25" />
                <SequencePoint vc="2" uspid="1360" ordinal="1" offset="1" sl="26" sc="7" el="26" ec="22" bec="0" bev="0" fileid="25" />
                <SequencePoint vc="2" uspid="1361" ordinal="2" offset="3" sl="27" sc="7" el="27" ec="22" bec="0" bev="0" fileid="25" />
                <SequencePoint vc="2" uspid="1362" ordinal="3" offset="5" sl="28" sc="7" el="28" ec="14" bec="0" bev="0" fileid="25" />
                <SequencePoint vc="2" uspid="1363" ordinal="4" offset="6" sl="28" sc="39" el="28" ec="55" bec="0" bev="0" fileid="25" />
                <SequencePoint vc="2" uspid="1364" ordinal="5" offset="20" sl="28" sc="15" el="28" ec="35" bec="0" bev="0" fileid="25" />
                <SequencePoint vc="2" uspid="1365" ordinal="6" offset="27" sl="29" sc="7" el="29" ec="8" bec="0" bev="0" fileid="25" />
                <SequencePoint vc="2" uspid="1366" ordinal="7" offset="28" sl="30" sc="9" el="30" ec="51" bec="2" bev="1" fileid="25" />
                <SequencePoint vc="2" uspid="1367" ordinal="8" offset="55" sl="31" sc="9" el="31" ec="10" bec="0" bev="0" fileid="25" />
                <SequencePoint vc="2" uspid="1368" ordinal="9" offset="56" sl="32" sc="11" el="32" ec="50" bec="0" bev="0" fileid="25" />
                <SequencePoint vc="2" uspid="1369" ordinal="10" offset="69" sl="33" sc="11" el="33" ec="25" bec="2" bev="2" fileid="25" />
                <SequencePoint vc="1" uspid="1370" ordinal="11" offset="80" sl="34" sc="13" el="34" ec="29" bec="0" bev="0" fileid="25" />
                <SequencePoint vc="1" uspid="1371" ordinal="12" offset="87" sl="36" sc="13" el="36" ec="22" bec="0" bev="0" fileid="25" />
                <SequencePoint vc="2" uspid="1372" ordinal="13" offset="91" sl="37" sc="9" el="37" ec="10" bec="0" bev="0" fileid="25" />
                <SequencePoint vc="2" uspid="1373" ordinal="14" offset="92" sl="38" sc="7" el="38" ec="8" bec="0" bev="0" fileid="25" />
                <SequencePoint vc="4" uspid="1374" ordinal="15" offset="93" sl="28" sc="36" el="28" ec="38" bec="0" bev="0" fileid="25" />
                <SequencePoint vc="2" uspid="1375" ordinal="16" offset="114" sl="39" sc="7" el="39" ec="74" bec="0" bev="0" fileid="25" />
                <SequencePoint vc="2" uspid="1376" ordinal="17" offset="138" sl="40" sc="5" el="40" ec="6" bec="0" bev="0" fileid="25" />
              </SequencePoints>
              <BranchPoints>
                <BranchPoint vc="2" uspid="1377" ordinal="0" offset="53" sl="30" path="0" offsetend="55" fileid="25" />
                <BranchPoint vc="0" uspid="1378" ordinal="1" offset="53" sl="30" path="1" offsetend="92" fileid="25" />
                <BranchPoint vc="1" uspid="1379" ordinal="2" offset="78" sl="33" path="0" offsetend="80" fileid="25" />
                <BranchPoint vc="1" uspid="1380" ordinal="3" offset="78" sl="33" path="1" offsetend="87" fileid="25" />
              </BranchPoints>
              <MethodPoint xsi:type="SequencePoint" vc="2" uspid="1359" ordinal="0" offset="0" sl="25" sc="5" el="25" ec="6" bec="0" bev="0" fileid="25" />
            </Method>
          </Methods>
        </Class>
        <Class>
          <Summary numSequencePoints="0" visitedSequencePoints="0" numBranchPoints="0" visitedBranchPoints="0" sequenceCoverage="0" branchCoverage="0" maxCyclomaticComplexity="0" minCyclomaticComplexity="0" visitedClasses="0" numClasses="0" visitedMethods="0" numMethods="0" />
          <FullName>&lt;PrivateImplementationDetails&gt;</FullName>
          <Methods />
        </Class>
      </Classes>
    </Module>
    <Module skippedDueTo="Filter" hash="D8-63-F1-E9-A7-C7-46-41-84-D7-48-3C-8D-DA-28-7F-0C-FB-DD-A8">
      <ModulePath>C:\WINDOWS\Microsoft.Net\assembly\GAC_MSIL\System.Xml\v4.0_4.0.0.0__b77a5c561934e089\System.Xml.dll</ModulePath>
      <ModuleTime>2017-09-29T13:43:06.7092017Z</ModuleTime>
      <ModuleName>System.Xml</ModuleName>
      <Classes />
    </Module>
  </Modules>
</CoverageSession>